This file contains any messages produced by compilers while
running configure, to aid debugging if configure makes a mistake.

It was created by configure, which was
generated by GNU Autoconf 2.64.  Invocation command line was

  $ ./configure --host=arm-hisiv300-linux CFLAGS=-march=armv5te -mcpu=arm926ej-s LDFLAGS=-march=armv5te -mcpu=arm926ej-s --disable-tui LDFLAGS=-L/new/Hi3518E/Hi3518E_SDK_V1.0.3.0/Hi3518E_SDK_V1.0.3.0/osdrv/tools/board/gdb/inst/lib --prefix=/new/Hi3518E/Hi3518E_SDK_V1.0.3.0/Hi3518E_SDK_V1.0.3.0/osdrv/tools/board/gdb/bin

## --------- ##
## Platform. ##
## --------- ##

hostname = ubuntu
uname -m = i686
uname -r = 4.15.0-74-generic
uname -s = Linux
uname -v = #83~16.04.1-Ubuntu SMP Wed Dec 18 04:55:53 UTC 2019

/usr/bin/uname -p = unknown
/bin/uname -X     = unknown

/bin/arch              = unknown
/usr/bin/arch -k       = unknown
/usr/convex/getsysinfo = unknown
/usr/bin/hostinfo      = unknown
/bin/machine           = unknown
/usr/bin/oslevel       = unknown
/bin/universe          = unknown

PATH: /home/lzh/bin
PATH: /home/lzh/.local/bin
PATH: /bin
PATH: /sbin
PATH: /usr/bin
PATH: /usr/sbin
PATH: /usr/local/bin
PATH: /work/openwrt/cc_20170208/openwrt/staging_dir/toolchain-mipsel_24kec+dsp_gcc-4.8-linaro_uClibc-0.9.33.2/bin
PATH: /opt/hisi-linux/x86-arm/arm-hisiv300-linux/target/bin
PATH: /opt/buildroot-gcc342/bin
PATH: /home/lzh/esp/xtensa-esp32-elf/bin
PATH: /old/esp/esp-idf/tools
PATH: /opt/hisi-linux/x86-arm/arm-hisiv300-linux/target/bin
PATH: /usr/local/sbin
PATH: /usr/local/bin
PATH: /usr/sbin
PATH: /usr/bin
PATH: /sbin
PATH: /bin
PATH: /usr/games
PATH: /usr/local/games
PATH: /snap/bin


## ----------- ##
## Core tests. ##
## ----------- ##

configure:2317: checking build system type
configure:2331: result: i686-pc-linux-gnu
configure:2378: checking host system type
configure:2391: result: arm-hisiv300-linux-gnu
configure:2411: checking target system type
configure:2424: result: arm-hisiv300-linux-gnu
configure:2478: checking for a BSD-compatible install
configure:2546: result: /usr/bin/install -c
configure:2557: checking whether ln works
configure:2579: result: yes
configure:2583: checking whether ln -s works
configure:2587: result: yes
configure:2594: checking for a sed that does not truncate output
configure:2658: result: /bin/sed
configure:2667: checking for gawk
configure:2683: found /usr/bin/gawk
configure:2694: result: gawk
configure:3896: checking for arm-hisiv300-linux-gcc
configure:3912: found /opt/hisi-linux/x86-arm/arm-hisiv300-linux/target/bin/arm-hisiv300-linux-gcc
configure:3923: result: arm-hisiv300-linux-gcc
configure:4192: checking for C compiler version
configure:4201: arm-hisiv300-linux-gcc --version >&5
arm-hisiv300-linux-gcc (Hisilicon_v300) 4.8.3 20131202 (prerelease)
Copyright (C) 2013 Free Software Foundation, Inc.
This is free software; see the source for copying conditions.  There is NO
warranty; not even for MERCHANTABILITY or FITNESS FOR A PARTICULAR PURPOSE.

configure:4212: $? = 0
configure:4201: arm-hisiv300-linux-gcc -v >&5
Using built-in specs.
COLLECT_GCC=arm-hisiv300-linux-gcc
COLLECT_LTO_WRAPPER=/opt/hisi-linux/x86-arm/arm-hisiv300-linux/bin/../libexec/gcc/arm-hisiv300-linux-uclibcgnueabi/4.8.3/lto-wrapper
Target: arm-hisiv300-linux-uclibcgnueabi
Configured with: '../gcc~linaro-4.8-2013.12/configure' --host=i386-redhat-linux --build=i386-redhat-linux --target=arm-hisiv300-linux-uclibcgnueabi --prefix=/home/sying/wucaiyuan_toolchain/v300/uclibc_gcc4.8_linaro_toolchain_optimized/install/arm-hisiv300-linux --enable-threads --disable-libmudflap --disable-libssp --disable-libstdcxx-pch --with-arch=armv5te --with-gnu-as --with-gnu-ld --enable-languages=c,c++ --enable-shared --enable-lto --enable-symvers=gnu --enable-__cxa_atexit --enable-nls --enable-clocale=gnu --enable-extra-hisi-multilibs --with-sysroot=/home/sying/wucaiyuan_toolchain/v300/uclibc_gcc4.8_linaro_toolchain_optimized/install/arm-hisiv300-linux/target --with-build-sysroot=/home/sying/wucaiyuan_toolchain/v300/uclibc_gcc4.8_linaro_toolchain_optimized/install/arm-hisiv300-linux/target --with-gmp=/home/sying/wucaiyuan_toolchain/v300/uclibc_gcc4.8_linaro_toolchain_optimized/install/host_lib --with-mpfr=/home/sying/wucaiyuan_toolchain/v300/uclibc_gcc4.8_linaro_toolchain_optimized/install/host_lib --with-mpc=/home/sying/wucaiyuan_toolchain/v300/uclibc_gcc4.8_linaro_toolchain_optimized/install/host_lib --with-ppl=/home/sying/wucaiyuan_toolchain/v300/uclibc_gcc4.8_linaro_toolchain_optimized/install/host_lib --with-cloog=/home/sying/wucaiyuan_toolchain/v300/uclibc_gcc4.8_linaro_toolchain_optimized/install/host_lib --with-libelf=/home/sying/wucaiyuan_toolchain/v300/uclibc_gcc4.8_linaro_toolchain_optimized/install/host_lib --enable-libgomp --disable-libitm --enable-poison-system-directories --with-libelf=/home/sying/wucaiyuan_toolchain/v300/uclibc_gcc4.8_linaro_toolchain_optimized/install/host_lib --with-pkgversion=Hisilicon_v300 --with-bugurl=http://www.hisilicon.com/cn/service/claim.html
Thread model: posix
gcc version 4.8.3 20131202 (prerelease) (Hisilicon_v300) 
configure:4212: $? = 0
configure:4201: arm-hisiv300-linux-gcc -V >&5
arm-hisiv300-linux-gcc: error: unrecognized command line option '-V'
arm-hisiv300-linux-gcc: fatal error: no input files
compilation terminated.
configure:4212: $? = 1
configure:4201: arm-hisiv300-linux-gcc -qversion >&5
arm-hisiv300-linux-gcc: error: unrecognized command line option '-qversion'
arm-hisiv300-linux-gcc: fatal error: no input files
compilation terminated.
configure:4212: $? = 1
configure:4232: checking for C compiler default output file name
configure:4254: arm-hisiv300-linux-gcc -march=armv5te -mcpu=arm926ej-s  -L/new/Hi3518E/Hi3518E_SDK_V1.0.3.0/Hi3518E_SDK_V1.0.3.0/osdrv/tools/board/gdb/inst/lib conftest.c  >&5
configure:4258: $? = 0
configure:4295: result: a.out
configure:4311: checking whether the C compiler works
configure:4320: ./a.out
./configure: line 4322: ./a.out: cannot execute binary file: Exec format error
configure:4324: $? = 126
configure:4339: result: yes
configure:4346: checking whether we are cross compiling
configure:4348: result: yes
configure:4351: checking for suffix of executables
configure:4358: arm-hisiv300-linux-gcc -o conftest -march=armv5te -mcpu=arm926ej-s  -L/new/Hi3518E/Hi3518E_SDK_V1.0.3.0/Hi3518E_SDK_V1.0.3.0/osdrv/tools/board/gdb/inst/lib conftest.c  >&5
configure:4362: $? = 0
configure:4384: result: 
configure:4390: checking for suffix of object files
configure:4412: arm-hisiv300-linux-gcc -c -march=armv5te -mcpu=arm926ej-s  conftest.c >&5
configure:4416: $? = 0
configure:4437: result: o
configure:4441: checking whether we are using the GNU C compiler
configure:4460: arm-hisiv300-linux-gcc -c -march=armv5te -mcpu=arm926ej-s  conftest.c >&5
configure:4460: $? = 0
configure:4469: result: yes
configure:4478: checking whether arm-hisiv300-linux-gcc accepts -g
configure:4498: arm-hisiv300-linux-gcc -c -g  conftest.c >&5
configure:4498: $? = 0
configure:4539: result: yes
configure:4556: checking for arm-hisiv300-linux-gcc option to accept ISO C89
configure:4620: arm-hisiv300-linux-gcc  -c -march=armv5te -mcpu=arm926ej-s  conftest.c >&5
configure:4620: $? = 0
configure:4633: result: none needed
configure:4667: checking for arm-hisiv300-linux-g++
configure:4683: found /opt/hisi-linux/x86-arm/arm-hisiv300-linux/target/bin/arm-hisiv300-linux-g++
configure:4694: result: arm-hisiv300-linux-g++
configure:4765: checking for C++ compiler version
configure:4774: arm-hisiv300-linux-g++ --version >&5
arm-hisiv300-linux-g++ (Hisilicon_v300) 4.8.3 20131202 (prerelease)
Copyright (C) 2013 Free Software Foundation, Inc.
This is free software; see the source for copying conditions.  There is NO
warranty; not even for MERCHANTABILITY or FITNESS FOR A PARTICULAR PURPOSE.

configure:4785: $? = 0
configure:4774: arm-hisiv300-linux-g++ -v >&5
Using built-in specs.
COLLECT_GCC=arm-hisiv300-linux-g++
COLLECT_LTO_WRAPPER=/opt/hisi-linux/x86-arm/arm-hisiv300-linux/bin/../libexec/gcc/arm-hisiv300-linux-uclibcgnueabi/4.8.3/lto-wrapper
Target: arm-hisiv300-linux-uclibcgnueabi
Configured with: '../gcc~linaro-4.8-2013.12/configure' --host=i386-redhat-linux --build=i386-redhat-linux --target=arm-hisiv300-linux-uclibcgnueabi --prefix=/home/sying/wucaiyuan_toolchain/v300/uclibc_gcc4.8_linaro_toolchain_optimized/install/arm-hisiv300-linux --enable-threads --disable-libmudflap --disable-libssp --disable-libstdcxx-pch --with-arch=armv5te --with-gnu-as --with-gnu-ld --enable-languages=c,c++ --enable-shared --enable-lto --enable-symvers=gnu --enable-__cxa_atexit --enable-nls --enable-clocale=gnu --enable-extra-hisi-multilibs --with-sysroot=/home/sying/wucaiyuan_toolchain/v300/uclibc_gcc4.8_linaro_toolchain_optimized/install/arm-hisiv300-linux/target --with-build-sysroot=/home/sying/wucaiyuan_toolchain/v300/uclibc_gcc4.8_linaro_toolchain_optimized/install/arm-hisiv300-linux/target --with-gmp=/home/sying/wucaiyuan_toolchain/v300/uclibc_gcc4.8_linaro_toolchain_optimized/install/host_lib --with-mpfr=/home/sying/wucaiyuan_toolchain/v300/uclibc_gcc4.8_linaro_toolchain_optimized/install/host_lib --with-mpc=/home/sying/wucaiyuan_toolchain/v300/uclibc_gcc4.8_linaro_toolchain_optimized/install/host_lib --with-ppl=/home/sying/wucaiyuan_toolchain/v300/uclibc_gcc4.8_linaro_toolchain_optimized/install/host_lib --with-cloog=/home/sying/wucaiyuan_toolchain/v300/uclibc_gcc4.8_linaro_toolchain_optimized/install/host_lib --with-libelf=/home/sying/wucaiyuan_toolchain/v300/uclibc_gcc4.8_linaro_toolchain_optimized/install/host_lib --enable-libgomp --disable-libitm --enable-poison-system-directories --with-libelf=/home/sying/wucaiyuan_toolchain/v300/uclibc_gcc4.8_linaro_toolchain_optimized/install/host_lib --with-pkgversion=Hisilicon_v300 --with-bugurl=http://www.hisilicon.com/cn/service/claim.html
Thread model: posix
gcc version 4.8.3 20131202 (prerelease) (Hisilicon_v300) 
configure:4785: $? = 0
configure:4774: arm-hisiv300-linux-g++ -V >&5
arm-hisiv300-linux-g++: error: unrecognized command line option '-V'
arm-hisiv300-linux-g++: fatal error: no input files
compilation terminated.
configure:4785: $? = 1
configure:4774: arm-hisiv300-linux-g++ -qversion >&5
arm-hisiv300-linux-g++: error: unrecognized command line option '-qversion'
arm-hisiv300-linux-g++: fatal error: no input files
compilation terminated.
configure:4785: $? = 1
configure:4789: checking whether we are using the GNU C++ compiler
configure:4808: arm-hisiv300-linux-g++ -c   conftest.cpp >&5
configure:4808: $? = 0
configure:4817: result: yes
configure:4826: checking whether arm-hisiv300-linux-g++ accepts -g
configure:4846: arm-hisiv300-linux-g++ -c -g  conftest.cpp >&5
configure:4846: $? = 0
configure:4887: result: yes
configure:4936: checking whether g++ accepts -static-libstdc++ -static-libgcc
configure:4953: arm-hisiv300-linux-g++ -o conftest -g -O2  -L/new/Hi3518E/Hi3518E_SDK_V1.0.3.0/Hi3518E_SDK_V1.0.3.0/osdrv/tools/board/gdb/inst/lib -static-libstdc++ -static-libgcc conftest.cpp  >&5
configure:4953: $? = 0
configure:4954: result: yes
configure:4978: checking for arm-hisiv300-linux-gnatbind
configure:5008: result: no
configure:5018: checking for gnatbind
configure:5048: result: no
configure:5070: checking for arm-hisiv300-linux-gnatmake
configure:5100: result: no
configure:5110: checking for gnatmake
configure:5140: result: no
configure:5159: checking whether compiler driver understands Ada
configure:5182: result: no
configure:5191: checking how to compare bootstrapped objects
configure:5216: result: cmp --ignore-initial=16 $$f1 $$f2
configure:5270: checking for objdir
configure:5285: result: .libs
configure:5857: checking for version 0.10 of ISL
configure:5885: result: yes
configure:6039: checking for version 0.17.0 of CLooG
configure:6056: arm-hisiv300-linux-gcc -c -march=armv5te -mcpu=arm926ej-s -DCLOOG_INT_GMP     conftest.c >&5
conftest.c:10:27: fatal error: cloog/version.h: No such file or directory
 #include "cloog/version.h"
                           ^
compilation terminated.
configure:6056: $? = 1
configure: failed program was:
| /* confdefs.h */
| #define PACKAGE_NAME ""
| #define PACKAGE_TARNAME ""
| #define PACKAGE_VERSION ""
| #define PACKAGE_STRING ""
| #define PACKAGE_BUGREPORT ""
| #define PACKAGE_URL ""
| #define LT_OBJDIR ".libs/"
| /* end confdefs.h.  */
| #include "cloog/version.h"
| int
| main ()
| {
| #if CLOOG_VERSION_MAJOR != 0     || CLOOG_VERSION_MINOR != 17     || CLOOG_VERSION_REVISION < 0
|     choke me
|    #endif
|   ;
|   return 0;
| }
configure:6062: result: no
configure:6081: checking for version 0.18.0 of CLooG
configure:6098: arm-hisiv300-linux-gcc -c -march=armv5te -mcpu=arm926ej-s -DCLOOG_INT_GMP     conftest.c >&5
conftest.c:10:27: fatal error: cloog/version.h: No such file or directory
 #include "cloog/version.h"
                           ^
compilation terminated.
configure:6098: $? = 1
configure: failed program was:
| /* confdefs.h */
| #define PACKAGE_NAME ""
| #define PACKAGE_TARNAME ""
| #define PACKAGE_VERSION ""
| #define PACKAGE_STRING ""
| #define PACKAGE_BUGREPORT ""
| #define PACKAGE_URL ""
| #define LT_OBJDIR ".libs/"
| /* end confdefs.h.  */
| #include "cloog/version.h"
| int
| main ()
| {
| #if CLOOG_VERSION_MAJOR != 0     || CLOOG_VERSION_MINOR != 18     || CLOOG_VERSION_REVISION < 0
|     choke me
|    #endif
|   ;
|   return 0;
| }
configure:6104: result: no
configure:7090: checking for default BUILD_CONFIG
configure:7122: result: 
configure:7611: checking for bison
configure:7627: found /usr/bin/bison
configure:7638: result: bison -y
configure:7658: checking for bison
configure:7674: found /usr/bin/bison
configure:7685: result: bison
configure:7705: checking for gm4
configure:7735: result: no
configure:7705: checking for gnum4
configure:7735: result: no
configure:7705: checking for m4
configure:7721: found /usr/bin/m4
configure:7732: result: m4
configure:7752: checking for flex
configure:7768: found /usr/bin/flex
configure:7779: result: flex
configure:7800: checking for flex
configure:7816: found /usr/bin/flex
configure:7827: result: flex
configure:7847: checking for makeinfo
configure:7877: result: no
configure:7908: checking for expect
configure:7938: result: no
configure:7957: checking for runtest
configure:7987: result: no
configure:8063: checking for arm-hisiv300-linux-ar
configure:8079: found /opt/hisi-linux/x86-arm/arm-hisiv300-linux/target/bin/arm-hisiv300-linux-ar
configure:8090: result: arm-hisiv300-linux-ar
configure:8204: checking for arm-hisiv300-linux-as
configure:8220: found /opt/hisi-linux/x86-arm/arm-hisiv300-linux/target/bin/arm-hisiv300-linux-as
configure:8231: result: arm-hisiv300-linux-as
configure:8345: checking for arm-hisiv300-linux-dlltool
configure:8375: result: no
configure:8444: checking for ld
configure:8471: result: /opt/hisi-linux/x86-arm/arm-hisiv300-linux/bin/../lib/gcc/arm-hisiv300-linux-uclibcgnueabi/4.8.3/../../../../arm-hisiv300-linux-uclibcgnueabi/bin/ld
configure:8486: checking for arm-hisiv300-linux-ld
configure:8513: result: /opt/hisi-linux/x86-arm/arm-hisiv300-linux/bin/../lib/gcc/arm-hisiv300-linux-uclibcgnueabi/4.8.3/../../../../arm-hisiv300-linux-uclibcgnueabi/bin/ld
configure:8627: checking for arm-hisiv300-linux-lipo
configure:8657: result: no
configure:8768: checking for arm-hisiv300-linux-nm
configure:8784: found /opt/hisi-linux/x86-arm/arm-hisiv300-linux/target/bin/arm-hisiv300-linux-nm
configure:8795: result: arm-hisiv300-linux-nm
configure:8909: checking for arm-hisiv300-linux-ranlib
configure:8925: found /opt/hisi-linux/x86-arm/arm-hisiv300-linux/target/bin/arm-hisiv300-linux-ranlib
configure:8936: result: arm-hisiv300-linux-ranlib
configure:9045: checking for arm-hisiv300-linux-strip
configure:9061: found /opt/hisi-linux/x86-arm/arm-hisiv300-linux/target/bin/arm-hisiv300-linux-strip
configure:9072: result: arm-hisiv300-linux-strip
configure:9181: checking for arm-hisiv300-linux-windres
configure:9211: result: no
configure:9322: checking for arm-hisiv300-linux-windmc
configure:9352: result: no
configure:9463: checking for arm-hisiv300-linux-objcopy
configure:9479: found /opt/hisi-linux/x86-arm/arm-hisiv300-linux/target/bin/arm-hisiv300-linux-objcopy
configure:9490: result: arm-hisiv300-linux-objcopy
configure:9604: checking for arm-hisiv300-linux-objdump
configure:9620: found /opt/hisi-linux/x86-arm/arm-hisiv300-linux/target/bin/arm-hisiv300-linux-objdump
configure:9631: result: arm-hisiv300-linux-objdump
configure:9745: checking for arm-hisiv300-linux-readelf
configure:9761: found /opt/hisi-linux/x86-arm/arm-hisiv300-linux/target/bin/arm-hisiv300-linux-readelf
configure:9772: result: arm-hisiv300-linux-readelf
configure:13593: checking where to find the target ar
configure:13603: result: pre-installed
configure:13635: checking where to find the target as
configure:13645: result: pre-installed
configure:13677: checking where to find the target cc
configure:13687: result: pre-installed
configure:13719: checking where to find the target c++
configure:13729: result: pre-installed
configure:13764: checking where to find the target c++ for libstdc++
configure:13774: result: pre-installed
configure:13809: checking where to find the target dlltool
configure:13819: result: pre-installed
configure:13851: checking where to find the target gcc
configure:13861: result: pre-installed
configure:13893: checking where to find the target gcj
configure:13903: result: pre-installed
configure:13938: checking where to find the target gfortran
configure:13948: result: pre-installed
configure:13983: checking where to find the target gccgo
configure:13993: result: pre-installed
configure:14028: checking where to find the target ld
configure:14038: result: pre-installed
configure:14070: checking where to find the target lipo
configure:14080: result: pre-installed
configure:14101: checking where to find the target nm
configure:14111: result: pre-installed
configure:14143: checking where to find the target objdump
configure:14153: result: pre-installed
configure:14185: checking where to find the target ranlib
configure:14195: result: pre-installed
configure:14227: checking where to find the target readelf
configure:14237: result: pre-installed
configure:14269: checking where to find the target strip
configure:14279: result: pre-installed
configure:14311: checking where to find the target windres
configure:14321: result: pre-installed
configure:14353: checking where to find the target windmc
configure:14363: result: pre-installed
configure:14423: checking whether to enable maintainer-specific portions of Makefiles
configure:14432: result: no
configure:14643: creating ./config.status

## ---------------------- ##
## Running config.status. ##
## ---------------------- ##

This file was extended by config.status, which was
generated by GNU Autoconf 2.64.  Invocation command line was

  CONFIG_FILES    = 
  CONFIG_HEADERS  = 
  CONFIG_LINKS    = 
  CONFIG_COMMANDS = 
  $ ./config.status 

on ubuntu

config.status:939: creating Makefile

## ---------------- ##
## Cache variables. ##
## ---------------- ##

ac_cv_build=i686-pc-linux-gnu
ac_cv_c_compiler_gnu=yes
ac_cv_cxx_compiler_gnu=yes
ac_cv_env_AR_FOR_TARGET_set=
ac_cv_env_AR_FOR_TARGET_value=
ac_cv_env_AR_set=
ac_cv_env_AR_value=
ac_cv_env_AS_FOR_TARGET_set=
ac_cv_env_AS_FOR_TARGET_value=
ac_cv_env_AS_set=
ac_cv_env_AS_value=
ac_cv_env_CCC_set=
ac_cv_env_CCC_value=
ac_cv_env_CC_FOR_TARGET_set=
ac_cv_env_CC_FOR_TARGET_value=
ac_cv_env_CC_set=
ac_cv_env_CC_value=
ac_cv_env_CFLAGS_set=set
ac_cv_env_CFLAGS_value='-march=armv5te -mcpu=arm926ej-s'
ac_cv_env_CPPFLAGS_set=
ac_cv_env_CPPFLAGS_value=
ac_cv_env_CXXFLAGS_set=
ac_cv_env_CXXFLAGS_value=
ac_cv_env_CXX_FOR_TARGET_set=
ac_cv_env_CXX_FOR_TARGET_value=
ac_cv_env_CXX_set=
ac_cv_env_CXX_value=
ac_cv_env_DLLTOOL_FOR_TARGET_set=
ac_cv_env_DLLTOOL_FOR_TARGET_value=
ac_cv_env_DLLTOOL_set=
ac_cv_env_DLLTOOL_value=
ac_cv_env_GCC_FOR_TARGET_set=
ac_cv_env_GCC_FOR_TARGET_value=
ac_cv_env_GCJ_FOR_TARGET_set=
ac_cv_env_GCJ_FOR_TARGET_value=
ac_cv_env_GFORTRAN_FOR_TARGET_set=
ac_cv_env_GFORTRAN_FOR_TARGET_value=
ac_cv_env_GOC_FOR_TARGET_set=
ac_cv_env_GOC_FOR_TARGET_value=
ac_cv_env_LDFLAGS_set=set
ac_cv_env_LDFLAGS_value=-L/new/Hi3518E/Hi3518E_SDK_V1.0.3.0/Hi3518E_SDK_V1.0.3.0/osdrv/tools/board/gdb/inst/lib
ac_cv_env_LD_FOR_TARGET_set=
ac_cv_env_LD_FOR_TARGET_value=
ac_cv_env_LD_set=
ac_cv_env_LD_value=
ac_cv_env_LIBS_set=
ac_cv_env_LIBS_value=
ac_cv_env_LIPO_FOR_TARGET_set=
ac_cv_env_LIPO_FOR_TARGET_value=
ac_cv_env_LIPO_set=
ac_cv_env_LIPO_value=
ac_cv_env_NM_FOR_TARGET_set=
ac_cv_env_NM_FOR_TARGET_value=
ac_cv_env_NM_set=
ac_cv_env_NM_value=
ac_cv_env_OBJCOPY_set=
ac_cv_env_OBJCOPY_value=
ac_cv_env_OBJDUMP_FOR_TARGET_set=
ac_cv_env_OBJDUMP_FOR_TARGET_value=
ac_cv_env_OBJDUMP_set=
ac_cv_env_OBJDUMP_value=
ac_cv_env_RANLIB_FOR_TARGET_set=
ac_cv_env_RANLIB_FOR_TARGET_value=
ac_cv_env_RANLIB_set=
ac_cv_env_RANLIB_value=
ac_cv_env_READELF_FOR_TARGET_set=
ac_cv_env_READELF_FOR_TARGET_value=
ac_cv_env_READELF_set=
ac_cv_env_READELF_value=
ac_cv_env_STRIP_FOR_TARGET_set=
ac_cv_env_STRIP_FOR_TARGET_value=
ac_cv_env_STRIP_set=
ac_cv_env_STRIP_value=
ac_cv_env_WINDMC_FOR_TARGET_set=
ac_cv_env_WINDMC_FOR_TARGET_value=
ac_cv_env_WINDMC_set=
ac_cv_env_WINDMC_value=
ac_cv_env_WINDRES_FOR_TARGET_set=
ac_cv_env_WINDRES_FOR_TARGET_value=
ac_cv_env_WINDRES_set=
ac_cv_env_WINDRES_value=
ac_cv_env_build_alias_set=
ac_cv_env_build_alias_value=
ac_cv_env_build_configargs_set=
ac_cv_env_build_configargs_value=
ac_cv_env_host_alias_set=set
ac_cv_env_host_alias_value=arm-hisiv300-linux
ac_cv_env_host_configargs_set=
ac_cv_env_host_configargs_value=
ac_cv_env_target_alias_set=
ac_cv_env_target_alias_value=
ac_cv_env_target_configargs_set=
ac_cv_env_target_configargs_value=
ac_cv_host=arm-hisiv300-linux-gnu
ac_cv_objext=o
ac_cv_path_SED=/bin/sed
ac_cv_path_install='/usr/bin/install -c'
ac_cv_prog_AR=arm-hisiv300-linux-ar
ac_cv_prog_AS=arm-hisiv300-linux-as
ac_cv_prog_AWK=gawk
ac_cv_prog_BISON=bison
ac_cv_prog_CC=arm-hisiv300-linux-gcc
ac_cv_prog_CXX=arm-hisiv300-linux-g++
ac_cv_prog_FLEX=flex
ac_cv_prog_LD=/opt/hisi-linux/x86-arm/arm-hisiv300-linux/bin/../lib/gcc/arm-hisiv300-linux-uclibcgnueabi/4.8.3/../../../../arm-hisiv300-linux-uclibcgnueabi/bin/ld
ac_cv_prog_LEX=flex
ac_cv_prog_M4=m4
ac_cv_prog_NM=arm-hisiv300-linux-nm
ac_cv_prog_OBJCOPY=arm-hisiv300-linux-objcopy
ac_cv_prog_OBJDUMP=arm-hisiv300-linux-objdump
ac_cv_prog_RANLIB=arm-hisiv300-linux-ranlib
ac_cv_prog_READELF=arm-hisiv300-linux-readelf
ac_cv_prog_STRIP=arm-hisiv300-linux-strip
ac_cv_prog_YACC='bison -y'
ac_cv_prog_cc_c89=
ac_cv_prog_cc_g=yes
ac_cv_prog_cxx_g=yes
ac_cv_target=arm-hisiv300-linux-gnu
acx_cv_cc_gcc_supports_ada=no
acx_cv_prog_LN=ln
gcc_cv_cloog=no
gcc_cv_isl=yes
gcc_cv_prog_cmp_skip='cmp --ignore-initial=16 $$f1 $$f2'
gcc_cv_tool_dirs=
gcc_cv_tool_prefix=/new/Hi3518E/Hi3518E_SDK_V1.0.3.0/Hi3518E_SDK_V1.0.3.0/osdrv/tools/board/gdb/bin
lt_cv_objdir=.libs

## ----------------- ##
## Output variables. ##
## ----------------- ##

AR='arm-hisiv300-linux-ar'
AR_FOR_BUILD='ar'
AR_FOR_TARGET='ar'
AS='arm-hisiv300-linux-as'
AS_FOR_BUILD='as'
AS_FOR_TARGET='as'
AWK='gawk'
BISON='bison'
BUILD_CONFIG=''
CC='arm-hisiv300-linux-gcc'
CC_FOR_BUILD='gcc'
CC_FOR_TARGET='cc'
CFLAGS='-march=armv5te -mcpu=arm926ej-s'
CFLAGS_FOR_BUILD=''
CFLAGS_FOR_TARGET='-g -O2 -march=armv5te -mcpu=arm926ej-s'
COMPILER_AS_FOR_TARGET='$(AS_FOR_TARGET)'
COMPILER_LD_FOR_TARGET='$(LD_FOR_TARGET)'
COMPILER_NM_FOR_TARGET='$(NM_FOR_TARGET)'
CONFIGURE_GDB_TK=''
CPPFLAGS=''
CXX='arm-hisiv300-linux-g++'
CXXFLAGS='-g -O2'
CXXFLAGS_FOR_BUILD=''
CXXFLAGS_FOR_TARGET='-g -O2'
CXX_FOR_BUILD='g++'
CXX_FOR_TARGET='c++'
DEBUG_PREFIX_CFLAGS_FOR_TARGET=''
DEFS='-DPACKAGE_NAME=\"\" -DPACKAGE_TARNAME=\"\" -DPACKAGE_VERSION=\"\" -DPACKAGE_STRING=\"\" -DPACKAGE_BUGREPORT=\"\" -DPACKAGE_URL=\"\" -DLT_OBJDIR=\".libs/\"'
DLLTOOL='arm-hisiv300-linux-dlltool'
DLLTOOL_FOR_BUILD='dlltool'
DLLTOOL_FOR_TARGET='dlltool'
ECHO_C=''
ECHO_N='-n'
ECHO_T=''
EXEEXT=''
EXPECT='expect'
EXTRA_CONFIGARGS_LIBJAVA='--disable-static'
FLAGS_FOR_TARGET=''
FLEX='flex'
GCC_FOR_TARGET='cc'
GCC_SHLIB_SUBDIR=''
GCJ_FOR_BUILD='gcj'
GCJ_FOR_TARGET='gcj'
GDB_TK=''
GFORTRAN_FOR_BUILD='gfortran'
GFORTRAN_FOR_TARGET='gfortran'
GNATBIND='no'
GNATMAKE='no'
GOC_FOR_BUILD='gccgo'
GOC_FOR_TARGET='gccgo'
INSTALL_DATA='${INSTALL} -m 644'
INSTALL_GDB_TK=''
INSTALL_PROGRAM='${INSTALL}'
INSTALL_SCRIPT='${INSTALL}'
LD='/opt/hisi-linux/x86-arm/arm-hisiv300-linux/bin/../lib/gcc/arm-hisiv300-linux-uclibcgnueabi/4.8.3/../../../../arm-hisiv300-linux-uclibcgnueabi/bin/ld'
LDFLAGS='-L/new/Hi3518E/Hi3518E_SDK_V1.0.3.0/Hi3518E_SDK_V1.0.3.0/osdrv/tools/board/gdb/inst/lib'
LDFLAGS_FOR_BUILD=''
LDFLAGS_FOR_TARGET=''
LD_FOR_BUILD='ld'
LD_FOR_TARGET='ld'
LEX='flex'
LIBOBJS=''
LIBS=''
LIPO='arm-hisiv300-linux-lipo'
LIPO_FOR_TARGET='lipo'
LN='ln'
LN_S='ln -s'
LTLIBOBJS=''
M4='m4'
MAINT='#'
MAINTAINER_MODE_FALSE=''
MAINTAINER_MODE_TRUE='#'
MAKEINFO='/new/Hi3518E/Hi3518E_SDK_V1.0.3.0/Hi3518E_SDK_V1.0.3.0/osdrv/tools/board/gdb/gdb-7.6/missing makeinfo'
NM='arm-hisiv300-linux-nm'
NM_FOR_BUILD='nm'
NM_FOR_TARGET='nm'
OBJCOPY='arm-hisiv300-linux-objcopy'
OBJDUMP='arm-hisiv300-linux-objdump'
OBJDUMP_FOR_TARGET='objdump'
OBJEXT='o'
PACKAGE_BUGREPORT=''
PACKAGE_NAME=''
PACKAGE_STRING=''
PACKAGE_TARNAME=''
PACKAGE_URL=''
PACKAGE_VERSION=''
PATH_SEPARATOR=':'
RANLIB='arm-hisiv300-linux-ranlib'
RANLIB_FOR_BUILD='ranlib'
RANLIB_FOR_TARGET='ranlib'
RAW_CXX_FOR_TARGET='c++'
READELF='arm-hisiv300-linux-readelf'
READELF_FOR_TARGET='readelf'
RPATH_ENVVAR='LD_LIBRARY_PATH'
RUNTEST='runtest'
SED='/bin/sed'
SHELL='/bin/sh'
STRIP='arm-hisiv300-linux-strip'
STRIP_FOR_TARGET='strip'
SYSROOT_CFLAGS_FOR_TARGET=''
TOPLEVEL_CONFIGURE_ARGUMENTS='./configure --host=arm-hisiv300-linux CFLAGS='\''-march=armv5te -mcpu=arm926ej-s'\'' LDFLAGS='\''-march=armv5te -mcpu=arm926ej-s'\'' --disable-tui LDFLAGS=-L/new/Hi3518E/Hi3518E_SDK_V1.0.3.0/Hi3518E_SDK_V1.0.3.0/osdrv/tools/board/gdb/inst/lib --prefix=/new/Hi3518E/Hi3518E_SDK_V1.0.3.0/Hi3518E_SDK_V1.0.3.0/osdrv/tools/board/gdb/bin'
WINDMC='arm-hisiv300-linux-windmc'
WINDMC_FOR_BUILD='windmc'
WINDMC_FOR_TARGET='windmc'
WINDRES='arm-hisiv300-linux-windres'
WINDRES_FOR_BUILD='windres'
WINDRES_FOR_TARGET='windres'
YACC='bison -y'
ac_ct_CC=''
ac_ct_CXX=''
bindir='${exec_prefix}/bin'
build='i686-pc-linux-gnu'
build_alias=''
build_configargs=' --cache-file=../config.cache '\''--disable-tui'\'' '\''--prefix=/new/Hi3518E/Hi3518E_SDK_V1.0.3.0/Hi3518E_SDK_V1.0.3.0/osdrv/tools/board/gdb/bin'\'' --program-transform-name='\''s,y,y,'\'' --disable-option-checking'
build_configdirs=' libiberty'
build_cpu='i686'
build_libsubdir='build-i686-pc-linux-gnu'
build_noncanonical='i686-pc-linux-gnu'
build_os='linux-gnu'
build_subdir='build-i686-pc-linux-gnu'
build_tooldir='${exec_prefix}/arm-hisiv300-linux'
build_vendor='pc'
clooginc=''
clooglibs=''
compare_exclusions='gcc/cc*-checksum$(objext) | gcc/ada/*tools/*'
configdirs=' intl libiberty opcodes bfd readline libdecnumber sim gdb etc'
datadir='${datarootdir}'
datarootdir='${prefix}/share'
do_compare='cmp --ignore-initial=16 $$f1 $$f2'
docdir='${datarootdir}/doc/${PACKAGE}'
dvidir='${docdir}'
exec_prefix='${prefix}'
extra_host_libiberty_configure_flags=''
extra_isl_gmp_configure_flags=''
extra_mpc_gmp_configure_flags=''
extra_mpc_mpfr_configure_flags=''
extra_mpfr_configure_flags=''
gmpinc=''
gmplibs='-lmpc -lmpfr -lgmp'
host='arm-hisiv300-linux-gnu'
host_alias='arm-hisiv300-linux'
host_configargs=' --cache-file=./config.cache  --with-system-zlib '\''--disable-tui'\'' '\''--prefix=/new/Hi3518E/Hi3518E_SDK_V1.0.3.0/Hi3518E_SDK_V1.0.3.0/osdrv/tools/board/gdb/bin'\'' --program-transform-name='\''s,y,y,'\'' --disable-option-checking'
host_cpu='arm'
host_noncanonical='arm-hisiv300-linux'
host_os='linux-gnu'
host_subdir='.'
host_vendor='hisiv300'
htmldir='${docdir}'
includedir='${prefix}/include'
infodir='${datarootdir}/info'
islinc=''
libdir='${exec_prefix}/lib'
libexecdir='${exec_prefix}/libexec'
localedir='${datarootdir}/locale'
localstatedir='${prefix}/var'
mandir='${datarootdir}/man'
oldincludedir='/usr/include'
pdfdir='${docdir}'
poststage1_ldflags='-static-libstdc++ -static-libgcc'
poststage1_libs=''
prefix='/new/Hi3518E/Hi3518E_SDK_V1.0.3.0/Hi3518E_SDK_V1.0.3.0/osdrv/tools/board/gdb/bin'
program_transform_name='s,y,y,'
psdir='${docdir}'
sbindir='${exec_prefix}/sbin'
sharedstatedir='${prefix}/com'
stage1_cflags='-g'
stage1_checking='--enable-checking=yes,types'
stage1_languages=',c,'
stage1_ldflags='-static-libstdc++ -static-libgcc'
stage1_libs=''
stage2_werror_flag=''
sysconfdir='${prefix}/etc'
target='arm-hisiv300-linux-gnu'
target_alias=''
target_configargs='--cache-file=./config.cache --enable-multilib   '\''--disable-tui'\'' '\''--prefix=/new/Hi3518E/Hi3518E_SDK_V1.0.3.0/Hi3518E_SDK_V1.0.3.0/osdrv/tools/board/gdb/bin'\'' --program-transform-name='\''s,y,y,'\'' --disable-option-checking'
target_configdirs=''
target_cpu='arm'
target_noncanonical='arm-hisiv300-linux'
target_os='linux-gnu'
target_subdir='arm-hisiv300-linux'
target_vendor='hisiv300'
tooldir='${exec_prefix}/arm-hisiv300-linux'

## ------------------- ##
## File substitutions. ##
## ------------------- ##

alphaieee_frag='/dev/null'
host_makefile_frag='/dev/null'
ospace_frag='/dev/null'
serialization_dependencies='serdep.tmp'
target_makefile_frag='./config/mt-gnu'

## ----------- ##
## confdefs.h. ##
## ----------- ##

/* confdefs.h */
#define PACKAGE_NAME ""
#define PACKAGE_TARNAME ""
#define PACKAGE_VERSION ""
#define PACKAGE_STRING ""
#define PACKAGE_BUGREPORT ""
#define PACKAGE_URL ""
#define LT_OBJDIR ".libs/"

configure: exit 0
