This file contains any messages produced by compilers while
running configure, to aid debugging if configure makes a mistake.

It was created by configure, which was
generated by GNU Autoconf 2.64.  Invocation command line was

  $ ./configure --disable-option-checking --prefix=/new/Hi3518E/Hi3518E_SDK_V1.0.3.0/Hi3518E_SDK_V1.0.3.0/osdrv/tools/board/gdb/bin --with-system-zlib --disable-tui --program-transform-name=s,y,y, --build=i686-pc-linux-gnu --host=arm-hisiv300-linux --target=arm-hisiv300-linux build_alias=i686-pc-linux-gnu host_alias=arm-hisiv300-linux target_alias=arm-hisiv300-linux CC=arm-hisiv300-linux-gcc CFLAGS=-march=armv5te -mcpu=arm926ej-s LDFLAGS=-static-libstdc++ -static-libgcc -L/new/Hi3518E/Hi3518E_SDK_V1.0.3.0/Hi3518E_SDK_V1.0.3.0/osdrv/tools/board/gdb/inst/lib MAKEINFO=/new/Hi3518E/Hi3518E_SDK_V1.0.3.0/Hi3518E_SDK_V1.0.3.0/osdrv/tools/board/gdb/gdb-7.6/missing makeinfo --split-size=5000000 YACC=bison -y --cache-file=.././config.cache --srcdir=.

## --------- ##
## Platform. ##
## --------- ##

hostname = ubuntu
uname -m = i686
uname -r = 4.15.0-74-generic
uname -s = Linux
uname -v = #83~16.04.1-Ubuntu SMP Wed Dec 18 04:55:53 UTC 2019

/usr/bin/uname -p = unknown
/bin/uname -X     = unknown

/bin/arch              = unknown
/usr/bin/arch -k       = unknown
/usr/convex/getsysinfo = unknown
/usr/bin/hostinfo      = unknown
/bin/machine           = unknown
/usr/bin/oslevel       = unknown
/bin/universe          = unknown

PATH: /home/lzh/bin
PATH: /home/lzh/.local/bin
PATH: /bin
PATH: /sbin
PATH: /usr/bin
PATH: /usr/sbin
PATH: /usr/local/bin
PATH: /work/openwrt/cc_20170208/openwrt/staging_dir/toolchain-mipsel_24kec+dsp_gcc-4.8-linaro_uClibc-0.9.33.2/bin
PATH: /opt/hisi-linux/x86-arm/arm-hisiv300-linux/target/bin
PATH: /opt/buildroot-gcc342/bin
PATH: /home/lzh/esp/xtensa-esp32-elf/bin
PATH: /old/esp/esp-idf/tools
PATH: /opt/hisi-linux/x86-arm/arm-hisiv300-linux/target/bin
PATH: /usr/local/sbin
PATH: /usr/local/bin
PATH: /usr/sbin
PATH: /usr/bin
PATH: /sbin
PATH: /bin
PATH: /usr/games
PATH: /usr/local/games
PATH: /snap/bin


## ----------- ##
## Core tests. ##
## ----------- ##

configure:2151: loading cache .././config.cache
configure:2239: checking whether to enable maintainer-specific portions of Makefiles
configure:2248: result: no
configure:2270: checking for arm-hisiv300-linux-gcc
configure:2297: result: arm-hisiv300-linux-gcc
configure:2566: checking for C compiler version
configure:2575: arm-hisiv300-linux-gcc --version >&5
arm-hisiv300-linux-gcc (Hisilicon_v300) 4.8.3 20131202 (prerelease)
Copyright (C) 2013 Free Software Foundation, Inc.
This is free software; see the source for copying conditions.  There is NO
warranty; not even for MERCHANTABILITY or FITNESS FOR A PARTICULAR PURPOSE.

configure:2586: $? = 0
configure:2575: arm-hisiv300-linux-gcc -v >&5
Using built-in specs.
COLLECT_GCC=arm-hisiv300-linux-gcc
COLLECT_LTO_WRAPPER=/opt/hisi-linux/x86-arm/arm-hisiv300-linux/bin/../libexec/gcc/arm-hisiv300-linux-uclibcgnueabi/4.8.3/lto-wrapper
Target: arm-hisiv300-linux-uclibcgnueabi
Configured with: '../gcc~linaro-4.8-2013.12/configure' --host=i386-redhat-linux --build=i386-redhat-linux --target=arm-hisiv300-linux-uclibcgnueabi --prefix=/home/sying/wucaiyuan_toolchain/v300/uclibc_gcc4.8_linaro_toolchain_optimized/install/arm-hisiv300-linux --enable-threads --disable-libmudflap --disable-libssp --disable-libstdcxx-pch --with-arch=armv5te --with-gnu-as --with-gnu-ld --enable-languages=c,c++ --enable-shared --enable-lto --enable-symvers=gnu --enable-__cxa_atexit --enable-nls --enable-clocale=gnu --enable-extra-hisi-multilibs --with-sysroot=/home/sying/wucaiyuan_toolchain/v300/uclibc_gcc4.8_linaro_toolchain_optimized/install/arm-hisiv300-linux/target --with-build-sysroot=/home/sying/wucaiyuan_toolchain/v300/uclibc_gcc4.8_linaro_toolchain_optimized/install/arm-hisiv300-linux/target --with-gmp=/home/sying/wucaiyuan_toolchain/v300/uclibc_gcc4.8_linaro_toolchain_optimized/install/host_lib --with-mpfr=/home/sying/wucaiyuan_toolchain/v300/uclibc_gcc4.8_linaro_toolchain_optimized/install/host_lib --with-mpc=/home/sying/wucaiyuan_toolchain/v300/uclibc_gcc4.8_linaro_toolchain_optimized/install/host_lib --with-ppl=/home/sying/wucaiyuan_toolchain/v300/uclibc_gcc4.8_linaro_toolchain_optimized/install/host_lib --with-cloog=/home/sying/wucaiyuan_toolchain/v300/uclibc_gcc4.8_linaro_toolchain_optimized/install/host_lib --with-libelf=/home/sying/wucaiyuan_toolchain/v300/uclibc_gcc4.8_linaro_toolchain_optimized/install/host_lib --enable-libgomp --disable-libitm --enable-poison-system-directories --with-libelf=/home/sying/wucaiyuan_toolchain/v300/uclibc_gcc4.8_linaro_toolchain_optimized/install/host_lib --with-pkgversion=Hisilicon_v300 --with-bugurl=http://www.hisilicon.com/cn/service/claim.html
Thread model: posix
gcc version 4.8.3 20131202 (prerelease) (Hisilicon_v300) 
configure:2586: $? = 0
configure:2575: arm-hisiv300-linux-gcc -V >&5
arm-hisiv300-linux-gcc: error: unrecognized command line option '-V'
arm-hisiv300-linux-gcc: fatal error: no input files
compilation terminated.
configure:2586: $? = 1
configure:2575: arm-hisiv300-linux-gcc -qversion >&5
arm-hisiv300-linux-gcc: error: unrecognized command line option '-qversion'
arm-hisiv300-linux-gcc: fatal error: no input files
compilation terminated.
configure:2586: $? = 1
configure:2606: checking for C compiler default output file name
configure:2628: arm-hisiv300-linux-gcc -march=armv5te -mcpu=arm926ej-s  -static-libstdc++ -static-libgcc -L/new/Hi3518E/Hi3518E_SDK_V1.0.3.0/Hi3518E_SDK_V1.0.3.0/osdrv/tools/board/gdb/inst/lib conftest.c  >&5
configure:2632: $? = 0
configure:2669: result: a.out
configure:2685: checking whether the C compiler works
configure:2713: result: yes
configure:2720: checking whether we are cross compiling
configure:2722: result: yes
configure:2725: checking for suffix of executables
configure:2732: arm-hisiv300-linux-gcc -o conftest -march=armv5te -mcpu=arm926ej-s  -static-libstdc++ -static-libgcc -L/new/Hi3518E/Hi3518E_SDK_V1.0.3.0/Hi3518E_SDK_V1.0.3.0/osdrv/tools/board/gdb/inst/lib conftest.c  >&5
configure:2736: $? = 0
configure:2758: result: 
configure:2764: checking for suffix of object files
configure:2811: result: o
configure:2815: checking whether we are using the GNU C compiler
configure:2843: result: yes
configure:2852: checking whether arm-hisiv300-linux-gcc accepts -g
configure:2913: result: yes
configure:2930: checking for arm-hisiv300-linux-gcc option to accept ISO C89
configure:3007: result: none needed
configure:3033: checking how to run the C preprocessor
configure:3103: result: arm-hisiv300-linux-gcc -E
configure:3123: arm-hisiv300-linux-gcc -E  conftest.c
configure:3123: $? = 0
configure:3137: arm-hisiv300-linux-gcc -E  conftest.c
conftest.c:9:28: fatal error: ac_nonexistent.h: No such file or directory
 #include <ac_nonexistent.h>
                            ^
compilation terminated.
configure:3137: $? = 1
configure: failed program was:
| /* confdefs.h */
| #define PACKAGE_NAME ""
| #define PACKAGE_TARNAME ""
| #define PACKAGE_VERSION ""
| #define PACKAGE_STRING ""
| #define PACKAGE_BUGREPORT ""
| #define PACKAGE_URL ""
| /* end confdefs.h.  */
| #include <ac_nonexistent.h>
configure:3166: checking for grep that handles long lines and -e
configure:3224: result: /bin/grep
configure:3229: checking for egrep
configure:3291: result: /bin/grep -E
configure:3296: checking for ANSI C header files
configure:3400: result: yes
configure:3413: checking for sys/types.h
configure:3413: result: yes
configure:3413: checking for sys/stat.h
configure:3413: result: yes
configure:3413: checking for stdlib.h
configure:3413: result: yes
configure:3413: checking for string.h
configure:3413: result: yes
configure:3413: checking for memory.h
configure:3413: result: yes
configure:3413: checking for strings.h
configure:3413: result: yes
configure:3413: checking for inttypes.h
configure:3413: result: yes
configure:3413: checking for stdint.h
configure:3413: result: yes
configure:3413: checking for unistd.h
configure:3413: result: yes
configure:3427: checking for minix/config.h
configure:3427: result: no
configure:3448: checking whether it is safe to define __EXTENSIONS__
configure:3473: result: yes
configure:3495: checking for special C compiler options needed for large files
configure:3540: result: no
configure:3546: checking for _FILE_OFFSET_BITS value needed for large files
configure:3603: result: 64
configure:3714: checking build system type
configure:3728: result: i686-pc-linux-gnu
configure:3748: checking host system type
configure:3761: result: arm-hisiv300-linux-gnu
configure:3781: checking target system type
configure:3794: result: arm-hisiv300-linux-gnu
configure:3836: checking for a BSD-compatible install
configure:3904: result: /usr/bin/install -c
configure:3918: checking for arm-hisiv300-linux-ranlib
configure:3945: result: arm-hisiv300-linux-ranlib
configure:4019: checking for ANSI C header files
configure:4123: result: yes
configure:4134: checking for dirent.h that defines DIR
configure:4161: result: yes
configure:4175: checking for library containing opendir
configure:4223: result: none required
configure:4293: checking for working alloca.h
configure:4318: result: yes
configure:4326: checking for alloca
configure:4371: result: yes
configure:4500: checking dependency style of arm-hisiv300-linux-gcc
configure:4585: result: gcc3
configure:4599: checking for make
configure:4626: result: make
configure:4651: checking whether make sets $(MAKE)
configure:4673: result: yes
configure:4753: === configuring in build-gnulib-gdbserver (/new/Hi3518E/Hi3518E_SDK_V1.0.3.0/Hi3518E_SDK_V1.0.3.0/osdrv/tools/board/gdb/gdb-7.6/gdb/gdbserver/build-gnulib-gdbserver)
configure:4775: running /bin/sh .././../gnulib/configure --disable-option-checking '--prefix=/new/Hi3518E/Hi3518E_SDK_V1.0.3.0/Hi3518E_SDK_V1.0.3.0/osdrv/tools/board/gdb/bin'  '--with-system-zlib' '--disable-tui' '--program-transform-name=s,y,y,' '--build=i686-pc-linux-gnu' '--host=arm-hisiv300-linux' '--target=arm-hisiv300-linux' 'build_alias=i686-pc-linux-gnu' 'host_alias=arm-hisiv300-linux' 'target_alias=arm-hisiv300-linux' 'CC=arm-hisiv300-linux-gcc' 'CFLAGS=-march=armv5te -mcpu=arm926ej-s' 'LDFLAGS=-static-libstdc++ -static-libgcc -L/new/Hi3518E/Hi3518E_SDK_V1.0.3.0/Hi3518E_SDK_V1.0.3.0/osdrv/tools/board/gdb/inst/lib' 'MAKEINFO=/new/Hi3518E/Hi3518E_SDK_V1.0.3.0/Hi3518E_SDK_V1.0.3.0/osdrv/tools/board/gdb/gdb-7.6/missing makeinfo --split-size=5000000' 'YACC=bison -y' --cache-file=.././config.cache --srcdir=.././../gnulib
configure:4788: checking for sgtty.h
configure:4788: result: yes
configure:4788: checking for termio.h
configure:4788: result: yes
configure:4788: checking for termios.h
configure:4788: result: yes
configure:4788: checking for sys/reg.h
configure:4788: result: no
configure:4788: checking for string.h
configure:4788: result: yes
configure:4788: checking for proc_service.h
configure:4788: result: no
configure:4788: checking for sys/procfs.h
configure:4788: result: yes
configure:4788: checking for thread_db.h
configure:4788: result: yes
configure:4788: checking linux/elf.h usability
configure:4788: arm-hisiv300-linux-gcc -c -march=armv5te -mcpu=arm926ej-s  conftest.c >&5
configure:4788: $? = 0
configure:4788: result: yes
configure:4788: checking linux/elf.h presence
configure:4788: arm-hisiv300-linux-gcc -E  conftest.c
configure:4788: $? = 0
configure:4788: result: yes
configure:4788: checking for linux/elf.h
configure:4788: result: yes
configure:4788: checking for stdlib.h
configure:4788: result: yes
configure:4788: checking for unistd.h
configure:4788: result: yes
configure:4788: checking errno.h usability
configure:4788: arm-hisiv300-linux-gcc -c -march=armv5te -mcpu=arm926ej-s  conftest.c >&5
configure:4788: $? = 0
configure:4788: result: yes
configure:4788: checking errno.h presence
configure:4788: arm-hisiv300-linux-gcc -E  conftest.c
configure:4788: $? = 0
configure:4788: result: yes
configure:4788: checking for errno.h
configure:4788: result: yes
configure:4788: checking fcntl.h usability
configure:4788: arm-hisiv300-linux-gcc -c -march=armv5te -mcpu=arm926ej-s  conftest.c >&5
configure:4788: $? = 0
configure:4788: result: yes
configure:4788: checking fcntl.h presence
configure:4788: arm-hisiv300-linux-gcc -E  conftest.c
configure:4788: $? = 0
configure:4788: result: yes
configure:4788: checking for fcntl.h
configure:4788: result: yes
configure:4788: checking for signal.h
configure:4788: result: yes
configure:4788: checking for sys/file.h
configure:4788: result: yes
configure:4788: checking malloc.h usability
configure:4788: arm-hisiv300-linux-gcc -c -march=armv5te -mcpu=arm926ej-s  conftest.c >&5
configure:4788: $? = 0
configure:4788: result: yes
configure:4788: checking malloc.h presence
configure:4788: arm-hisiv300-linux-gcc -E  conftest.c
configure:4788: $? = 0
configure:4788: result: yes
configure:4788: checking for malloc.h
configure:4788: result: yes
configure:4788: checking for sys/ioctl.h
configure:4788: result: yes
configure:4788: checking netinet/in.h usability
configure:4788: arm-hisiv300-linux-gcc -c -march=armv5te -mcpu=arm926ej-s  conftest.c >&5
configure:4788: $? = 0
configure:4788: result: yes
configure:4788: checking netinet/in.h presence
configure:4788: arm-hisiv300-linux-gcc -E  conftest.c
configure:4788: $? = 0
configure:4788: result: yes
configure:4788: checking for netinet/in.h
configure:4788: result: yes
configure:4788: checking for sys/socket.h
configure:4788: result: yes
configure:4788: checking netdb.h usability
configure:4788: arm-hisiv300-linux-gcc -c -march=armv5te -mcpu=arm926ej-s  conftest.c >&5
configure:4788: $? = 0
configure:4788: result: yes
configure:4788: checking netdb.h presence
configure:4788: arm-hisiv300-linux-gcc -E  conftest.c
configure:4788: $? = 0
configure:4788: result: yes
configure:4788: checking for netdb.h
configure:4788: result: yes
configure:4788: checking netinet/tcp.h usability
configure:4788: arm-hisiv300-linux-gcc -c -march=armv5te -mcpu=arm926ej-s  conftest.c >&5
configure:4788: $? = 0
configure:4788: result: yes
configure:4788: checking netinet/tcp.h presence
configure:4788: arm-hisiv300-linux-gcc -E  conftest.c
configure:4788: $? = 0
configure:4788: result: yes
configure:4788: checking for netinet/tcp.h
configure:4788: result: yes
configure:4788: checking arpa/inet.h usability
configure:4788: arm-hisiv300-linux-gcc -c -march=armv5te -mcpu=arm926ej-s  conftest.c >&5
configure:4788: $? = 0
configure:4788: result: yes
configure:4788: checking arpa/inet.h presence
configure:4788: arm-hisiv300-linux-gcc -E  conftest.c
configure:4788: $? = 0
configure:4788: result: yes
configure:4788: checking for arpa/inet.h
configure:4788: result: yes
configure:4788: checking for sys/wait.h
configure:4788: result: yes
configure:4788: checking for wait.h
configure:4788: result: yes
configure:4788: checking for sys/un.h
configure:4788: result: yes
configure:4788: checking for linux/perf_event.h
configure:4788: result: yes
configure:4802: checking for pread
configure:4802: result: yes
configure:4802: checking for pwrite
configure:4802: result: yes
configure:4802: checking for pread64
configure:4802: result: yes
configure:4802: checking for readlink
configure:4802: result: yes
configure:4815: checking for vasprintf
configure:4815: arm-hisiv300-linux-gcc -o conftest -march=armv5te -mcpu=arm926ej-s  -static-libstdc++ -static-libgcc -L/new/Hi3518E/Hi3518E_SDK_V1.0.3.0/Hi3518E_SDK_V1.0.3.0/osdrv/tools/board/gdb/inst/lib conftest.c  >&5
configure:4815: $? = 0
configure:4815: result: yes
configure:4815: checking for vsnprintf
configure:4815: arm-hisiv300-linux-gcc -o conftest -march=armv5te -mcpu=arm926ej-s  -static-libstdc++ -static-libgcc -L/new/Hi3518E/Hi3518E_SDK_V1.0.3.0/Hi3518E_SDK_V1.0.3.0/osdrv/tools/board/gdb/inst/lib conftest.c  >&5
conftest.c:81:6: warning: conflicting types for built-in function 'vsnprintf' [enabled by default]
 char vsnprintf ();
      ^
configure:4815: $? = 0
configure:4815: result: yes
configure:4881: checking for ust
configure:4897: arm-hisiv300-linux-gcc -c -march=armv5te -mcpu=arm926ej-s   conftest.c >&5
conftest.c:61:21: fatal error: ust/ust.h: No such file or directory
 #include <ust/ust.h>
                     ^
compilation terminated.
configure:4897: $? = 1
configure: failed program was:
| /* confdefs.h */
| #define PACKAGE_NAME ""
| #define PACKAGE_TARNAME ""
| #define PACKAGE_VERSION ""
| #define PACKAGE_STRING ""
| #define PACKAGE_BUGREPORT ""
| #define PACKAGE_URL ""
| #define STDC_HEADERS 1
| #define HAVE_SYS_TYPES_H 1
| #define HAVE_SYS_STAT_H 1
| #define HAVE_STDLIB_H 1
| #define HAVE_STRING_H 1
| #define HAVE_MEMORY_H 1
| #define HAVE_STRINGS_H 1
| #define HAVE_INTTYPES_H 1
| #define HAVE_STDINT_H 1
| #define HAVE_UNISTD_H 1
| #define __EXTENSIONS__ 1
| #define _ALL_SOURCE 1
| #define _GNU_SOURCE 1
| #define _POSIX_PTHREAD_SEMANTICS 1
| #define _TANDEM_SOURCE 1
| #define _FILE_OFFSET_BITS 64
| #define STDC_HEADERS 1
| #define HAVE_DIRENT_H 1
| #define HAVE_ALLOCA_H 1
| #define HAVE_ALLOCA 1
| #define HAVE_SGTTY_H 1
| #define HAVE_TERMIO_H 1
| #define HAVE_TERMIOS_H 1
| #define HAVE_STRING_H 1
| #define HAVE_SYS_PROCFS_H 1
| #define HAVE_THREAD_DB_H 1
| #define HAVE_LINUX_ELF_H 1
| #define HAVE_STDLIB_H 1
| #define HAVE_UNISTD_H 1
| #define HAVE_ERRNO_H 1
| #define HAVE_FCNTL_H 1
| #define HAVE_SIGNAL_H 1
| #define HAVE_SYS_FILE_H 1
| #define HAVE_MALLOC_H 1
| #define HAVE_SYS_IOCTL_H 1
| #define HAVE_NETINET_IN_H 1
| #define HAVE_SYS_SOCKET_H 1
| #define HAVE_NETDB_H 1
| #define HAVE_NETINET_TCP_H 1
| #define HAVE_ARPA_INET_H 1
| #define HAVE_SYS_WAIT_H 1
| #define HAVE_WAIT_H 1
| #define HAVE_SYS_UN_H 1
| #define HAVE_LINUX_PERF_EVENT_H 1
| #define HAVE_PREAD 1
| #define HAVE_PWRITE 1
| #define HAVE_PREAD64 1
| #define HAVE_READLINK 1
| #define HAVE_VASPRINTF 1
| #define HAVE_VSNPRINTF 1
| /* end confdefs.h.  */
| 
| #define CONFIG_UST_GDB_INTEGRATION
| #include <ust/ust.h>
| 
| int
| main ()
| {
| 
|   ;
|   return 0;
| }
configure:4903: result: no
configure:4940: checking compiler warning flags
configure:4961: arm-hisiv300-linux-gcc -c -march=armv5te -mcpu=arm926ej-s -Wall  conftest.c >&5
configure:4961: $? = 0
configure:4961: arm-hisiv300-linux-gcc -c -march=armv5te -mcpu=arm926ej-s -Wdeclaration-after-statement  conftest.c >&5
configure:4961: $? = 0
configure:4961: arm-hisiv300-linux-gcc -c -march=armv5te -mcpu=arm926ej-s -Wpointer-arith  conftest.c >&5
configure:4961: $? = 0
configure:4961: arm-hisiv300-linux-gcc -c -march=armv5te -mcpu=arm926ej-s -Wformat-nonliteral  conftest.c >&5
cc1: warning: -Wformat-nonliteral ignored without -Wformat [-Wformat-nonliteral]
configure:4961: $? = 0
configure:4961: arm-hisiv300-linux-gcc -c -march=armv5te -mcpu=arm926ej-s -Wno-char-subscripts  conftest.c >&5
configure:4961: $? = 0
configure:4961: arm-hisiv300-linux-gcc -c -march=armv5te -mcpu=arm926ej-s -Wempty-body  conftest.c >&5
configure:4961: $? = 0
configure:4968: result:  -Wall -Wdeclaration-after-statement -Wpointer-arith -Wformat-nonliteral -Wno-char-subscripts -Wempty-body -Werror
configure:4978: checking for dladdr
configure:4978: arm-hisiv300-linux-gcc -o conftest -march=armv5te -mcpu=arm926ej-s  -static-libstdc++ -static-libgcc -L/new/Hi3518E/Hi3518E_SDK_V1.0.3.0/Hi3518E_SDK_V1.0.3.0/osdrv/tools/board/gdb/inst/lib conftest.c  -ldl >&5
configure:4978: $? = 0
configure:4978: result: yes
configure:4990: checking for errno
configure:5006: arm-hisiv300-linux-gcc -o conftest -march=armv5te -mcpu=arm926ej-s  -static-libstdc++ -static-libgcc -L/new/Hi3518E/Hi3518E_SDK_V1.0.3.0/Hi3518E_SDK_V1.0.3.0/osdrv/tools/board/gdb/inst/lib conftest.c  >&5
configure:5006: $? = 0
configure:5007: result: yes - in errno.h
configure:5044: checking whether strerror is declared
configure:5044: result: yes
configure:5054: checking whether strstr is declared
configure:5054: result: yes
configure:5064: checking whether perror is declared
configure:5064: arm-hisiv300-linux-gcc -c -march=armv5te -mcpu=arm926ej-s  conftest.c >&5
configure:5064: $? = 0
configure:5064: result: yes
configure:5074: checking whether vasprintf is declared
configure:5074: arm-hisiv300-linux-gcc -c -march=armv5te -mcpu=arm926ej-s  conftest.c >&5
configure:5074: $? = 0
configure:5074: result: yes
configure:5084: checking whether vsnprintf is declared
configure:5084: result: yes
configure:5096: checking for socklen_t
configure:5096: result: yes
configure:5110: checking for Elf32_auxv_t
configure:5110: arm-hisiv300-linux-gcc -c -march=armv5te -mcpu=arm926ej-s  conftest.c >&5
configure:5110: $? = 0
configure:5110: arm-hisiv300-linux-gcc -c -march=armv5te -mcpu=arm926ej-s  conftest.c >&5
conftest.c: In function 'main':
conftest.c:73:27: error: expected expression before ')' token
 if (sizeof ((Elf32_auxv_t)))
                           ^
configure:5110: $? = 1
configure: failed program was:
| /* confdefs.h */
| #define PACKAGE_NAME ""
| #define PACKAGE_TARNAME ""
| #define PACKAGE_VERSION ""
| #define PACKAGE_STRING ""
| #define PACKAGE_BUGREPORT ""
| #define PACKAGE_URL ""
| #define STDC_HEADERS 1
| #define HAVE_SYS_TYPES_H 1
| #define HAVE_SYS_STAT_H 1
| #define HAVE_STDLIB_H 1
| #define HAVE_STRING_H 1
| #define HAVE_MEMORY_H 1
| #define HAVE_STRINGS_H 1
| #define HAVE_INTTYPES_H 1
| #define HAVE_STDINT_H 1
| #define HAVE_UNISTD_H 1
| #define __EXTENSIONS__ 1
| #define _ALL_SOURCE 1
| #define _GNU_SOURCE 1
| #define _POSIX_PTHREAD_SEMANTICS 1
| #define _TANDEM_SOURCE 1
| #define _FILE_OFFSET_BITS 64
| #define STDC_HEADERS 1
| #define HAVE_DIRENT_H 1
| #define HAVE_ALLOCA_H 1
| #define HAVE_ALLOCA 1
| #define HAVE_SGTTY_H 1
| #define HAVE_TERMIO_H 1
| #define HAVE_TERMIOS_H 1
| #define HAVE_STRING_H 1
| #define HAVE_SYS_PROCFS_H 1
| #define HAVE_THREAD_DB_H 1
| #define HAVE_LINUX_ELF_H 1
| #define HAVE_STDLIB_H 1
| #define HAVE_UNISTD_H 1
| #define HAVE_ERRNO_H 1
| #define HAVE_FCNTL_H 1
| #define HAVE_SIGNAL_H 1
| #define HAVE_SYS_FILE_H 1
| #define HAVE_MALLOC_H 1
| #define HAVE_SYS_IOCTL_H 1
| #define HAVE_NETINET_IN_H 1
| #define HAVE_SYS_SOCKET_H 1
| #define HAVE_NETDB_H 1
| #define HAVE_NETINET_TCP_H 1
| #define HAVE_ARPA_INET_H 1
| #define HAVE_SYS_WAIT_H 1
| #define HAVE_WAIT_H 1
| #define HAVE_SYS_UN_H 1
| #define HAVE_LINUX_PERF_EVENT_H 1
| #define HAVE_PREAD 1
| #define HAVE_PWRITE 1
| #define HAVE_PREAD64 1
| #define HAVE_READLINK 1
| #define HAVE_VASPRINTF 1
| #define HAVE_VSNPRINTF 1
| #define HAVE_DLADDR 1
| #define HAVE_ERRNO 1
| #define HAVE_DECL_STRERROR 1
| #define HAVE_DECL_STRSTR 1
| #define HAVE_DECL_PERROR 1
| #define HAVE_DECL_VASPRINTF 1
| #define HAVE_DECL_VSNPRINTF 1
| #define HAVE_SOCKLEN_T 1
| /* end confdefs.h.  */
| #include <elf.h>
| 
| 
| int
| main ()
| {
| if (sizeof ((Elf32_auxv_t)))
| 	    return 0;
|   ;
|   return 0;
| }
configure:5110: result: yes
configure:5121: checking for Elf64_auxv_t
configure:5121: arm-hisiv300-linux-gcc -c -march=armv5te -mcpu=arm926ej-s  conftest.c >&5
configure:5121: $? = 0
configure:5121: arm-hisiv300-linux-gcc -c -march=armv5te -mcpu=arm926ej-s  conftest.c >&5
conftest.c: In function 'main':
conftest.c:74:27: error: expected expression before ')' token
 if (sizeof ((Elf64_auxv_t)))
                           ^
configure:5121: $? = 1
configure: failed program was:
| /* confdefs.h */
| #define PACKAGE_NAME ""
| #define PACKAGE_TARNAME ""
| #define PACKAGE_VERSION ""
| #define PACKAGE_STRING ""
| #define PACKAGE_BUGREPORT ""
| #define PACKAGE_URL ""
| #define STDC_HEADERS 1
| #define HAVE_SYS_TYPES_H 1
| #define HAVE_SYS_STAT_H 1
| #define HAVE_STDLIB_H 1
| #define HAVE_STRING_H 1
| #define HAVE_MEMORY_H 1
| #define HAVE_STRINGS_H 1
| #define HAVE_INTTYPES_H 1
| #define HAVE_STDINT_H 1
| #define HAVE_UNISTD_H 1
| #define __EXTENSIONS__ 1
| #define _ALL_SOURCE 1
| #define _GNU_SOURCE 1
| #define _POSIX_PTHREAD_SEMANTICS 1
| #define _TANDEM_SOURCE 1
| #define _FILE_OFFSET_BITS 64
| #define STDC_HEADERS 1
| #define HAVE_DIRENT_H 1
| #define HAVE_ALLOCA_H 1
| #define HAVE_ALLOCA 1
| #define HAVE_SGTTY_H 1
| #define HAVE_TERMIO_H 1
| #define HAVE_TERMIOS_H 1
| #define HAVE_STRING_H 1
| #define HAVE_SYS_PROCFS_H 1
| #define HAVE_THREAD_DB_H 1
| #define HAVE_LINUX_ELF_H 1
| #define HAVE_STDLIB_H 1
| #define HAVE_UNISTD_H 1
| #define HAVE_ERRNO_H 1
| #define HAVE_FCNTL_H 1
| #define HAVE_SIGNAL_H 1
| #define HAVE_SYS_FILE_H 1
| #define HAVE_MALLOC_H 1
| #define HAVE_SYS_IOCTL_H 1
| #define HAVE_NETINET_IN_H 1
| #define HAVE_SYS_SOCKET_H 1
| #define HAVE_NETDB_H 1
| #define HAVE_NETINET_TCP_H 1
| #define HAVE_ARPA_INET_H 1
| #define HAVE_SYS_WAIT_H 1
| #define HAVE_WAIT_H 1
| #define HAVE_SYS_UN_H 1
| #define HAVE_LINUX_PERF_EVENT_H 1
| #define HAVE_PREAD 1
| #define HAVE_PWRITE 1
| #define HAVE_PREAD64 1
| #define HAVE_READLINK 1
| #define HAVE_VASPRINTF 1
| #define HAVE_VSNPRINTF 1
| #define HAVE_DLADDR 1
| #define HAVE_ERRNO 1
| #define HAVE_DECL_STRERROR 1
| #define HAVE_DECL_STRSTR 1
| #define HAVE_DECL_PERROR 1
| #define HAVE_DECL_VASPRINTF 1
| #define HAVE_DECL_VSNPRINTF 1
| #define HAVE_SOCKLEN_T 1
| #define HAVE_ELF32_AUXV_T 1
| /* end confdefs.h.  */
| #include <elf.h>
| 
| 
| int
| main ()
| {
| if (sizeof ((Elf64_auxv_t)))
| 	    return 0;
|   ;
|   return 0;
| }
configure:5121: result: yes
configure:5282: checking for PTRACE_GETREGS
configure:5298: arm-hisiv300-linux-gcc -c -march=armv5te -mcpu=arm926ej-s  conftest.c >&5
configure:5298: $? = 0
configure:5306: result: yes
configure:5314: checking for PTRACE_GETFPXREGS
configure:5330: arm-hisiv300-linux-gcc -c -march=armv5te -mcpu=arm926ej-s  conftest.c >&5
configure:5330: $? = 0
configure:5338: result: yes
configure:5354: checking for lwpid_t in sys/procfs.h
configure:5388: result: yes
configure:5391: checking for psaddr_t in sys/procfs.h
configure:5425: result: yes
configure:5428: checking for prgregset_t in sys/procfs.h
configure:5462: result: yes
configure:5465: checking for elf_fpregset_t in sys/procfs.h
configure:5485: arm-hisiv300-linux-gcc -c -march=armv5te -mcpu=arm926ej-s  conftest.c >&5
configure:5485: $? = 0
configure:5499: result: yes
configure:5579: checking for dlopen in -ldl
configure:5604: arm-hisiv300-linux-gcc -o conftest -march=armv5te -mcpu=arm926ej-s  -static-libstdc++ -static-libgcc -L/new/Hi3518E/Hi3518E_SDK_V1.0.3.0/Hi3518E_SDK_V1.0.3.0/osdrv/tools/board/gdb/inst/lib conftest.c -ldl   >&5
configure:5604: $? = 0
configure:5613: result: yes
configure:5633: checking for the dynamic export flag
configure:5651: arm-hisiv300-linux-gcc -o conftest -march=armv5te -mcpu=arm926ej-s  -static-libstdc++ -static-libgcc -L/new/Hi3518E/Hi3518E_SDK_V1.0.3.0/Hi3518E_SDK_V1.0.3.0/osdrv/tools/board/gdb/inst/lib -Wl,--dynamic-list=./proc-service.list conftest.c  >&5
configure:5651: $? = 0
configure:5681: result: -Wl,--dynamic-list
configure:5689: checking for TD_VERSION
configure:5705: arm-hisiv300-linux-gcc -c -march=armv5te -mcpu=arm926ej-s  conftest.c >&5
configure:5705: $? = 0
configure:5712: result: yes
configure:5752: checking whether the target supports __sync_*_compare_and_swap
configure:5769: arm-hisiv300-linux-gcc -o conftest -march=armv5te -mcpu=arm926ej-s  -static-libstdc++ -static-libgcc -L/new/Hi3518E/Hi3518E_SDK_V1.0.3.0/Hi3518E_SDK_V1.0.3.0/osdrv/tools/board/gdb/inst/lib conftest.c  >&5
configure:5769: $? = 0
configure:5777: result: yes
configure:5798: arm-hisiv300-linux-gcc -c -march=armv5te -mcpu=arm926ej-s -fvisibility=hidden  conftest.c >&5
configure:5798: $? = 0
configure:5806: checking whether ADDR_NO_RANDOMIZE is declared
configure:5806: result: no
configure:5838: arm-hisiv300-linux-gcc -o conftest -march=armv5te -mcpu=arm926ej-s  -static-libstdc++ -static-libgcc -L/new/Hi3518E/Hi3518E_SDK_V1.0.3.0/Hi3518E_SDK_V1.0.3.0/osdrv/tools/board/gdb/inst/lib conftest.c  >&5
configure:5838: $? = 0
configure:5999: updating cache .././config.cache
configure:6044: creating ./config.status

## ---------------------- ##
## Running config.status. ##
## ---------------------- ##

This file was extended by config.status, which was
generated by GNU Autoconf 2.64.  Invocation command line was

  CONFIG_FILES    = 
  CONFIG_HEADERS  = 
  CONFIG_LINKS    = 
  CONFIG_COMMANDS = 
  $ ./config.status 

on ubuntu

config.status:920: creating Makefile
config.status:920: creating config.h
config.status:1100: executing depdir commands
config.status:1100: executing default commands

## ---------------- ##
## Cache variables. ##
## ---------------- ##

ac_cv_build=i686-pc-linux-gnu
ac_cv_c_bigendian=no
ac_cv_c_compiler_gnu=yes
ac_cv_c_const=yes
ac_cv_c_inline=inline
ac_cv_env_CC_set=set
ac_cv_env_CC_value=arm-hisiv300-linux-gcc
ac_cv_env_CFLAGS_set=set
ac_cv_env_CFLAGS_value='-march=armv5te -mcpu=arm926ej-s'
ac_cv_env_CPPFLAGS_set=
ac_cv_env_CPPFLAGS_value=
ac_cv_env_CPP_set=
ac_cv_env_CPP_value=
ac_cv_env_LDFLAGS_set=set
ac_cv_env_LDFLAGS_value='-static-libstdc++ -static-libgcc -L/new/Hi3518E/Hi3518E_SDK_V1.0.3.0/Hi3518E_SDK_V1.0.3.0/osdrv/tools/board/gdb/inst/lib'
ac_cv_env_LIBS_set=
ac_cv_env_LIBS_value=
ac_cv_env_MAKEINFOFLAGS_set=
ac_cv_env_MAKEINFOFLAGS_value=
ac_cv_env_MAKEINFO_set=set
ac_cv_env_MAKEINFO_value='/new/Hi3518E/Hi3518E_SDK_V1.0.3.0/Hi3518E_SDK_V1.0.3.0/osdrv/tools/board/gdb/gdb-7.6/missing makeinfo --split-size=5000000'
ac_cv_env_XMKMF_set=
ac_cv_env_XMKMF_value=
ac_cv_env_YACC_set=set
ac_cv_env_YACC_value='bison -y'
ac_cv_env_YFLAGS_set=
ac_cv_env_YFLAGS_value=
ac_cv_env_build_alias_set=set
ac_cv_env_build_alias_value=i686-pc-linux-gnu
ac_cv_env_host_alias_set=set
ac_cv_env_host_alias_value=arm-hisiv300-linux
ac_cv_env_target_alias_set=set
ac_cv_env_target_alias_value=arm-hisiv300-linux
ac_cv_func__mcleanup=no
ac_cv_func_alloca_works=yes
ac_cv_func_btowc=yes
ac_cv_func_canonicalize_file_name=yes
ac_cv_func_dladdr=yes
ac_cv_func_fork=yes
ac_cv_func_fork_works=yes
ac_cv_func_getgid=yes
ac_cv_func_getpagesize=yes
ac_cv_func_getrlimit=yes
ac_cv_func_getrusage=yes
ac_cv_func_getuid=yes
ac_cv_func_iconvlist=no
ac_cv_func_libiconvlist=no
ac_cv_func_lstat=yes
ac_cv_func_mmap_fixed_mapped=no
ac_cv_func_monstartup=no
ac_cv_func_pipe=yes
ac_cv_func_poll=yes
ac_cv_func_posix_madvise=no
ac_cv_func_pread64=yes
ac_cv_func_pread=yes
ac_cv_func_pwrite=yes
ac_cv_func_readlink=yes
ac_cv_func_realpath=yes
ac_cv_func_resize_term=yes
ac_cv_func_sbrk=yes
ac_cv_func_setlocale=yes
ac_cv_func_setpgid=yes
ac_cv_func_setpgrp=yes
ac_cv_func_setpgrp_void=yes
ac_cv_func_setrlimit=yes
ac_cv_func_setsid=yes
ac_cv_func_sigaction=yes
ac_cv_func_sigprocmask=yes
ac_cv_func_sigsetmask=yes
ac_cv_func_socketpair=yes
ac_cv_func_syscall=yes
ac_cv_func_ttrace=no
ac_cv_func_vasprintf=yes
ac_cv_func_vfork=yes
ac_cv_func_vfork_works=yes
ac_cv_func_vsnprintf=yes
ac_cv_func_waitpid=yes
ac_cv_func_wborder=yes
ac_cv_func_wctype=yes
ac_cv_func_wresize=yes
ac_cv_have_decl_ADDR_NO_RANDOMIZE=no
ac_cv_have_decl_free=yes
ac_cv_have_decl_getopt=yes
ac_cv_have_decl_malloc=yes
ac_cv_have_decl_perror=yes
ac_cv_have_decl_ptrace=yes
ac_cv_have_decl_realloc=yes
ac_cv_have_decl_snprintf=yes
ac_cv_have_decl_strerror=yes
ac_cv_have_decl_strstr=yes
ac_cv_have_decl_vasprintf=yes
ac_cv_have_decl_vsnprintf=yes
ac_cv_have_x=have_x=no
ac_cv_header_arpa_inet_h=yes
ac_cv_header_cursesX_h=no
ac_cv_header_curses_h=no
ac_cv_header_dirent_dirent_h=yes
ac_cv_header_dlfcn_h=yes
ac_cv_header_elf_hp_h=no
ac_cv_header_errno_h=yes
ac_cv_header_fcntl_h=yes
ac_cv_header_inttypes_h=yes
ac_cv_header_libunwind_ia64_h=no
ac_cv_header_link_h=yes
ac_cv_header_linux_elf_h=yes
ac_cv_header_linux_perf_event_h=yes
ac_cv_header_locale_h=yes
ac_cv_header_machine_reg_h=no
ac_cv_header_malloc_h=yes
ac_cv_header_memory_h=yes
ac_cv_header_minix_config_h=no
ac_cv_header_ncurses_h=no
ac_cv_header_ncurses_ncurses_h=no
ac_cv_header_ncurses_term_h=no
ac_cv_header_netdb_h=yes
ac_cv_header_netinet_in_h=yes
ac_cv_header_netinet_tcp_h=yes
ac_cv_header_nlist_h=no
ac_cv_header_poll_h=yes
ac_cv_header_proc_service_h=no
ac_cv_header_pthread_h=yes
ac_cv_header_ptrace_h=no
ac_cv_header_sgtty_h=yes
ac_cv_header_signal_h=yes
ac_cv_header_stdc=yes
ac_cv_header_stddef_h=yes
ac_cv_header_stdint_h=yes
ac_cv_header_stdlib_h=yes
ac_cv_header_string_h=yes
ac_cv_header_strings_h=yes
ac_cv_header_sys_debugreg_h=no
ac_cv_header_sys_fault_h=no
ac_cv_header_sys_file_h=yes
ac_cv_header_sys_filio_h=no
ac_cv_header_sys_ioctl_h=yes
ac_cv_header_sys_param_h=yes
ac_cv_header_sys_poll_h=yes
ac_cv_header_sys_proc_h=no
ac_cv_header_sys_procfs_h=yes
ac_cv_header_sys_ptrace_h=yes
ac_cv_header_sys_reg_h=no
ac_cv_header_sys_resource_h=yes
ac_cv_header_sys_select_h=yes
ac_cv_header_sys_socket_h=yes
ac_cv_header_sys_stat_h=yes
ac_cv_header_sys_syscall_h=yes
ac_cv_header_sys_types_h=yes
ac_cv_header_sys_un_h=yes
ac_cv_header_sys_user_h=yes
ac_cv_header_sys_wait_h=yes
ac_cv_header_term_h=no
ac_cv_header_termio_h=yes
ac_cv_header_termios_h=yes
ac_cv_header_thread_db_h=yes
ac_cv_header_unistd_h=yes
ac_cv_header_vfork_h=no
ac_cv_header_wait_h=yes
ac_cv_host=arm-hisiv300-linux-gnu
ac_cv_lib_dl_dlopen=yes
ac_cv_lib_m_main=yes
ac_cv_libexpat=no
ac_cv_liblzma=no
ac_cv_member_struct_reg_r_fs=no
ac_cv_member_struct_reg_r_gs=no
ac_cv_member_struct_stat_st_blksize=yes
ac_cv_member_struct_stat_st_blocks=yes
ac_cv_member_struct_thread_td_pcb=no
ac_cv_member_struct_user_regs_struct_fs_base=no
ac_cv_member_struct_user_regs_struct_gs_base=no
ac_cv_objext=o
ac_cv_path_EGREP='/bin/grep -E'
ac_cv_path_GREP=/bin/grep
ac_cv_prog_AR=arm-hisiv300-linux-ar
ac_cv_prog_AWK=gawk
ac_cv_prog_CC=arm-hisiv300-linux-gcc
ac_cv_prog_CPP='arm-hisiv300-linux-gcc -E'
ac_cv_prog_DLLTOOL=arm-hisiv300-linux-dlltool
ac_cv_prog_MAKE=make
ac_cv_prog_RANLIB=arm-hisiv300-linux-ranlib
ac_cv_prog_WINDRES=arm-hisiv300-linux-windres
ac_cv_prog_YACC='bison -y'
ac_cv_prog_cc_c89=
ac_cv_prog_cc_g=yes
ac_cv_prog_make_make_set=yes
ac_cv_safe_to_define___extensions__=yes
ac_cv_search_dlgetmodinfo=no
ac_cv_search_dlopen=-ldl
ac_cv_search_gethostbyname='none required'
ac_cv_search_opendir='none required'
ac_cv_search_socketpair='none required'
ac_cv_search_tgetent=-lncurses
ac_cv_search_zlibVersion=no
ac_cv_sizeof_unsigned___int128=0
ac_cv_sizeof_unsigned_long=4
ac_cv_sizeof_unsigned_long_long=8
ac_cv_sys_file_offset_bits=64
ac_cv_sys_largefile_CC=no
ac_cv_target=arm-hisiv300-linux-gnu
ac_cv_type_Elf32_auxv_t=yes
ac_cv_type_Elf64_auxv_t=yes
ac_cv_type_pid_t=yes
ac_cv_type_signal=void
ac_cv_type_socklen_t=yes
ac_cv_var__etext=yes
ac_cv_var_etext=yes
ac_cv_working_alloca_h=yes
acl_cv_hardcode_direct=no
acl_cv_hardcode_libdir_flag_spec='${wl}-rpath ${wl}$libdir'
acl_cv_hardcode_libdir_separator=
acl_cv_hardcode_minus_L=no
acl_cv_libext=a
acl_cv_path_LD=/opt/hisi-linux/x86-arm/arm-hisiv300-linux/bin/../lib/gcc/arm-hisiv300-linux-uclibcgnueabi/4.8.3/../../../../arm-hisiv300-linux-uclibcgnueabi/bin/ld
acl_cv_prog_gnu_ld=yes
acl_cv_rpath=done
acl_cv_shlibext=so
acl_cv_wl=-Wl,
am_cv_CC_dependencies_compiler_type=gcc3
am_cv_build_libiconv_path=
am_cv_func_iconv=yes
am_cv_langinfo_codeset=yes
am_cv_lib_iconv=no
am_cv_prog_cc_stdc=
am_cv_proto_iconv='extern size_t iconv (iconv_t cd, char * *inbuf, size_t *inbytesleft, char * *outbuf, size_t *outbytesleft);'
am_cv_proto_iconv_arg1=
am_cv_use_build_libiconv=no
am_cv_val_LC_MESSAGES=yes
bfd_cv_have_sys_procfs_type_elf_fpregset_t=yes
bfd_cv_have_sys_procfs_type_fpregset_t=no
bfd_cv_have_sys_procfs_type_gregset_t=no
bfd_cv_have_sys_procfs_type_lwpid_t=yes
bfd_cv_have_sys_procfs_type_pr_sigaction64_t=no
bfd_cv_have_sys_procfs_type_pr_siginfo64_t=no
bfd_cv_have_sys_procfs_type_pr_sigset_t=no
bfd_cv_have_sys_procfs_type_prfpregset32_t=no
bfd_cv_have_sys_procfs_type_prfpregset_t=yes
bfd_cv_have_sys_procfs_type_prgregset32_t=no
bfd_cv_have_sys_procfs_type_prgregset_t=yes
bfd_cv_have_sys_procfs_type_prrun_t=no
bfd_cv_have_sys_procfs_type_prsysent_t=no
bfd_cv_have_sys_procfs_type_psaddr_t=yes
bfd_cv_have_sys_procfs_type_pstatus_t=no
gdb_cv_c_long_double=yes
gdb_cv_c_long_long=yes
gdb_cv_func_ptrace_args=int,int,long,long
gdb_cv_func_ptrace_ret=long
gdb_cv_func_sigsetjmp=yes
gdb_cv_have_gnu_regex=yes
gdb_cv_have_makeinfo_click=no
gdb_cv_have_procfs_piocset=no
gdb_cv_have_pt_getdbregs=no
gdb_cv_have_pt_getxmmregs=no
gdb_cv_have_ptrace_getfpxregs=yes
gdb_cv_have_ptrace_getregs=yes
gdb_cv_have_struct_link_map32=no
gdb_cv_have_struct_link_map_with_l_members=yes
gdb_cv_have_struct_link_map_with_lm_members=no
gdb_cv_have_struct_so_map_with_som_members=no
gdb_cv_os_cygwin=no
gdb_cv_prfpregset_t_broken=yes
gdb_cv_printf_has_decfloat=no
gdb_cv_printf_has_long_double=no
gdb_cv_printf_has_long_long=no
gdb_cv_scanf_has_long_double=no
gdb_cv_struct_lwp=no
gdb_cv_struct_reg=no
gdb_cv_sys_syscall_h_has_tkill=yes
gdb_cv_thread_db_h_has_td_notalloc=yes
gdb_cv_thread_db_h_has_td_notls=yes
gdb_cv_thread_db_h_has_td_version=yes
gdb_cv_var_elf=yes
gdb_cv_var_macho=no
gdb_cv_var_som=no
gdbsrv_cv_have_personality=true
gdbsrv_cv_have_ptrace_getfpxregs=yes
gdbsrv_cv_have_ptrace_getregs=yes
gdbsrv_cv_have_sync_builtins=yes
gdbsrv_cv_have_td_version=yes
gdbsrv_cv_have_visibility_hidden=yes

## ----------------- ##
## Output variables. ##
## ----------------- ##

ALLOCA=''
CC='arm-hisiv300-linux-gcc'
CCDEPMODE='depmode=gcc3'
CFLAGS='-march=armv5te -mcpu=arm926ej-s'
CPP='arm-hisiv300-linux-gcc -E'
CPPFLAGS=''
DEFS='-DHAVE_CONFIG_H'
DEPDIR='.deps'
ECHO_C=''
ECHO_N='-n'
ECHO_T=''
EGREP='/bin/grep -E'
EXEEXT=''
GDBSERVER_DEPFILES='reg-arm.o arm-with-iwmmxt.o arm-with-vfpv2.o arm-with-vfpv3.o arm-with-neon.o linux-low.o linux-osdata.o linux-arm-low.o linux-procfs.o linux-ptrace.o hostio-errno.o thread-db.o proc-service.o'
GDBSERVER_LIBS='-ldl'
GMAKE_FALSE='#'
GMAKE_TRUE=''
GNULIB_STDINT_H=''
GREP='/bin/grep'
INSTALL_DATA='/usr/bin/install -c -m 644'
INSTALL_PROGRAM='/usr/bin/install -c'
INSTALL_SCRIPT='/usr/bin/install -c'
IPA_DEPFILES=''
LDFLAGS='-static-libstdc++ -static-libgcc -L/new/Hi3518E/Hi3518E_SDK_V1.0.3.0/Hi3518E_SDK_V1.0.3.0/osdrv/tools/board/gdb/inst/lib'
LIBOBJS=''
LIBS=''
LTLIBOBJS=''
MAINT='#'
MAINTAINER_MODE_FALSE=''
MAINTAINER_MODE_TRUE='#'
MAKE='make'
OBJEXT='o'
PACKAGE_BUGREPORT=''
PACKAGE_NAME=''
PACKAGE_STRING=''
PACKAGE_TARNAME=''
PACKAGE_URL=''
PACKAGE_VERSION=''
PATH_SEPARATOR=':'
PKGVERSION='(GDB) '
RANLIB='arm-hisiv300-linux-ranlib'
RDYNAMIC='-Wl,--dynamic-list=$(srcdir)/proc-service.list'
REPORT_BUGS_TEXI='@uref{http://www.gnu.org/software/gdb/bugs/}'
REPORT_BUGS_TO='<http://www.gnu.org/software/gdb/bugs/>'
SET_MAKE=''
SHELL='/bin/sh'
USE_THREAD_DB='-DUSE_THREAD_DB'
WARN_CFLAGS=' -Wall -Wdeclaration-after-statement -Wpointer-arith -Wformat-nonliteral -Wno-char-subscripts -Wempty-body'
WERROR_CFLAGS='-Werror'
ac_ct_CC=''
am__leading_dot='.'
bindir='${exec_prefix}/bin'
build='i686-pc-linux-gnu'
build_alias='i686-pc-linux-gnu'
build_cpu='i686'
build_os='linux-gnu'
build_vendor='pc'
datadir='${datarootdir}'
datarootdir='${prefix}/share'
docdir='${datarootdir}/doc/${PACKAGE}'
dvidir='${docdir}'
exec_prefix='${prefix}'
extra_libraries=''
host='arm-hisiv300-linux-gnu'
host_alias='arm-hisiv300-linux'
host_cpu='arm'
host_os='linux-gnu'
host_vendor='hisiv300'
htmldir='${docdir}'
includedir='${prefix}/include'
infodir='${datarootdir}/info'
libdir='${exec_prefix}/lib'
libexecdir='${exec_prefix}/libexec'
localedir='${datarootdir}/locale'
localstatedir='${prefix}/var'
mandir='${datarootdir}/man'
oldincludedir='/usr/include'
pdfdir='${docdir}'
prefix='/new/Hi3518E/Hi3518E_SDK_V1.0.3.0/Hi3518E_SDK_V1.0.3.0/osdrv/tools/board/gdb/bin'
program_transform_name='s,y,y,'
psdir='${docdir}'
sbindir='${exec_prefix}/sbin'
sharedstatedir='${prefix}/com'
srv_xmlbuiltin='xml-builtin.o'
srv_xmlfiles=' $(XML_DIR)/arm-with-iwmmxt.xml $(XML_DIR)/arm-with-vfpv2.xml $(XML_DIR)/arm-with-vfpv3.xml $(XML_DIR)/arm-with-neon.xml $(XML_DIR)/arm-core.xml $(XML_DIR)/xscale-iwmmxt.xml $(XML_DIR)/arm-vfpv2.xml $(XML_DIR)/arm-vfpv3.xml'
sysconfdir='${prefix}/etc'
target='arm-hisiv300-linux-gnu'
target_alias='arm-hisiv300-linux'
target_cpu='arm'
target_os='linux-gnu'
target_vendor='hisiv300'
ustinc=''
ustlibs=''

## ----------- ##
## confdefs.h. ##
## ----------- ##

/* confdefs.h */
#define PACKAGE_NAME ""
#define PACKAGE_TARNAME ""
#define PACKAGE_VERSION ""
#define PACKAGE_STRING ""
#define PACKAGE_BUGREPORT ""
#define PACKAGE_URL ""
#define STDC_HEADERS 1
#define HAVE_SYS_TYPES_H 1
#define HAVE_SYS_STAT_H 1
#define HAVE_STDLIB_H 1
#define HAVE_STRING_H 1
#define HAVE_MEMORY_H 1
#define HAVE_STRINGS_H 1
#define HAVE_INTTYPES_H 1
#define HAVE_STDINT_H 1
#define HAVE_UNISTD_H 1
#define __EXTENSIONS__ 1
#define _ALL_SOURCE 1
#define _GNU_SOURCE 1
#define _POSIX_PTHREAD_SEMANTICS 1
#define _TANDEM_SOURCE 1
#define _FILE_OFFSET_BITS 64
#define STDC_HEADERS 1
#define HAVE_DIRENT_H 1
#define HAVE_ALLOCA_H 1
#define HAVE_ALLOCA 1
#define HAVE_SGTTY_H 1
#define HAVE_TERMIO_H 1
#define HAVE_TERMIOS_H 1
#define HAVE_STRING_H 1
#define HAVE_SYS_PROCFS_H 1
#define HAVE_THREAD_DB_H 1
#define HAVE_LINUX_ELF_H 1
#define HAVE_STDLIB_H 1
#define HAVE_UNISTD_H 1
#define HAVE_ERRNO_H 1
#define HAVE_FCNTL_H 1
#define HAVE_SIGNAL_H 1
#define HAVE_SYS_FILE_H 1
#define HAVE_MALLOC_H 1
#define HAVE_SYS_IOCTL_H 1
#define HAVE_NETINET_IN_H 1
#define HAVE_SYS_SOCKET_H 1
#define HAVE_NETDB_H 1
#define HAVE_NETINET_TCP_H 1
#define HAVE_ARPA_INET_H 1
#define HAVE_SYS_WAIT_H 1
#define HAVE_WAIT_H 1
#define HAVE_SYS_UN_H 1
#define HAVE_LINUX_PERF_EVENT_H 1
#define HAVE_PREAD 1
#define HAVE_PWRITE 1
#define HAVE_PREAD64 1
#define HAVE_READLINK 1
#define HAVE_VASPRINTF 1
#define HAVE_VSNPRINTF 1
#define HAVE_DLADDR 1
#define HAVE_ERRNO 1
#define HAVE_DECL_STRERROR 1
#define HAVE_DECL_STRSTR 1
#define HAVE_DECL_PERROR 1
#define HAVE_DECL_VASPRINTF 1
#define HAVE_DECL_VSNPRINTF 1
#define HAVE_SOCKLEN_T 1
#define HAVE_ELF32_AUXV_T 1
#define HAVE_ELF64_AUXV_T 1
#define PKGVERSION "(GDB) "
#define REPORT_BUGS_TO "<http://www.gnu.org/software/gdb/bugs/>"
#define HAVE_LINUX_USRREGS 1
#define HAVE_LINUX_REGSETS 1
#define HAVE_PTRACE_GETREGS 1
#define HAVE_PTRACE_GETFPXREGS 1
#define HAVE_LWPID_T 1
#define HAVE_PSADDR_T 1
#define HAVE_PRGREGSET_T 1
#define HAVE_ELF_FPREGSET_T 1
#define HAVE_LIBDL 1
#define HAVE_TD_VERSION 1
#define USE_XML 1
#define HAVE_SYNC_BUILTINS 1
#define HAVE_DECL_ADDR_NO_RANDOMIZE 0
#define HAVE_PERSONALITY 1

configure: exit 0

## ---------------------- ##
## Running config.status. ##
## ---------------------- ##

This file was extended by config.status, which was
generated by GNU Autoconf 2.64.  Invocation command line was

  CONFIG_FILES    = 
  CONFIG_HEADERS  = config.h:config.in
  CONFIG_LINKS    = 
  CONFIG_COMMANDS = 
  $ ./config.status 

on ubuntu

config.status:920: creating config.h
config.status:1086: config.h is unchanged
config.status:1100: executing depdir commands
config.status:1100: executing default commands
