This file contains any messages produced by compilers while
running configure, to aid debugging if configure makes a mistake.

It was created by configure, which was
generated by GNU Autoconf 2.64.  Invocation command line was

  $ /new/Hi3518E/Hi3518E_SDK_V1.0.3.0/Hi3518E_SDK_V1.0.3.0/osdrv/tools/board/gdb/gdb-7.6/sim/configure --cache-file=./config.cache --with-system-zlib --disable-tui --prefix=/new/Hi3518E/Hi3518E_SDK_V1.0.3.0/Hi3518E_SDK_V1.0.3.0/osdrv/tools/board/gdb/bin --program-transform-name=s,y,y, --disable-option-checking --build=i686-pc-linux-gnu --host=arm-hisiv300-linux --target=arm-hisiv300-linux --srcdir=.././sim

## --------- ##
## Platform. ##
## --------- ##

hostname = ubuntu
uname -m = i686
uname -r = 4.15.0-74-generic
uname -s = Linux
uname -v = #83~16.04.1-Ubuntu SMP Wed Dec 18 04:55:53 UTC 2019

/usr/bin/uname -p = unknown
/bin/uname -X     = unknown

/bin/arch              = unknown
/usr/bin/arch -k       = unknown
/usr/convex/getsysinfo = unknown
/usr/bin/hostinfo      = unknown
/bin/machine           = unknown
/usr/bin/oslevel       = unknown
/bin/universe          = unknown

PATH: /home/lzh/bin
PATH: /home/lzh/.local/bin
PATH: /bin
PATH: /sbin
PATH: /usr/bin
PATH: /usr/sbin
PATH: /usr/local/bin
PATH: /work/openwrt/cc_20170208/openwrt/staging_dir/toolchain-mipsel_24kec+dsp_gcc-4.8-linaro_uClibc-0.9.33.2/bin
PATH: /opt/hisi-linux/x86-arm/arm-hisiv300-linux/target/bin
PATH: /opt/buildroot-gcc342/bin
PATH: /home/lzh/esp/xtensa-esp32-elf/bin
PATH: /old/esp/esp-idf/tools
PATH: /opt/hisi-linux/x86-arm/arm-hisiv300-linux/target/bin
PATH: /usr/local/sbin
PATH: /usr/local/bin
PATH: /usr/sbin
PATH: /usr/bin
PATH: /sbin
PATH: /bin
PATH: /usr/games
PATH: /usr/local/games
PATH: /snap/bin


## ----------- ##
## Core tests. ##
## ----------- ##

configure:1688: creating cache ./config.cache
configure:1773: checking for arm-hisiv300-linux-gcc
configure:1800: result: arm-hisiv300-linux-gcc
configure:2069: checking for C compiler version
configure:2078: arm-hisiv300-linux-gcc --version >&5
arm-hisiv300-linux-gcc (Hisilicon_v300) 4.8.3 20131202 (prerelease)
Copyright (C) 2013 Free Software Foundation, Inc.
This is free software; see the source for copying conditions.  There is NO
warranty; not even for MERCHANTABILITY or FITNESS FOR A PARTICULAR PURPOSE.

configure:2089: $? = 0
configure:2078: arm-hisiv300-linux-gcc -v >&5
Using built-in specs.
COLLECT_GCC=arm-hisiv300-linux-gcc
COLLECT_LTO_WRAPPER=/opt/hisi-linux/x86-arm/arm-hisiv300-linux/bin/../libexec/gcc/arm-hisiv300-linux-uclibcgnueabi/4.8.3/lto-wrapper
Target: arm-hisiv300-linux-uclibcgnueabi
Configured with: '../gcc~linaro-4.8-2013.12/configure' --host=i386-redhat-linux --build=i386-redhat-linux --target=arm-hisiv300-linux-uclibcgnueabi --prefix=/home/sying/wucaiyuan_toolchain/v300/uclibc_gcc4.8_linaro_toolchain_optimized/install/arm-hisiv300-linux --enable-threads --disable-libmudflap --disable-libssp --disable-libstdcxx-pch --with-arch=armv5te --with-gnu-as --with-gnu-ld --enable-languages=c,c++ --enable-shared --enable-lto --enable-symvers=gnu --enable-__cxa_atexit --enable-nls --enable-clocale=gnu --enable-extra-hisi-multilibs --with-sysroot=/home/sying/wucaiyuan_toolchain/v300/uclibc_gcc4.8_linaro_toolchain_optimized/install/arm-hisiv300-linux/target --with-build-sysroot=/home/sying/wucaiyuan_toolchain/v300/uclibc_gcc4.8_linaro_toolchain_optimized/install/arm-hisiv300-linux/target --with-gmp=/home/sying/wucaiyuan_toolchain/v300/uclibc_gcc4.8_linaro_toolchain_optimized/install/host_lib --with-mpfr=/home/sying/wucaiyuan_toolchain/v300/uclibc_gcc4.8_linaro_toolchain_optimized/install/host_lib --with-mpc=/home/sying/wucaiyuan_toolchain/v300/uclibc_gcc4.8_linaro_toolchain_optimized/install/host_lib --with-ppl=/home/sying/wucaiyuan_toolchain/v300/uclibc_gcc4.8_linaro_toolchain_optimized/install/host_lib --with-cloog=/home/sying/wucaiyuan_toolchain/v300/uclibc_gcc4.8_linaro_toolchain_optimized/install/host_lib --with-libelf=/home/sying/wucaiyuan_toolchain/v300/uclibc_gcc4.8_linaro_toolchain_optimized/install/host_lib --enable-libgomp --disable-libitm --enable-poison-system-directories --with-libelf=/home/sying/wucaiyuan_toolchain/v300/uclibc_gcc4.8_linaro_toolchain_optimized/install/host_lib --with-pkgversion=Hisilicon_v300 --with-bugurl=http://www.hisilicon.com/cn/service/claim.html
Thread model: posix
gcc version 4.8.3 20131202 (prerelease) (Hisilicon_v300) 
configure:2089: $? = 0
configure:2078: arm-hisiv300-linux-gcc -V >&5
arm-hisiv300-linux-gcc: error: unrecognized command line option '-V'
arm-hisiv300-linux-gcc: fatal error: no input files
compilation terminated.
configure:2089: $? = 1
configure:2078: arm-hisiv300-linux-gcc -qversion >&5
arm-hisiv300-linux-gcc: error: unrecognized command line option '-qversion'
arm-hisiv300-linux-gcc: fatal error: no input files
compilation terminated.
configure:2089: $? = 1
configure:2109: checking for C compiler default output file name
configure:2131: arm-hisiv300-linux-gcc -march=armv5te -mcpu=arm926ej-s  -static-libstdc++ -static-libgcc -L/new/Hi3518E/Hi3518E_SDK_V1.0.3.0/Hi3518E_SDK_V1.0.3.0/osdrv/tools/board/gdb/inst/lib conftest.c  >&5
configure:2135: $? = 0
configure:2172: result: a.out
configure:2188: checking whether the C compiler works
configure:2216: result: yes
configure:2223: checking whether we are cross compiling
configure:2225: result: yes
configure:2228: checking for suffix of executables
configure:2235: arm-hisiv300-linux-gcc -o conftest -march=armv5te -mcpu=arm926ej-s  -static-libstdc++ -static-libgcc -L/new/Hi3518E/Hi3518E_SDK_V1.0.3.0/Hi3518E_SDK_V1.0.3.0/osdrv/tools/board/gdb/inst/lib conftest.c  >&5
configure:2239: $? = 0
configure:2261: result: 
configure:2267: checking for suffix of object files
configure:2289: arm-hisiv300-linux-gcc -c -march=armv5te -mcpu=arm926ej-s  conftest.c >&5
configure:2293: $? = 0
configure:2314: result: o
configure:2318: checking whether we are using the GNU C compiler
configure:2337: arm-hisiv300-linux-gcc -c -march=armv5te -mcpu=arm926ej-s  conftest.c >&5
configure:2337: $? = 0
configure:2346: result: yes
configure:2355: checking whether arm-hisiv300-linux-gcc accepts -g
configure:2375: arm-hisiv300-linux-gcc -c -g  conftest.c >&5
configure:2375: $? = 0
configure:2416: result: yes
configure:2433: checking for arm-hisiv300-linux-gcc option to accept ISO C89
configure:2497: arm-hisiv300-linux-gcc  -c -march=armv5te -mcpu=arm926ej-s  conftest.c >&5
configure:2497: $? = 0
configure:2510: result: none needed
configure:2567: checking for a BSD-compatible install
configure:2635: result: /usr/bin/install -c
configure:2649: checking for arm-hisiv300-linux-ar
configure:2676: result: arm-hisiv300-linux-ar
configure:2741: checking for arm-hisiv300-linux-ranlib
configure:2768: result: arm-hisiv300-linux-ranlib
configure:2835: checking build system type
configure:2849: result: i686-pc-linux-gnu
configure:2869: checking host system type
configure:2882: result: arm-hisiv300-linux-gnu
configure:2902: checking target system type
configure:2915: result: arm-hisiv300-linux-gnu
configure:2960: checking for arm-hisiv300-linux-gcc
configure:2987: result: arm-hisiv300-linux-gcc
configure:3256: checking for C compiler version
configure:3265: arm-hisiv300-linux-gcc --version >&5
arm-hisiv300-linux-gcc (Hisilicon_v300) 4.8.3 20131202 (prerelease)
Copyright (C) 2013 Free Software Foundation, Inc.
This is free software; see the source for copying conditions.  There is NO
warranty; not even for MERCHANTABILITY or FITNESS FOR A PARTICULAR PURPOSE.

configure:3276: $? = 0
configure:3265: arm-hisiv300-linux-gcc -v >&5
Using built-in specs.
COLLECT_GCC=arm-hisiv300-linux-gcc
COLLECT_LTO_WRAPPER=/opt/hisi-linux/x86-arm/arm-hisiv300-linux/bin/../libexec/gcc/arm-hisiv300-linux-uclibcgnueabi/4.8.3/lto-wrapper
Target: arm-hisiv300-linux-uclibcgnueabi
Configured with: '../gcc~linaro-4.8-2013.12/configure' --host=i386-redhat-linux --build=i386-redhat-linux --target=arm-hisiv300-linux-uclibcgnueabi --prefix=/home/sying/wucaiyuan_toolchain/v300/uclibc_gcc4.8_linaro_toolchain_optimized/install/arm-hisiv300-linux --enable-threads --disable-libmudflap --disable-libssp --disable-libstdcxx-pch --with-arch=armv5te --with-gnu-as --with-gnu-ld --enable-languages=c,c++ --enable-shared --enable-lto --enable-symvers=gnu --enable-__cxa_atexit --enable-nls --enable-clocale=gnu --enable-extra-hisi-multilibs --with-sysroot=/home/sying/wucaiyuan_toolchain/v300/uclibc_gcc4.8_linaro_toolchain_optimized/install/arm-hisiv300-linux/target --with-build-sysroot=/home/sying/wucaiyuan_toolchain/v300/uclibc_gcc4.8_linaro_toolchain_optimized/install/arm-hisiv300-linux/target --with-gmp=/home/sying/wucaiyuan_toolchain/v300/uclibc_gcc4.8_linaro_toolchain_optimized/install/host_lib --with-mpfr=/home/sying/wucaiyuan_toolchain/v300/uclibc_gcc4.8_linaro_toolchain_optimized/install/host_lib --with-mpc=/home/sying/wucaiyuan_toolchain/v300/uclibc_gcc4.8_linaro_toolchain_optimized/install/host_lib --with-ppl=/home/sying/wucaiyuan_toolchain/v300/uclibc_gcc4.8_linaro_toolchain_optimized/install/host_lib --with-cloog=/home/sying/wucaiyuan_toolchain/v300/uclibc_gcc4.8_linaro_toolchain_optimized/install/host_lib --with-libelf=/home/sying/wucaiyuan_toolchain/v300/uclibc_gcc4.8_linaro_toolchain_optimized/install/host_lib --enable-libgomp --disable-libitm --enable-poison-system-directories --with-libelf=/home/sying/wucaiyuan_toolchain/v300/uclibc_gcc4.8_linaro_toolchain_optimized/install/host_lib --with-pkgversion=Hisilicon_v300 --with-bugurl=http://www.hisilicon.com/cn/service/claim.html
Thread model: posix
gcc version 4.8.3 20131202 (prerelease) (Hisilicon_v300) 
configure:3276: $? = 0
configure:3265: arm-hisiv300-linux-gcc -V >&5
arm-hisiv300-linux-gcc: error: unrecognized command line option '-V'
arm-hisiv300-linux-gcc: fatal error: no input files
compilation terminated.
configure:3276: $? = 1
configure:3265: arm-hisiv300-linux-gcc -qversion >&5
arm-hisiv300-linux-gcc: error: unrecognized command line option '-qversion'
arm-hisiv300-linux-gcc: fatal error: no input files
compilation terminated.
configure:3276: $? = 1
configure:3280: checking whether we are using the GNU C compiler
configure:3308: result: yes
configure:3317: checking whether arm-hisiv300-linux-gcc accepts -g
configure:3378: result: yes
configure:3395: checking for arm-hisiv300-linux-gcc option to accept ISO C89
configure:3472: result: none needed
configure:3499: checking for arm-hisiv300-linux-ranlib
configure:3526: result: arm-hisiv300-linux-ranlib
configure:3913: updating cache ./config.cache
configure:3986: creating ./config.status

## ---------------------- ##
## Running config.status. ##
## ---------------------- ##

This file was extended by config.status, which was
generated by GNU Autoconf 2.64.  Invocation command line was

  CONFIG_FILES    = 
  CONFIG_HEADERS  = 
  CONFIG_LINKS    = 
  CONFIG_COMMANDS = 
  $ ./config.status 

on ubuntu

config.status:740: creating Makefile
configure:5053: === configuring in arm (/new/Hi3518E/Hi3518E_SDK_V1.0.3.0/Hi3518E_SDK_V1.0.3.0/osdrv/tools/board/gdb/gdb-7.6/sim/arm)
configure:5116: running /bin/sh ./configure --disable-option-checking '--prefix=/new/Hi3518E/Hi3518E_SDK_V1.0.3.0/Hi3518E_SDK_V1.0.3.0/osdrv/tools/board/gdb/bin'  '--with-system-zlib' '--disable-tui' '--program-transform-name=s,y,y,' '--build=i686-pc-linux-gnu' '--host=arm-hisiv300-linux' '--target=arm-hisiv300-linux' 'build_alias=i686-pc-linux-gnu' 'host_alias=arm-hisiv300-linux' 'target_alias=arm-hisiv300-linux' 'CC=arm-hisiv300-linux-gcc' 'CFLAGS=-march=armv5te -mcpu=arm926ej-s' 'LDFLAGS=-static-libstdc++ -static-libgcc -L/new/Hi3518E/Hi3518E_SDK_V1.0.3.0/Hi3518E_SDK_V1.0.3.0/osdrv/tools/board/gdb/inst/lib' --cache-file=.././config.cache --srcdir=.
configure:5053: === configuring in testsuite (/new/Hi3518E/Hi3518E_SDK_V1.0.3.0/Hi3518E_SDK_V1.0.3.0/osdrv/tools/board/gdb/gdb-7.6/sim/testsuite)
configure:5116: running /bin/sh ./configure --disable-option-checking '--prefix=/new/Hi3518E/Hi3518E_SDK_V1.0.3.0/Hi3518E_SDK_V1.0.3.0/osdrv/tools/board/gdb/bin'  '--with-system-zlib' '--disable-tui' '--program-transform-name=s,y,y,' '--build=i686-pc-linux-gnu' '--host=arm-hisiv300-linux' '--target=arm-hisiv300-linux' 'build_alias=i686-pc-linux-gnu' 'host_alias=arm-hisiv300-linux' 'target_alias=arm-hisiv300-linux' 'CC=arm-hisiv300-linux-gcc' 'CFLAGS=-march=armv5te -mcpu=arm926ej-s' 'LDFLAGS=-static-libstdc++ -static-libgcc -L/new/Hi3518E/Hi3518E_SDK_V1.0.3.0/Hi3518E_SDK_V1.0.3.0/osdrv/tools/board/gdb/inst/lib' --cache-file=.././config.cache --srcdir=.
configure:5053: === configuring in common (/new/Hi3518E/Hi3518E_SDK_V1.0.3.0/Hi3518E_SDK_V1.0.3.0/osdrv/tools/board/gdb/gdb-7.6/sim/common)
configure:5116: running /bin/sh ./configure --disable-option-checking '--prefix=/new/Hi3518E/Hi3518E_SDK_V1.0.3.0/Hi3518E_SDK_V1.0.3.0/osdrv/tools/board/gdb/bin'  '--with-system-zlib' '--disable-tui' '--program-transform-name=s,y,y,' '--build=i686-pc-linux-gnu' '--host=arm-hisiv300-linux' '--target=arm-hisiv300-linux' 'build_alias=i686-pc-linux-gnu' 'host_alias=arm-hisiv300-linux' 'target_alias=arm-hisiv300-linux' 'CC=arm-hisiv300-linux-gcc' 'CFLAGS=-march=armv5te -mcpu=arm926ej-s' 'LDFLAGS=-static-libstdc++ -static-libgcc -L/new/Hi3518E/Hi3518E_SDK_V1.0.3.0/Hi3518E_SDK_V1.0.3.0/osdrv/tools/board/gdb/inst/lib' --cache-file=.././config.cache --srcdir=.

## ---------------- ##
## Cache variables. ##
## ---------------- ##

ac_cv_build=i686-pc-linux-gnu
ac_cv_c_compiler_gnu=yes
ac_cv_env_CC_set=set
ac_cv_env_CC_value=arm-hisiv300-linux-gcc
ac_cv_env_CFLAGS_set=set
ac_cv_env_CFLAGS_value='-march=armv5te -mcpu=arm926ej-s'
ac_cv_env_CPPFLAGS_set=
ac_cv_env_CPPFLAGS_value=
ac_cv_env_LDFLAGS_set=set
ac_cv_env_LDFLAGS_value='-static-libstdc++ -static-libgcc -L/new/Hi3518E/Hi3518E_SDK_V1.0.3.0/Hi3518E_SDK_V1.0.3.0/osdrv/tools/board/gdb/inst/lib'
ac_cv_env_LIBS_set=
ac_cv_env_LIBS_value=
ac_cv_env_build_alias_set=set
ac_cv_env_build_alias_value=i686-pc-linux-gnu
ac_cv_env_host_alias_set=set
ac_cv_env_host_alias_value=arm-hisiv300-linux
ac_cv_env_target_alias_set=set
ac_cv_env_target_alias_value=arm-hisiv300-linux
ac_cv_host=arm-hisiv300-linux-gnu
ac_cv_objext=o
ac_cv_prog_AR=arm-hisiv300-linux-ar
ac_cv_prog_CC=arm-hisiv300-linux-gcc
ac_cv_prog_RANLIB=arm-hisiv300-linux-ranlib
ac_cv_prog_cc_c89=
ac_cv_prog_cc_g=yes
ac_cv_target=arm-hisiv300-linux-gnu

## ----------------- ##
## Output variables. ##
## ----------------- ##

AR='arm-hisiv300-linux-ar'
CC='arm-hisiv300-linux-gcc'
CC_FOR_BUILD='gcc'
CFLAGS='-march=armv5te -mcpu=arm926ej-s'
CFLAGS_FOR_BUILD=''
CPPFLAGS=''
DEFS='-DPACKAGE_NAME=\"\" -DPACKAGE_TARNAME=\"\" -DPACKAGE_VERSION=\"\" -DPACKAGE_STRING=\"\" -DPACKAGE_BUGREPORT=\"\" -DPACKAGE_URL=\"\"'
ECHO_C=''
ECHO_N='-n'
ECHO_T=''
EXEEXT=''
HDEFINES=''
INSTALL_DATA='/usr/bin/install -c -m 644'
INSTALL_PROGRAM='/usr/bin/install -c'
INSTALL_SCRIPT='/usr/bin/install -c'
LDFLAGS='-static-libstdc++ -static-libgcc -L/new/Hi3518E/Hi3518E_SDK_V1.0.3.0/Hi3518E_SDK_V1.0.3.0/osdrv/tools/board/gdb/inst/lib'
LIBOBJS=''
LIBS=''
LTLIBOBJS=''
OBJEXT='o'
PACKAGE_BUGREPORT=''
PACKAGE_NAME=''
PACKAGE_STRING=''
PACKAGE_TARNAME=''
PACKAGE_URL=''
PACKAGE_VERSION=''
PATH_SEPARATOR=':'
RANLIB='arm-hisiv300-linux-ranlib'
SHELL='/bin/sh'
ac_ct_CC=''
bindir='${exec_prefix}/bin'
build='i686-pc-linux-gnu'
build_alias='i686-pc-linux-gnu'
build_cpu='i686'
build_os='linux-gnu'
build_vendor='pc'
datadir='${datarootdir}'
datarootdir='${prefix}/share'
docdir='${datarootdir}/doc/${PACKAGE}'
dvidir='${docdir}'
exec_prefix='${prefix}'
host='arm-hisiv300-linux-gnu'
host_alias='arm-hisiv300-linux'
host_cpu='arm'
host_os='linux-gnu'
host_vendor='hisiv300'
htmldir='${docdir}'
includedir='${prefix}/include'
infodir='${datarootdir}/info'
libdir='${exec_prefix}/lib'
libexecdir='${exec_prefix}/libexec'
localedir='${datarootdir}/locale'
localstatedir='${prefix}/var'
mandir='${datarootdir}/man'
oldincludedir='/usr/include'
pdfdir='${docdir}'
prefix='/new/Hi3518E/Hi3518E_SDK_V1.0.3.0/Hi3518E_SDK_V1.0.3.0/osdrv/tools/board/gdb/bin'
program_transform_name='s,y,y,'
psdir='${docdir}'
sbindir='${exec_prefix}/sbin'
sharedstatedir='${prefix}/com'
sim_arch='arm'
subdirs=' arm testsuite common'
sysconfdir='${prefix}/etc'
target='arm-hisiv300-linux-gnu'
target_alias='arm-hisiv300-linux'
target_cpu='arm'
target_os='linux-gnu'
target_vendor='hisiv300'

## ----------- ##
## confdefs.h. ##
## ----------- ##

/* confdefs.h */
#define PACKAGE_NAME ""
#define PACKAGE_TARNAME ""
#define PACKAGE_VERSION ""
#define PACKAGE_STRING ""
#define PACKAGE_BUGREPORT ""
#define PACKAGE_URL ""

configure: exit 0
