This file contains any messages produced by compilers while
running configure, to aid debugging if configure makes a mistake.

It was created by udev configure 164, which was
generated by GNU Autoconf 2.67.  Invocation command line was

  $ ./configure --prefix=/ --host=arm-hisiv300-linux CFLAGS=-march=armv5te -mcpu=arm926ej-s LDFLAGS=-march=armv5te -mcpu=arm926ej-s --disable-extras --disable-introspection

## --------- ##
## Platform. ##
## --------- ##

hostname = ubuntu
uname -m = i686
uname -r = 4.15.0-74-generic
uname -s = Linux
uname -v = #83~16.04.1-Ubuntu SMP Wed Dec 18 04:55:53 UTC 2019

/usr/bin/uname -p = unknown
/bin/uname -X     = unknown

/bin/arch              = unknown
/usr/bin/arch -k       = unknown
/usr/convex/getsysinfo = unknown
/usr/bin/hostinfo      = unknown
/bin/machine           = unknown
/usr/bin/oslevel       = unknown
/bin/universe          = unknown

PATH: /home/lzh/bin
PATH: /home/lzh/.local/bin
PATH: /bin
PATH: /sbin
PATH: /usr/bin
PATH: /usr/sbin
PATH: /usr/local/bin
PATH: /work/openwrt/cc_20170208/openwrt/staging_dir/toolchain-mipsel_24kec+dsp_gcc-4.8-linaro_uClibc-0.9.33.2/bin
PATH: /opt/hisi-linux/x86-arm/arm-hisiv300-linux/target/bin
PATH: /opt/buildroot-gcc342/bin
PATH: /home/lzh/esp/xtensa-esp32-elf/bin
PATH: /old/esp/esp-idf/tools
PATH: /opt/hisi-linux/x86-arm/arm-hisiv300-linux/target/bin
PATH: /usr/local/sbin
PATH: /usr/local/bin
PATH: /usr/sbin
PATH: /usr/bin
PATH: /sbin
PATH: /bin
PATH: /usr/games
PATH: /usr/local/games
PATH: /snap/bin


## ----------- ##
## Core tests. ##
## ----------- ##

configure:2461: checking for a BSD-compatible install
configure:2529: result: /usr/bin/install -c
configure:2540: checking whether build environment is sane
configure:2590: result: yes
configure:2639: checking for arm-hisiv300-linux-strip
configure:2655: found /opt/hisi-linux/x86-arm/arm-hisiv300-linux/target/bin/arm-hisiv300-linux-strip
configure:2666: result: arm-hisiv300-linux-strip
configure:2731: checking for a thread-safe mkdir -p
configure:2770: result: /bin/mkdir -p
configure:2783: checking for gawk
configure:2799: found /usr/bin/gawk
configure:2810: result: gawk
configure:2821: checking whether make sets $(MAKE)
configure:2843: result: yes
configure:2978: checking for style of include used by make
configure:3006: result: GNU
configure:3036: checking for arm-hisiv300-linux-gcc
configure:3052: found /opt/hisi-linux/x86-arm/arm-hisiv300-linux/target/bin/arm-hisiv300-linux-gcc
configure:3063: result: arm-hisiv300-linux-gcc
configure:3332: checking for C compiler version
configure:3341: arm-hisiv300-linux-gcc --version >&5
arm-hisiv300-linux-gcc (Hisilicon_v300) 4.8.3 20131202 (prerelease)
Copyright (C) 2013 Free Software Foundation, Inc.
This is free software; see the source for copying conditions.  There is NO
warranty; not even for MERCHANTABILITY or FITNESS FOR A PARTICULAR PURPOSE.

configure:3352: $? = 0
configure:3341: arm-hisiv300-linux-gcc -v >&5
Using built-in specs.
COLLECT_GCC=arm-hisiv300-linux-gcc
COLLECT_LTO_WRAPPER=/opt/hisi-linux/x86-arm/arm-hisiv300-linux/bin/../libexec/gcc/arm-hisiv300-linux-uclibcgnueabi/4.8.3/lto-wrapper
Target: arm-hisiv300-linux-uclibcgnueabi
Configured with: '../gcc~linaro-4.8-2013.12/configure' --host=i386-redhat-linux --build=i386-redhat-linux --target=arm-hisiv300-linux-uclibcgnueabi --prefix=/home/sying/wucaiyuan_toolchain/v300/uclibc_gcc4.8_linaro_toolchain_optimized/install/arm-hisiv300-linux --enable-threads --disable-libmudflap --disable-libssp --disable-libstdcxx-pch --with-arch=armv5te --with-gnu-as --with-gnu-ld --enable-languages=c,c++ --enable-shared --enable-lto --enable-symvers=gnu --enable-__cxa_atexit --enable-nls --enable-clocale=gnu --enable-extra-hisi-multilibs --with-sysroot=/home/sying/wucaiyuan_toolchain/v300/uclibc_gcc4.8_linaro_toolchain_optimized/install/arm-hisiv300-linux/target --with-build-sysroot=/home/sying/wucaiyuan_toolchain/v300/uclibc_gcc4.8_linaro_toolchain_optimized/install/arm-hisiv300-linux/target --with-gmp=/home/sying/wucaiyuan_toolchain/v300/uclibc_gcc4.8_linaro_toolchain_optimized/install/host_lib --with-mpfr=/home/sying/wucaiyuan_toolchain/v300/uclibc_gcc4.8_linaro_toolchain_optimized/install/host_lib --with-mpc=/home/sying/wucaiyuan_toolchain/v300/uclibc_gcc4.8_linaro_toolchain_optimized/install/host_lib --with-ppl=/home/sying/wucaiyuan_toolchain/v300/uclibc_gcc4.8_linaro_toolchain_optimized/install/host_lib --with-cloog=/home/sying/wucaiyuan_toolchain/v300/uclibc_gcc4.8_linaro_toolchain_optimized/install/host_lib --with-libelf=/home/sying/wucaiyuan_toolchain/v300/uclibc_gcc4.8_linaro_toolchain_optimized/install/host_lib --enable-libgomp --disable-libitm --enable-poison-system-directories --with-libelf=/home/sying/wucaiyuan_toolchain/v300/uclibc_gcc4.8_linaro_toolchain_optimized/install/host_lib --with-pkgversion=Hisilicon_v300 --with-bugurl=http://www.hisilicon.com/cn/service/claim.html
Thread model: posix
gcc version 4.8.3 20131202 (prerelease) (Hisilicon_v300) 
configure:3352: $? = 0
configure:3341: arm-hisiv300-linux-gcc -V >&5
arm-hisiv300-linux-gcc: error: unrecognized command line option '-V'
arm-hisiv300-linux-gcc: fatal error: no input files
compilation terminated.
configure:3352: $? = 1
configure:3341: arm-hisiv300-linux-gcc -qversion >&5
arm-hisiv300-linux-gcc: error: unrecognized command line option '-qversion'
arm-hisiv300-linux-gcc: fatal error: no input files
compilation terminated.
configure:3352: $? = 1
configure:3372: checking whether the C compiler works
configure:3394: arm-hisiv300-linux-gcc -march=armv5te -mcpu=arm926ej-s  -march=armv5te -mcpu=arm926ej-s conftest.c  >&5
configure:3398: $? = 0
configure:3446: result: yes
configure:3449: checking for C compiler default output file name
configure:3451: result: a.out
configure:3457: checking for suffix of executables
configure:3464: arm-hisiv300-linux-gcc -o conftest -march=armv5te -mcpu=arm926ej-s  -march=armv5te -mcpu=arm926ej-s conftest.c  >&5
configure:3468: $? = 0
configure:3490: result: 
configure:3512: checking whether we are cross compiling
configure:3520: arm-hisiv300-linux-gcc -o conftest -march=armv5te -mcpu=arm926ej-s  -march=armv5te -mcpu=arm926ej-s conftest.c  >&5
configure:3524: $? = 0
configure:3531: ./conftest
./configure: line 3533: ./conftest: cannot execute binary file: Exec format error
configure:3535: $? = 126
configure:3550: result: yes
configure:3555: checking for suffix of object files
configure:3577: arm-hisiv300-linux-gcc -c -march=armv5te -mcpu=arm926ej-s  conftest.c >&5
configure:3581: $? = 0
configure:3602: result: o
configure:3606: checking whether we are using the GNU C compiler
configure:3625: arm-hisiv300-linux-gcc -c -march=armv5te -mcpu=arm926ej-s  conftest.c >&5
configure:3625: $? = 0
configure:3634: result: yes
configure:3643: checking whether arm-hisiv300-linux-gcc accepts -g
configure:3663: arm-hisiv300-linux-gcc -c -g  conftest.c >&5
configure:3663: $? = 0
configure:3704: result: yes
configure:3721: checking for arm-hisiv300-linux-gcc option to accept ISO C89
configure:3785: arm-hisiv300-linux-gcc  -c -march=armv5te -mcpu=arm926ej-s  conftest.c >&5
configure:3785: $? = 0
configure:3798: result: none needed
configure:3820: checking dependency style of arm-hisiv300-linux-gcc
configure:3930: result: gcc3
configure:3951: checking how to run the C preprocessor
configure:3982: arm-hisiv300-linux-gcc -E  conftest.c
configure:3982: $? = 0
configure:3996: arm-hisiv300-linux-gcc -E  conftest.c
conftest.c:11:28: fatal error: ac_nonexistent.h: No such file or directory
 #include <ac_nonexistent.h>
                            ^
compilation terminated.
configure:3996: $? = 1
configure: failed program was:
| /* confdefs.h */
| #define PACKAGE_NAME "udev"
| #define PACKAGE_TARNAME "udev"
| #define PACKAGE_VERSION "164"
| #define PACKAGE_STRING "udev 164"
| #define PACKAGE_BUGREPORT "linux-hotplug@vger.kernel.org"
| #define PACKAGE_URL ""
| #define PACKAGE "udev"
| #define VERSION "164"
| /* end confdefs.h.  */
| #include <ac_nonexistent.h>
configure:4021: result: arm-hisiv300-linux-gcc -E
configure:4041: arm-hisiv300-linux-gcc -E  conftest.c
configure:4041: $? = 0
configure:4055: arm-hisiv300-linux-gcc -E  conftest.c
conftest.c:11:28: fatal error: ac_nonexistent.h: No such file or directory
 #include <ac_nonexistent.h>
                            ^
compilation terminated.
configure:4055: $? = 1
configure: failed program was:
| /* confdefs.h */
| #define PACKAGE_NAME "udev"
| #define PACKAGE_TARNAME "udev"
| #define PACKAGE_VERSION "164"
| #define PACKAGE_STRING "udev 164"
| #define PACKAGE_BUGREPORT "linux-hotplug@vger.kernel.org"
| #define PACKAGE_URL ""
| #define PACKAGE "udev"
| #define VERSION "164"
| /* end confdefs.h.  */
| #include <ac_nonexistent.h>
configure:4084: checking for grep that handles long lines and -e
configure:4142: result: /bin/grep
configure:4147: checking for egrep
configure:4209: result: /bin/grep -E
configure:4214: checking for ANSI C header files
configure:4234: arm-hisiv300-linux-gcc -c -march=armv5te -mcpu=arm926ej-s  conftest.c >&5
configure:4234: $? = 0
configure:4318: result: yes
configure:4331: checking for sys/types.h
configure:4331: arm-hisiv300-linux-gcc -c -march=armv5te -mcpu=arm926ej-s  conftest.c >&5
configure:4331: $? = 0
configure:4331: result: yes
configure:4331: checking for sys/stat.h
configure:4331: arm-hisiv300-linux-gcc -c -march=armv5te -mcpu=arm926ej-s  conftest.c >&5
configure:4331: $? = 0
configure:4331: result: yes
configure:4331: checking for stdlib.h
configure:4331: arm-hisiv300-linux-gcc -c -march=armv5te -mcpu=arm926ej-s  conftest.c >&5
configure:4331: $? = 0
configure:4331: result: yes
configure:4331: checking for string.h
configure:4331: arm-hisiv300-linux-gcc -c -march=armv5te -mcpu=arm926ej-s  conftest.c >&5
configure:4331: $? = 0
configure:4331: result: yes
configure:4331: checking for memory.h
configure:4331: arm-hisiv300-linux-gcc -c -march=armv5te -mcpu=arm926ej-s  conftest.c >&5
configure:4331: $? = 0
configure:4331: result: yes
configure:4331: checking for strings.h
configure:4331: arm-hisiv300-linux-gcc -c -march=armv5te -mcpu=arm926ej-s  conftest.c >&5
configure:4331: $? = 0
configure:4331: result: yes
configure:4331: checking for inttypes.h
configure:4331: arm-hisiv300-linux-gcc -c -march=armv5te -mcpu=arm926ej-s  conftest.c >&5
configure:4331: $? = 0
configure:4331: result: yes
configure:4331: checking for stdint.h
configure:4331: arm-hisiv300-linux-gcc -c -march=armv5te -mcpu=arm926ej-s  conftest.c >&5
configure:4331: $? = 0
configure:4331: result: yes
configure:4331: checking for unistd.h
configure:4331: arm-hisiv300-linux-gcc -c -march=armv5te -mcpu=arm926ej-s  conftest.c >&5
configure:4331: $? = 0
configure:4331: result: yes
configure:4344: checking minix/config.h usability
configure:4344: arm-hisiv300-linux-gcc -c -march=armv5te -mcpu=arm926ej-s  conftest.c >&5
conftest.c:54:26: fatal error: minix/config.h: No such file or directory
 #include <minix/config.h>
                          ^
compilation terminated.
configure:4344: $? = 1
configure: failed program was:
| /* confdefs.h */
| #define PACKAGE_NAME "udev"
| #define PACKAGE_TARNAME "udev"
| #define PACKAGE_VERSION "164"
| #define PACKAGE_STRING "udev 164"
| #define PACKAGE_BUGREPORT "linux-hotplug@vger.kernel.org"
| #define PACKAGE_URL ""
| #define PACKAGE "udev"
| #define VERSION "164"
| #define STDC_HEADERS 1
| #define HAVE_SYS_TYPES_H 1
| #define HAVE_SYS_STAT_H 1
| #define HAVE_STDLIB_H 1
| #define HAVE_STRING_H 1
| #define HAVE_MEMORY_H 1
| #define HAVE_STRINGS_H 1
| #define HAVE_INTTYPES_H 1
| #define HAVE_STDINT_H 1
| #define HAVE_UNISTD_H 1
| /* end confdefs.h.  */
| #include <stdio.h>
| #ifdef HAVE_SYS_TYPES_H
| # include <sys/types.h>
| #endif
| #ifdef HAVE_SYS_STAT_H
| # include <sys/stat.h>
| #endif
| #ifdef STDC_HEADERS
| # include <stdlib.h>
| # include <stddef.h>
| #else
| # ifdef HAVE_STDLIB_H
| #  include <stdlib.h>
| # endif
| #endif
| #ifdef HAVE_STRING_H
| # if !defined STDC_HEADERS && defined HAVE_MEMORY_H
| #  include <memory.h>
| # endif
| # include <string.h>
| #endif
| #ifdef HAVE_STRINGS_H
| # include <strings.h>
| #endif
| #ifdef HAVE_INTTYPES_H
| # include <inttypes.h>
| #endif
| #ifdef HAVE_STDINT_H
| # include <stdint.h>
| #endif
| #ifdef HAVE_UNISTD_H
| # include <unistd.h>
| #endif
| #include <minix/config.h>
configure:4344: result: no
configure:4344: checking minix/config.h presence
configure:4344: arm-hisiv300-linux-gcc -E  conftest.c
conftest.c:21:26: fatal error: minix/config.h: No such file or directory
 #include <minix/config.h>
                          ^
compilation terminated.
configure:4344: $? = 1
configure: failed program was:
| /* confdefs.h */
| #define PACKAGE_NAME "udev"
| #define PACKAGE_TARNAME "udev"
| #define PACKAGE_VERSION "164"
| #define PACKAGE_STRING "udev 164"
| #define PACKAGE_BUGREPORT "linux-hotplug@vger.kernel.org"
| #define PACKAGE_URL ""
| #define PACKAGE "udev"
| #define VERSION "164"
| #define STDC_HEADERS 1
| #define HAVE_SYS_TYPES_H 1
| #define HAVE_SYS_STAT_H 1
| #define HAVE_STDLIB_H 1
| #define HAVE_STRING_H 1
| #define HAVE_MEMORY_H 1
| #define HAVE_STRINGS_H 1
| #define HAVE_INTTYPES_H 1
| #define HAVE_STDINT_H 1
| #define HAVE_UNISTD_H 1
| /* end confdefs.h.  */
| #include <minix/config.h>
configure:4344: result: no
configure:4344: checking for minix/config.h
configure:4344: result: no
configure:4365: checking whether it is safe to define __EXTENSIONS__
configure:4383: arm-hisiv300-linux-gcc -c -march=armv5te -mcpu=arm926ej-s  conftest.c >&5
configure:4383: $? = 0
configure:4390: result: yes
configure:4411: checking for special C compiler options needed for large files
configure:4456: result: no
configure:4462: checking for _FILE_OFFSET_BITS value needed for large files
configure:4487: arm-hisiv300-linux-gcc -c -march=armv5te -mcpu=arm926ej-s  conftest.c >&5
conftest.c:32:3: warning: left shift count >= width of type [enabled by default]
   int off_t_is_large[(LARGE_OFF_T % 2147483629 == 721
   ^
conftest.c:32:3: warning: left shift count >= width of type [enabled by default]
conftest.c:33:10: warning: left shift count >= width of type [enabled by default]
          && LARGE_OFF_T % 2147483647 == 1)
          ^
conftest.c:33:10: warning: left shift count >= width of type [enabled by default]
conftest.c:32:7: error: variably modified 'off_t_is_large' at file scope
   int off_t_is_large[(LARGE_OFF_T % 2147483629 == 721
       ^
configure:4487: $? = 1
configure: failed program was:
| /* confdefs.h */
| #define PACKAGE_NAME "udev"
| #define PACKAGE_TARNAME "udev"
| #define PACKAGE_VERSION "164"
| #define PACKAGE_STRING "udev 164"
| #define PACKAGE_BUGREPORT "linux-hotplug@vger.kernel.org"
| #define PACKAGE_URL ""
| #define PACKAGE "udev"
| #define VERSION "164"
| #define STDC_HEADERS 1
| #define HAVE_SYS_TYPES_H 1
| #define HAVE_SYS_STAT_H 1
| #define HAVE_STDLIB_H 1
| #define HAVE_STRING_H 1
| #define HAVE_MEMORY_H 1
| #define HAVE_STRINGS_H 1
| #define HAVE_INTTYPES_H 1
| #define HAVE_STDINT_H 1
| #define HAVE_UNISTD_H 1
| #define __EXTENSIONS__ 1
| #define _ALL_SOURCE 1
| #define _GNU_SOURCE 1
| #define _POSIX_PTHREAD_SEMANTICS 1
| #define _TANDEM_SOURCE 1
| /* end confdefs.h.  */
| #include <sys/types.h>
|  /* Check that off_t can represent 2**63 - 1 correctly.
|     We can't simply define LARGE_OFF_T to be 9223372036854775807,
|     since some C++ compilers masquerading as C compilers
|     incorrectly reject 9223372036854775807.  */
| #define LARGE_OFF_T (((off_t) 1 << 62) - 1 + ((off_t) 1 << 62))
|   int off_t_is_large[(LARGE_OFF_T % 2147483629 == 721
| 		       && LARGE_OFF_T % 2147483647 == 1)
| 		      ? 1 : -1];
| int
| main ()
| {
| 
|   ;
|   return 0;
| }
configure:4511: arm-hisiv300-linux-gcc -c -march=armv5te -mcpu=arm926ej-s  conftest.c >&5
configure:4511: $? = 0
configure:4519: result: 64
configure:4632: checking build system type
configure:4646: result: i686-pc-linux-gnu
configure:4666: checking host system type
configure:4679: result: arm-hisiv300-linux-gnu
configure:4699: checking for a sed that does not truncate output
configure:4763: result: /bin/sed
configure:4781: checking for fgrep
configure:4843: result: /bin/grep -F
configure:4878: checking for ld used by arm-hisiv300-linux-gcc
configure:4945: result: /opt/hisi-linux/x86-arm/arm-hisiv300-linux/arm-hisiv300-linux-uclibcgnueabi/bin/ld
configure:4952: checking if the linker (/opt/hisi-linux/x86-arm/arm-hisiv300-linux/arm-hisiv300-linux-uclibcgnueabi/bin/ld) is GNU ld
configure:4967: result: yes
configure:4979: checking for BSD- or MS-compatible name lister (nm)
configure:5028: result: /opt/hisi-linux/x86-arm/arm-hisiv300-linux/target/bin/arm-hisiv300-linux-nm -B
configure:5146: checking the name lister (/opt/hisi-linux/x86-arm/arm-hisiv300-linux/target/bin/arm-hisiv300-linux-nm -B) interface
configure:5153: arm-hisiv300-linux-gcc -c -march=armv5te -mcpu=arm926ej-s  conftest.c >&5
configure:5156: /opt/hisi-linux/x86-arm/arm-hisiv300-linux/target/bin/arm-hisiv300-linux-nm -B "conftest.o"
configure:5159: output
00000000 B some_variable
configure:5166: result: BSD nm
configure:5169: checking whether ln -s works
configure:5173: result: yes
configure:5181: checking the maximum length of command line arguments
configure:5301: result: 1572864
configure:5318: checking whether the shell understands some XSI constructs
configure:5328: result: yes
configure:5332: checking whether the shell understands "+="
configure:5338: result: yes
configure:5373: checking for /opt/hisi-linux/x86-arm/arm-hisiv300-linux/arm-hisiv300-linux-uclibcgnueabi/bin/ld option to reload object files
configure:5380: result: -r
configure:5409: checking for arm-hisiv300-linux-objdump
configure:5425: found /opt/hisi-linux/x86-arm/arm-hisiv300-linux/target/bin/arm-hisiv300-linux-objdump
configure:5436: result: arm-hisiv300-linux-objdump
configure:5508: checking how to recognize dependent libraries
configure:5704: result: pass_all
configure:5724: checking for arm-hisiv300-linux-ar
configure:5740: found /opt/hisi-linux/x86-arm/arm-hisiv300-linux/target/bin/arm-hisiv300-linux-ar
configure:5751: result: arm-hisiv300-linux-ar
configure:5829: checking for arm-hisiv300-linux-strip
configure:5856: result: arm-hisiv300-linux-strip
configure:5928: checking for arm-hisiv300-linux-ranlib
configure:5944: found /opt/hisi-linux/x86-arm/arm-hisiv300-linux/target/bin/arm-hisiv300-linux-ranlib
configure:5955: result: arm-hisiv300-linux-ranlib
configure:6085: checking command to parse /opt/hisi-linux/x86-arm/arm-hisiv300-linux/target/bin/arm-hisiv300-linux-nm -B output from arm-hisiv300-linux-gcc object
configure:6203: arm-hisiv300-linux-gcc -c -march=armv5te -mcpu=arm926ej-s  conftest.c >&5
configure:6206: $? = 0
configure:6210: /opt/hisi-linux/x86-arm/arm-hisiv300-linux/target/bin/arm-hisiv300-linux-nm -B conftest.o \| sed -n -e 's/^.*[	 ]\([ABCDGIRSTW][ABCDGIRSTW]*\)[	 ][	 ]*\([_A-Za-z][_A-Za-z0-9]*\)$/\1 \2 \2/p' \> conftest.nm
configure:6213: $? = 0
configure:6267: arm-hisiv300-linux-gcc -o conftest -march=armv5te -mcpu=arm926ej-s  -march=armv5te -mcpu=arm926ej-s conftest.c conftstm.o >&5
configure:6270: $? = 0
configure:6308: result: ok
configure:7113: checking for dlfcn.h
configure:7113: arm-hisiv300-linux-gcc -c -march=armv5te -mcpu=arm926ej-s  conftest.c >&5
configure:7113: $? = 0
configure:7113: result: yes
configure:7267: checking for objdir
configure:7282: result: .libs
configure:7578: checking if arm-hisiv300-linux-gcc supports -fno-rtti -fno-exceptions
configure:7596: arm-hisiv300-linux-gcc -c -march=armv5te -mcpu=arm926ej-s  -fno-rtti -fno-exceptions conftest.c >&5
cc1: warning: command line option '-fno-rtti' is valid for C++/ObjC++ but not for C [enabled by default]
configure:7600: $? = 0
configure:7613: result: no
configure:7633: checking for arm-hisiv300-linux-gcc option to produce PIC
configure:7905: result: -fPIC -DPIC
configure:7917: checking if arm-hisiv300-linux-gcc PIC flag -fPIC -DPIC works
configure:7935: arm-hisiv300-linux-gcc -c -march=armv5te -mcpu=arm926ej-s  -fPIC -DPIC -DPIC conftest.c >&5
configure:7939: $? = 0
configure:7952: result: yes
configure:7976: checking if arm-hisiv300-linux-gcc static flag -static works
configure:8004: result: yes
configure:8019: checking if arm-hisiv300-linux-gcc supports -c -o file.o
configure:8040: arm-hisiv300-linux-gcc -c -march=armv5te -mcpu=arm926ej-s  -o out/conftest2.o conftest.c >&5
configure:8044: $? = 0
configure:8066: result: yes
configure:8074: checking if arm-hisiv300-linux-gcc supports -c -o file.o
configure:8121: result: yes
configure:8154: checking whether the arm-hisiv300-linux-gcc linker (/opt/hisi-linux/x86-arm/arm-hisiv300-linux/arm-hisiv300-linux-uclibcgnueabi/bin/ld) supports shared libraries
configure:9140: result: yes
configure:9177: checking whether -lc should be explicitly linked in
configure:9182: arm-hisiv300-linux-gcc -c -march=armv5te -mcpu=arm926ej-s  conftest.c >&5
configure:9185: $? = 0
configure:9200: arm-hisiv300-linux-gcc -shared conftest.o  -v -Wl,-soname -Wl,conftest -o conftest 2\>\&1 \| /bin/grep  -lc  \>/dev/null 2\>\&1
configure:9203: $? = 0
configure:9215: result: no
configure:9379: checking dynamic linker characteristics
configure:9812: arm-hisiv300-linux-gcc -o conftest -march=armv5te -mcpu=arm926ej-s  -march=armv5te -mcpu=arm926ej-s -Wl,-rpath -Wl,/foo conftest.c  >&5
configure:9812: $? = 0
configure:10030: result: GNU/Linux ld.so
configure:10132: checking how to hardcode library paths into programs
configure:10157: result: immediate
configure:10677: checking whether stripping libraries is possible
configure:10682: result: yes
configure:10717: checking if libtool supports shared libraries
configure:10719: result: yes
configure:10722: checking whether to build shared libraries
configure:10743: result: yes
configure:10746: checking whether to build static libraries
configure:10750: result: no
configure:10789: checking for gawk
configure:10816: result: gawk
configure:10837: checking for arm-hisiv300-linux-pkg-config
configure:10870: result: no
configure:10880: checking for pkg-config
configure:10898: found /usr/bin/pkg-config
configure:10910: result: /usr/bin/pkg-config
configure:10922: WARNING: using cross tools not prefixed with host triplet
configure:10935: checking pkg-config is at least version 0.9.0
configure:10938: result: yes
configure:10950: checking for gtkdoc-check
configure:10983: result: no
configure:10992: checking for gtkdoc-rebase
configure:11025: result: no
configure:11036: checking for gtkdoc-mkpdf
configure:11069: result: no
configure:11107: checking whether to build gtk-doc documentation
configure:11109: result: no
configure:11176: checking for xsltproc
configure:11194: found /usr/bin/xsltproc
configure:11206: result: /usr/bin/xsltproc
configure:12136: creating ./config.status

## ---------------------- ##
## Running config.status. ##
## ---------------------- ##

This file was extended by udev config.status 164, which was
generated by GNU Autoconf 2.67.  Invocation command line was

  CONFIG_FILES    = 
  CONFIG_HEADERS  = 
  CONFIG_LINKS    = 
  CONFIG_COMMANDS = 
  $ ./config.status 

on ubuntu

config.status:1134: creating Makefile
config.status:1134: creating udev/udev.pc
config.status:1134: creating init/udev.service
config.status:1134: creating init/udev-settle.service
config.status:1134: creating init/udev-retry.service
config.status:1134: creating libudev/libudev.pc
config.status:1134: creating libudev/docs/Makefile
config.status:1134: creating libudev/docs/version.xml
config.status:1134: creating extras/gudev/gudev-1.0.pc
config.status:1134: creating extras/gudev/docs/Makefile
config.status:1134: creating extras/gudev/docs/version.xml
config.status:1134: creating config.h
config.status:1362: executing depfiles commands
config.status:1362: executing libtool commands
configure:14398: result:
	udev 164
	========

	prefix:			/
	sysconfdir:		${prefix}/etc
	sbindir:		${exec_prefix}/sbin
	libdir:			${exec_prefix}/lib
	rootlibdir:		${exec_prefix}/lib
	libexecdir:		${exec_prefix}/libexec

	datarootdir:		${prefix}/share
	mandir:			${datarootdir}/man
	includedir:		${prefix}/include

	include_prefix:		

	systemdsystemunitdir:	/lib/systemd/system

	logging:		yes
	debug:			no
	selinux:		no

	compiler:		arm-hisiv300-linux-gcc
	cflags:			-march=armv5te -mcpu=arm926ej-s
	ldflags:		-march=armv5te -mcpu=arm926ej-s

	extras:			no
	gintrospection:		no

	usb.ids:		
	pci.ids:		
	firmware path:		\"/lib/firmware/updates/\", \"/lib/firmware/\"

	xsltproc:		/usr/bin/xsltproc
	gperf:			


## ---------------- ##
## Cache variables. ##
## ---------------- ##[]

ac_cv_build=i686-pc-linux-gnu
ac_cv_c_compiler_gnu=yes
ac_cv_env_CC_set=
ac_cv_env_CC_value=
ac_cv_env_CFLAGS_set=set
ac_cv_env_CFLAGS_value='-march=armv5te -mcpu=arm926ej-s'
ac_cv_env_CPPFLAGS_set=
ac_cv_env_CPPFLAGS_value=
ac_cv_env_CPP_set=
ac_cv_env_CPP_value=
ac_cv_env_GLIB_CFLAGS_set=
ac_cv_env_GLIB_CFLAGS_value=
ac_cv_env_GLIB_LIBS_set=
ac_cv_env_GLIB_LIBS_value=
ac_cv_env_INTROSPECTION_CFLAGS_set=
ac_cv_env_INTROSPECTION_CFLAGS_value=
ac_cv_env_INTROSPECTION_LIBS_set=
ac_cv_env_INTROSPECTION_LIBS_value=
ac_cv_env_LDFLAGS_set=set
ac_cv_env_LDFLAGS_value='-march=armv5te -mcpu=arm926ej-s'
ac_cv_env_LIBS_set=
ac_cv_env_LIBS_value=
ac_cv_env_LIBUSB_CFLAGS_set=
ac_cv_env_LIBUSB_CFLAGS_value=
ac_cv_env_LIBUSB_LIBS_set=
ac_cv_env_LIBUSB_LIBS_value=
ac_cv_env_PKG_CONFIG_LIBDIR_set=
ac_cv_env_PKG_CONFIG_LIBDIR_value=
ac_cv_env_PKG_CONFIG_PATH_set=
ac_cv_env_PKG_CONFIG_PATH_value=
ac_cv_env_PKG_CONFIG_set=
ac_cv_env_PKG_CONFIG_value=
ac_cv_env_USBUTILS_CFLAGS_set=
ac_cv_env_USBUTILS_CFLAGS_value=
ac_cv_env_USBUTILS_LIBS_set=
ac_cv_env_USBUTILS_LIBS_value=
ac_cv_env_build_alias_set=
ac_cv_env_build_alias_value=
ac_cv_env_host_alias_set=set
ac_cv_env_host_alias_value=arm-hisiv300-linux
ac_cv_env_target_alias_set=
ac_cv_env_target_alias_value=
ac_cv_header_dlfcn_h=yes
ac_cv_header_inttypes_h=yes
ac_cv_header_memory_h=yes
ac_cv_header_minix_config_h=no
ac_cv_header_stdc=yes
ac_cv_header_stdint_h=yes
ac_cv_header_stdlib_h=yes
ac_cv_header_string_h=yes
ac_cv_header_strings_h=yes
ac_cv_header_sys_stat_h=yes
ac_cv_header_sys_types_h=yes
ac_cv_header_unistd_h=yes
ac_cv_host=arm-hisiv300-linux-gnu
ac_cv_objext=o
ac_cv_path_EGREP='/bin/grep -E'
ac_cv_path_FGREP='/bin/grep -F'
ac_cv_path_GREP=/bin/grep
ac_cv_path_SED=/bin/sed
ac_cv_path_XSLTPROC=/usr/bin/xsltproc
ac_cv_path_ac_pt_PKG_CONFIG=/usr/bin/pkg-config
ac_cv_path_install='/usr/bin/install -c'
ac_cv_path_mkdir=/bin/mkdir
ac_cv_prog_AR=arm-hisiv300-linux-ar
ac_cv_prog_AWK=gawk
ac_cv_prog_CC=arm-hisiv300-linux-gcc
ac_cv_prog_CPP='arm-hisiv300-linux-gcc -E'
ac_cv_prog_OBJDUMP=arm-hisiv300-linux-objdump
ac_cv_prog_RANLIB=arm-hisiv300-linux-ranlib
ac_cv_prog_STRIP=arm-hisiv300-linux-strip
ac_cv_prog_cc_c89=
ac_cv_prog_cc_g=yes
ac_cv_prog_make_make_set=yes
ac_cv_safe_to_define___extensions__=yes
ac_cv_sys_file_offset_bits=64
ac_cv_sys_largefile_CC=no
am_cv_CC_dependencies_compiler_type=gcc3
lt_cv_deplibs_check_method=pass_all
lt_cv_file_magic_cmd='$MAGIC_CMD'
lt_cv_file_magic_test_file=
lt_cv_ld_reload_flag=-r
lt_cv_nm_interface='BSD nm'
lt_cv_objdir=.libs
lt_cv_path_LD=/opt/hisi-linux/x86-arm/arm-hisiv300-linux/arm-hisiv300-linux-uclibcgnueabi/bin/ld
lt_cv_path_NM='/opt/hisi-linux/x86-arm/arm-hisiv300-linux/target/bin/arm-hisiv300-linux-nm -B'
lt_cv_prog_compiler_c_o=yes
lt_cv_prog_compiler_pic_works=yes
lt_cv_prog_compiler_rtti_exceptions=no
lt_cv_prog_compiler_static_works=yes
lt_cv_prog_gnu_ld=yes
lt_cv_sys_global_symbol_pipe='sed -n -e '\''s/^.*[	 ]\([ABCDGIRSTW][ABCDGIRSTW]*\)[	 ][	 ]*\([_A-Za-z][_A-Za-z0-9]*\)$/\1 \2 \2/p'\'''
lt_cv_sys_global_symbol_to_c_name_address='sed -n -e '\''s/^: \([^ ]*\) $/  {\"\1\", (void *) 0},/p'\'' -e '\''s/^[ABCDGIRSTW]* \([^ ]*\) \([^ ]*\)$/  {"\2", (void *) \&\2},/p'\'''
lt_cv_sys_global_symbol_to_c_name_address_lib_prefix='sed -n -e '\''s/^: \([^ ]*\) $/  {\"\1\", (void *) 0},/p'\'' -e '\''s/^[ABCDGIRSTW]* \([^ ]*\) \(lib[^ ]*\)$/  {"\2", (void *) \&\2},/p'\'' -e '\''s/^[ABCDGIRSTW]* \([^ ]*\) \([^ ]*\)$/  {"lib\2", (void *) \&\2},/p'\'''
lt_cv_sys_global_symbol_to_cdecl='sed -n -e '\''s/^T .* \(.*\)$/extern int \1();/p'\'' -e '\''s/^[ABCDGIRSTW]* .* \(.*\)$/extern char \1;/p'\'''
lt_cv_sys_max_cmd_len=1572864

## ----------------- ##
## Output variables. ##
## ----------------- ##[]

ACLOCAL='${SHELL} /new/Hi3518E/Hi3518E_SDK_V1.0.3.0/Hi3518E_SDK_V1.0.3.0/osdrv/tools/board/udev-164/tmp/udev-164/missing --run aclocal-1.11'
AMDEPBACKSLASH='\'
AMDEP_FALSE='#'
AMDEP_TRUE=''
AMTAR='${SHELL} /new/Hi3518E/Hi3518E_SDK_V1.0.3.0/Hi3518E_SDK_V1.0.3.0/osdrv/tools/board/udev-164/tmp/udev-164/missing --run tar'
AM_BACKSLASH='\'
AM_DEFAULT_VERBOSITY='0'
AR='arm-hisiv300-linux-ar'
AUTOCONF='${SHELL} /new/Hi3518E/Hi3518E_SDK_V1.0.3.0/Hi3518E_SDK_V1.0.3.0/osdrv/tools/board/udev-164/tmp/udev-164/missing --run autoconf'
AUTOHEADER='${SHELL} /new/Hi3518E/Hi3518E_SDK_V1.0.3.0/Hi3518E_SDK_V1.0.3.0/osdrv/tools/board/udev-164/tmp/udev-164/missing --run autoheader'
AUTOMAKE='${SHELL} /new/Hi3518E/Hi3518E_SDK_V1.0.3.0/Hi3518E_SDK_V1.0.3.0/osdrv/tools/board/udev-164/tmp/udev-164/missing --run automake-1.11'
AWK='gawk'
CC='arm-hisiv300-linux-gcc'
CCDEPMODE='depmode=gcc3'
CFLAGS='-march=armv5te -mcpu=arm926ej-s'
CPP='arm-hisiv300-linux-gcc -E'
CPPFLAGS=''
CYGPATH_W='echo'
DEFS='-DHAVE_CONFIG_H'
DEPDIR='.deps'
DSYMUTIL=''
DUMPBIN=''
ECHO_C=''
ECHO_N='-n'
ECHO_T=''
EGREP='/bin/grep -E'
ENABLE_EXTRAS_FALSE=''
ENABLE_EXTRAS_TRUE='#'
ENABLE_GTK_DOC_FALSE=''
ENABLE_GTK_DOC_TRUE='#'
ENABLE_INTROSPECTION_FALSE=''
ENABLE_INTROSPECTION_TRUE='#'
EXEEXT=''
FGREP='/bin/grep -F'
FIRMWARE_PATH='\"/lib/firmware/updates/\", \"/lib/firmware/\"'
GIRDIR=''
GIRTYPELIBDIR=''
GLIB_CFLAGS=''
GLIB_LIBS=''
GPERF=''
GREP='/bin/grep'
GTKDOC_CHECK=''
GTKDOC_MKPDF=''
GTKDOC_REBASE='true'
GTK_DOC_BUILD_HTML_FALSE='#'
GTK_DOC_BUILD_HTML_TRUE=''
GTK_DOC_BUILD_PDF_FALSE=''
GTK_DOC_BUILD_PDF_TRUE='#'
GTK_DOC_USE_LIBTOOL_FALSE='#'
GTK_DOC_USE_LIBTOOL_TRUE=''
GTK_DOC_USE_REBASE_FALSE='#'
GTK_DOC_USE_REBASE_TRUE=''
G_IR_COMPILER=''
G_IR_GENERATE=''
G_IR_SCANNER=''
HTML_DIR='${datadir}/gtk-doc/html'
INCLUDE_PREFIX=''
INSTALL_DATA='${INSTALL} -m 644'
INSTALL_PROGRAM='${INSTALL}'
INSTALL_SCRIPT='${INSTALL}'
INSTALL_STRIP_PROGRAM='$(install_sh) -c -s'
INTROSPECTION_CFLAGS=''
INTROSPECTION_LIBS=''
LD='/opt/hisi-linux/x86-arm/arm-hisiv300-linux/arm-hisiv300-linux-uclibcgnueabi/bin/ld'
LDFLAGS='-march=armv5te -mcpu=arm926ej-s'
LIBOBJS=''
LIBS=''
LIBTOOL='$(SHELL) $(top_builddir)/libtool'
LIBUSB_CFLAGS=''
LIBUSB_LIBS=''
LIPO=''
LN_S='ln -s'
LTLIBOBJS=''
MAKEINFO='${SHELL} /new/Hi3518E/Hi3518E_SDK_V1.0.3.0/Hi3518E_SDK_V1.0.3.0/osdrv/tools/board/udev-164/tmp/udev-164/missing --run makeinfo'
MKDIR_P='/bin/mkdir -p'
NM='/opt/hisi-linux/x86-arm/arm-hisiv300-linux/target/bin/arm-hisiv300-linux-nm -B'
NMEDIT=''
OBJDUMP='arm-hisiv300-linux-objdump'
OBJEXT='o'
OTOOL64=''
OTOOL=''
PACKAGE='udev'
PACKAGE_BUGREPORT='linux-hotplug@vger.kernel.org'
PACKAGE_NAME='udev'
PACKAGE_STRING='udev 164'
PACKAGE_TARNAME='udev'
PACKAGE_URL=''
PACKAGE_VERSION='164'
PATH_SEPARATOR=':'
PCI_DATABASE=''
PKG_CONFIG='/usr/bin/pkg-config'
PKG_CONFIG_LIBDIR=''
PKG_CONFIG_PATH=''
RANLIB='arm-hisiv300-linux-ranlib'
SED='/bin/sed'
SELINUX_LIBS=''
SET_MAKE=''
SHELL='/bin/sh'
STRIP='arm-hisiv300-linux-strip'
USBUTILS_CFLAGS=''
USBUTILS_LIBS=''
USB_DATABASE=''
VERSION='164'
WITH_SELINUX_FALSE=''
WITH_SELINUX_TRUE='#'
WITH_SYSTEMD_FALSE='#'
WITH_SYSTEMD_TRUE=''
XSLTPROC='/usr/bin/xsltproc'
ac_ct_CC=''
ac_ct_DUMPBIN=''
am__EXEEXT_FALSE=''
am__EXEEXT_TRUE='#'
am__fastdepCC_FALSE='#'
am__fastdepCC_TRUE=''
am__include='include'
am__isrc=''
am__leading_dot='.'
am__quote=''
am__tar='${AMTAR} chof - "$$tardir"'
am__untar='${AMTAR} xf -'
bindir='${exec_prefix}/bin'
build='i686-pc-linux-gnu'
build_alias=''
build_cpu='i686'
build_os='linux-gnu'
build_vendor='pc'
datadir='${datarootdir}'
datarootdir='${prefix}/share'
docdir='${datarootdir}/doc/${PACKAGE_TARNAME}'
dvidir='${docdir}'
exec_prefix='${prefix}'
host='arm-hisiv300-linux-gnu'
host_alias='arm-hisiv300-linux'
host_cpu='arm'
host_os='linux-gnu'
host_vendor='hisiv300'
htmldir='${docdir}'
includedir='${prefix}/include'
infodir='${datarootdir}/info'
install_sh='${SHELL} /new/Hi3518E/Hi3518E_SDK_V1.0.3.0/Hi3518E_SDK_V1.0.3.0/osdrv/tools/board/udev-164/tmp/udev-164/install-sh'
libdir='${exec_prefix}/lib'
libexecdir='${exec_prefix}/libexec'
localedir='${datarootdir}/locale'
localstatedir='${prefix}/var'
lt_ECHO='echo'
mandir='${datarootdir}/man'
mkdir_p='/bin/mkdir -p'
oldincludedir='/usr/include'
pdfdir='${docdir}'
prefix='/'
program_transform_name='s,x,x,'
psdir='${docdir}'
rootlib_execdir='${exec_prefix}/lib'
sbindir='${exec_prefix}/sbin'
sharedstatedir='${prefix}/com'
sysconfdir='${prefix}/etc'
systemdsystemunitdir='/lib/systemd/system'
target_alias=''

## ----------- ##
## confdefs.h. ##
## ----------- ##[]

/* confdefs.h */
#define PACKAGE_NAME "udev"
#define PACKAGE_TARNAME "udev"
#define PACKAGE_VERSION "164"
#define PACKAGE_STRING "udev 164"
#define PACKAGE_BUGREPORT "linux-hotplug@vger.kernel.org"
#define PACKAGE_URL ""
#define PACKAGE "udev"
#define VERSION "164"
#define STDC_HEADERS 1
#define HAVE_SYS_TYPES_H 1
#define HAVE_SYS_STAT_H 1
#define HAVE_STDLIB_H 1
#define HAVE_STRING_H 1
#define HAVE_MEMORY_H 1
#define HAVE_STRINGS_H 1
#define HAVE_INTTYPES_H 1
#define HAVE_STDINT_H 1
#define HAVE_UNISTD_H 1
#define __EXTENSIONS__ 1
#define _ALL_SOURCE 1
#define _GNU_SOURCE 1
#define _POSIX_PTHREAD_SEMANTICS 1
#define _TANDEM_SOURCE 1
#define _FILE_OFFSET_BITS 64
#define HAVE_DLFCN_H 1
#define LT_OBJDIR ".libs/"
#define ENABLE_LOGGING 1

configure: exit 0
