This file contains any messages produced by compilers while
running configure, to aid debugging if configure makes a mistake.

It was created by ethtool configure 6, which was
generated by GNU Autoconf 2.59.  Invocation command line was

  $ ./configure --host=arm-hisiv300-linux CFLAGS=-march=armv5te -mcpu=arm926ej-s --enable-static --disable-shared --prefix=/new/Hi3518E/Hi3518E_SDK_V1.0.3.0/Hi3518E_SDK_V1.0.3.0/osdrv/tools/board/ethtools/ethtool-6/bin

## --------- ##
## Platform. ##
## --------- ##

hostname = ubuntu
uname -m = i686
uname -r = 4.15.0-74-generic
uname -s = Linux
uname -v = #83~16.04.1-Ubuntu SMP Wed Dec 18 04:55:53 UTC 2019

/usr/bin/uname -p = unknown
/bin/uname -X     = unknown

/bin/arch              = unknown
/usr/bin/arch -k       = unknown
/usr/convex/getsysinfo = unknown
hostinfo               = unknown
/bin/machine           = unknown
/usr/bin/oslevel       = unknown
/bin/universe          = unknown

PATH: /home/lzh/bin
PATH: /home/lzh/.local/bin
PATH: /bin
PATH: /sbin
PATH: /usr/bin
PATH: /usr/sbin
PATH: /usr/local/bin
PATH: /work/openwrt/cc_20170208/openwrt/staging_dir/toolchain-mipsel_24kec+dsp_gcc-4.8-linaro_uClibc-0.9.33.2/bin
PATH: /opt/hisi-linux/x86-arm/arm-hisiv300-linux/target/bin
PATH: /opt/buildroot-gcc342/bin
PATH: /home/lzh/esp/xtensa-esp32-elf/bin
PATH: /old/esp/esp-idf/tools
PATH: /opt/hisi-linux/x86-arm/arm-hisiv300-linux/target/bin
PATH: /usr/local/sbin
PATH: /usr/local/bin
PATH: /usr/sbin
PATH: /usr/bin
PATH: /sbin
PATH: /bin
PATH: /usr/games
PATH: /usr/local/games
PATH: /snap/bin


## ----------- ##
## Core tests. ##
## ----------- ##

configure:1356: checking for a BSD-compatible install
configure:1411: result: /usr/bin/install -c
configure:1422: checking whether build environment is sane
configure:1465: result: yes
configure:1530: checking for gawk
configure:1546: found /usr/bin/gawk
configure:1556: result: gawk
configure:1566: checking whether make sets $(MAKE)
configure:1586: result: yes
configure:1662: checking for arm-hisiv300-linux-strip
configure:1678: found /opt/hisi-linux/x86-arm/arm-hisiv300-linux/target/bin/arm-hisiv300-linux-strip
configure:1688: result: arm-hisiv300-linux-strip
configure:1757: checking whether to enable maintainer-specific portions of Makefiles
configure:1766: result: no
configure:1790: checking for arm-hisiv300-linux-gcc
configure:1806: found /opt/hisi-linux/x86-arm/arm-hisiv300-linux/target/bin/arm-hisiv300-linux-gcc
configure:1816: result: arm-hisiv300-linux-gcc
configure:2098: checking for C compiler version
configure:2101: arm-hisiv300-linux-gcc --version </dev/null >&5
arm-hisiv300-linux-gcc (Hisilicon_v300) 4.8.3 20131202 (prerelease)
Copyright (C) 2013 Free Software Foundation, Inc.
This is free software; see the source for copying conditions.  There is NO
warranty; not even for MERCHANTABILITY or FITNESS FOR A PARTICULAR PURPOSE.

configure:2104: $? = 0
configure:2106: arm-hisiv300-linux-gcc -v </dev/null >&5
Using built-in specs.
COLLECT_GCC=arm-hisiv300-linux-gcc
COLLECT_LTO_WRAPPER=/opt/hisi-linux/x86-arm/arm-hisiv300-linux/bin/../libexec/gcc/arm-hisiv300-linux-uclibcgnueabi/4.8.3/lto-wrapper
Target: arm-hisiv300-linux-uclibcgnueabi
Configured with: '../gcc~linaro-4.8-2013.12/configure' --host=i386-redhat-linux --build=i386-redhat-linux --target=arm-hisiv300-linux-uclibcgnueabi --prefix=/home/sying/wucaiyuan_toolchain/v300/uclibc_gcc4.8_linaro_toolchain_optimized/install/arm-hisiv300-linux --enable-threads --disable-libmudflap --disable-libssp --disable-libstdcxx-pch --with-arch=armv5te --with-gnu-as --with-gnu-ld --enable-languages=c,c++ --enable-shared --enable-lto --enable-symvers=gnu --enable-__cxa_atexit --enable-nls --enable-clocale=gnu --enable-extra-hisi-multilibs --with-sysroot=/home/sying/wucaiyuan_toolchain/v300/uclibc_gcc4.8_linaro_toolchain_optimized/install/arm-hisiv300-linux/target --with-build-sysroot=/home/sying/wucaiyuan_toolchain/v300/uclibc_gcc4.8_linaro_toolchain_optimized/install/arm-hisiv300-linux/target --with-gmp=/home/sying/wucaiyuan_toolchain/v300/uclibc_gcc4.8_linaro_toolchain_optimized/install/host_lib --with-mpfr=/home/sying/wucaiyuan_toolchain/v300/uclibc_gcc4.8_linaro_toolchain_optimized/install/host_lib --with-mpc=/home/sying/wucaiyuan_toolchain/v300/uclibc_gcc4.8_linaro_toolchain_optimized/install/host_lib --with-ppl=/home/sying/wucaiyuan_toolchain/v300/uclibc_gcc4.8_linaro_toolchain_optimized/install/host_lib --with-cloog=/home/sying/wucaiyuan_toolchain/v300/uclibc_gcc4.8_linaro_toolchain_optimized/install/host_lib --with-libelf=/home/sying/wucaiyuan_toolchain/v300/uclibc_gcc4.8_linaro_toolchain_optimized/install/host_lib --enable-libgomp --disable-libitm --enable-poison-system-directories --with-libelf=/home/sying/wucaiyuan_toolchain/v300/uclibc_gcc4.8_linaro_toolchain_optimized/install/host_lib --with-pkgversion=Hisilicon_v300 --with-bugurl=http://www.hisilicon.com/cn/service/claim.html
Thread model: posix
gcc version 4.8.3 20131202 (prerelease) (Hisilicon_v300) 
configure:2109: $? = 0
configure:2111: arm-hisiv300-linux-gcc -V </dev/null >&5
arm-hisiv300-linux-gcc: error: unrecognized command line option '-V'
arm-hisiv300-linux-gcc: fatal error: no input files
compilation terminated.
configure:2114: $? = 1
configure:2137: checking for C compiler default output file name
configure:2140: arm-hisiv300-linux-gcc -march=armv5te -mcpu=arm926ej-s   conftest.c  >&5
configure:2143: $? = 0
configure:2189: result: a.out
configure:2194: checking whether the C compiler works
configure:2200: ./a.out
./configure: line 2201: ./a.out: cannot execute binary file: Exec format error
configure:2203: $? = 126
configure:2220: result: yes
configure:2227: checking whether we are cross compiling
configure:2229: result: yes
configure:2232: checking for suffix of executables
configure:2234: arm-hisiv300-linux-gcc -o conftest -march=armv5te -mcpu=arm926ej-s   conftest.c  >&5
configure:2237: $? = 0
configure:2262: result: 
configure:2268: checking for suffix of object files
configure:2289: arm-hisiv300-linux-gcc -c -march=armv5te -mcpu=arm926ej-s  conftest.c >&5
configure:2292: $? = 0
configure:2314: result: o
configure:2318: checking whether we are using the GNU C compiler
configure:2342: arm-hisiv300-linux-gcc -c -march=armv5te -mcpu=arm926ej-s  conftest.c >&5
configure:2348: $? = 0
configure:2352: test -z 
			 || test ! -s conftest.err
configure:2355: $? = 0
configure:2358: test -s conftest.o
configure:2361: $? = 0
configure:2374: result: yes
configure:2380: checking whether arm-hisiv300-linux-gcc accepts -g
configure:2401: arm-hisiv300-linux-gcc -c -g  conftest.c >&5
configure:2407: $? = 0
configure:2411: test -z 
			 || test ! -s conftest.err
configure:2414: $? = 0
configure:2417: test -s conftest.o
configure:2420: $? = 0
configure:2431: result: yes
configure:2448: checking for arm-hisiv300-linux-gcc option to accept ANSI C
configure:2518: arm-hisiv300-linux-gcc  -c -march=armv5te -mcpu=arm926ej-s  conftest.c >&5
configure:2524: $? = 0
configure:2528: test -z 
			 || test ! -s conftest.err
configure:2531: $? = 0
configure:2534: test -s conftest.o
configure:2537: $? = 0
configure:2555: result: none needed
configure:2573: arm-hisiv300-linux-gcc -c -march=armv5te -mcpu=arm926ej-s  conftest.c >&5
conftest.c:2:3: error: unknown type name 'choke'
   choke me
   ^
conftest.c:2:3: error: expected '=', ',', ';', 'asm' or '__attribute__' at end of input
configure:2579: $? = 1
configure: failed program was:
| #ifndef __cplusplus
|   choke me
| #endif
configure:2723: checking for style of include used by make
configure:2751: result: GNU
configure:2779: checking dependency style of arm-hisiv300-linux-gcc
configure:2869: result: gcc3
configure:2892: checking how to run the C preprocessor
configure:2927: arm-hisiv300-linux-gcc -E  conftest.c
configure:2933: $? = 0
configure:2965: arm-hisiv300-linux-gcc -E  conftest.c
conftest.c:11:28: fatal error: ac_nonexistent.h: No such file or directory
 #include <ac_nonexistent.h>
                            ^
compilation terminated.
configure:2971: $? = 1
configure: failed program was:
| /* confdefs.h.  */
| 
| #define PACKAGE_NAME "ethtool"
| #define PACKAGE_TARNAME "ethtool"
| #define PACKAGE_VERSION "6"
| #define PACKAGE_STRING "ethtool 6"
| #define PACKAGE_BUGREPORT "Jeff Garzik <jgarzik@pobox.com>"
| #define PACKAGE "ethtool"
| #define VERSION "6"
| /* end confdefs.h.  */
| #include <ac_nonexistent.h>
configure:3010: result: arm-hisiv300-linux-gcc -E
configure:3034: arm-hisiv300-linux-gcc -E  conftest.c
configure:3040: $? = 0
configure:3072: arm-hisiv300-linux-gcc -E  conftest.c
conftest.c:11:28: fatal error: ac_nonexistent.h: No such file or directory
 #include <ac_nonexistent.h>
                            ^
compilation terminated.
configure:3078: $? = 1
configure: failed program was:
| /* confdefs.h.  */
| 
| #define PACKAGE_NAME "ethtool"
| #define PACKAGE_TARNAME "ethtool"
| #define PACKAGE_VERSION "6"
| #define PACKAGE_STRING "ethtool 6"
| #define PACKAGE_BUGREPORT "Jeff Garzik <jgarzik@pobox.com>"
| #define PACKAGE "ethtool"
| #define VERSION "6"
| /* end confdefs.h.  */
| #include <ac_nonexistent.h>
configure:3122: checking for egrep
configure:3132: result: grep -E
configure:3138: checking whether arm-hisiv300-linux-gcc needs -traditional
In file included from conftest.c:11:0:
/opt/hisi-linux/x86-arm/arm-hisiv300-linux/target/usr/include/sgtty.h:22:2: warning: #warning useless header on uClibc [-Wcpp]
 #warning useless header on uClibc
  ^
configure:3180: result: no
configure:3189: checking for ANSI C header files
configure:3214: arm-hisiv300-linux-gcc -c -march=armv5te -mcpu=arm926ej-s  conftest.c >&5
configure:3220: $? = 0
configure:3224: test -z 
			 || test ! -s conftest.err
configure:3227: $? = 0
configure:3230: test -s conftest.o
configure:3233: $? = 0
configure:3345: result: yes
configure:3369: checking for sys/types.h
configure:3385: arm-hisiv300-linux-gcc -c -march=armv5te -mcpu=arm926ej-s  conftest.c >&5
configure:3391: $? = 0
configure:3395: test -z 
			 || test ! -s conftest.err
configure:3398: $? = 0
configure:3401: test -s conftest.o
configure:3404: $? = 0
configure:3415: result: yes
configure:3369: checking for sys/stat.h
configure:3385: arm-hisiv300-linux-gcc -c -march=armv5te -mcpu=arm926ej-s  conftest.c >&5
configure:3391: $? = 0
configure:3395: test -z 
			 || test ! -s conftest.err
configure:3398: $? = 0
configure:3401: test -s conftest.o
configure:3404: $? = 0
configure:3415: result: yes
configure:3369: checking for stdlib.h
configure:3385: arm-hisiv300-linux-gcc -c -march=armv5te -mcpu=arm926ej-s  conftest.c >&5
configure:3391: $? = 0
configure:3395: test -z 
			 || test ! -s conftest.err
configure:3398: $? = 0
configure:3401: test -s conftest.o
configure:3404: $? = 0
configure:3415: result: yes
configure:3369: checking for string.h
configure:3385: arm-hisiv300-linux-gcc -c -march=armv5te -mcpu=arm926ej-s  conftest.c >&5
configure:3391: $? = 0
configure:3395: test -z 
			 || test ! -s conftest.err
configure:3398: $? = 0
configure:3401: test -s conftest.o
configure:3404: $? = 0
configure:3415: result: yes
configure:3369: checking for memory.h
configure:3385: arm-hisiv300-linux-gcc -c -march=armv5te -mcpu=arm926ej-s  conftest.c >&5
configure:3391: $? = 0
configure:3395: test -z 
			 || test ! -s conftest.err
configure:3398: $? = 0
configure:3401: test -s conftest.o
configure:3404: $? = 0
configure:3415: result: yes
configure:3369: checking for strings.h
configure:3385: arm-hisiv300-linux-gcc -c -march=armv5te -mcpu=arm926ej-s  conftest.c >&5
configure:3391: $? = 0
configure:3395: test -z 
			 || test ! -s conftest.err
configure:3398: $? = 0
configure:3401: test -s conftest.o
configure:3404: $? = 0
configure:3415: result: yes
configure:3369: checking for inttypes.h
configure:3385: arm-hisiv300-linux-gcc -c -march=armv5te -mcpu=arm926ej-s  conftest.c >&5
configure:3391: $? = 0
configure:3395: test -z 
			 || test ! -s conftest.err
configure:3398: $? = 0
configure:3401: test -s conftest.o
configure:3404: $? = 0
configure:3415: result: yes
configure:3369: checking for stdint.h
configure:3385: arm-hisiv300-linux-gcc -c -march=armv5te -mcpu=arm926ej-s  conftest.c >&5
configure:3391: $? = 0
configure:3395: test -z 
			 || test ! -s conftest.err
configure:3398: $? = 0
configure:3401: test -s conftest.o
configure:3404: $? = 0
configure:3415: result: yes
configure:3369: checking for unistd.h
configure:3385: arm-hisiv300-linux-gcc -c -march=armv5te -mcpu=arm926ej-s  conftest.c >&5
configure:3391: $? = 0
configure:3395: test -z 
			 || test ! -s conftest.err
configure:3398: $? = 0
configure:3401: test -s conftest.o
configure:3404: $? = 0
configure:3415: result: yes
configure:3441: checking sys/ioctl.h usability
configure:3453: arm-hisiv300-linux-gcc -c -march=armv5te -mcpu=arm926ej-s  conftest.c >&5
configure:3459: $? = 0
configure:3463: test -z 
			 || test ! -s conftest.err
configure:3466: $? = 0
configure:3469: test -s conftest.o
configure:3472: $? = 0
configure:3482: result: yes
configure:3486: checking sys/ioctl.h presence
configure:3496: arm-hisiv300-linux-gcc -E  conftest.c
configure:3502: $? = 0
configure:3522: result: yes
configure:3557: checking for sys/ioctl.h
configure:3564: result: yes
configure:3579: checking for ANSI C header files
configure:3735: result: yes
configure:3750: checking for socket
configure:3807: arm-hisiv300-linux-gcc -o conftest -march=armv5te -mcpu=arm926ej-s   conftest.c  >&5
configure:3813: $? = 0
configure:3817: test -z 
			 || test ! -s conftest.err
configure:3820: $? = 0
configure:3823: test -s conftest
configure:3826: $? = 0
configure:3838: result: yes
configure:3750: checking for strtol
configure:3807: arm-hisiv300-linux-gcc -o conftest -march=armv5te -mcpu=arm926ej-s   conftest.c  >&5
configure:3813: $? = 0
configure:3817: test -z 
			 || test ! -s conftest.err
configure:3820: $? = 0
configure:3823: test -s conftest
configure:3826: $? = 0
configure:3838: result: yes
configure:3967: creating ./config.status

## ---------------------- ##
## Running config.status. ##
## ---------------------- ##

This file was extended by ethtool config.status 6, which was
generated by GNU Autoconf 2.59.  Invocation command line was

  CONFIG_FILES    = 
  CONFIG_HEADERS  = 
  CONFIG_LINKS    = 
  CONFIG_COMMANDS = 
  $ ./config.status 

on ubuntu

config.status:693: creating Makefile
config.status:693: creating ethtool.spec
config.status:797: creating ethtool-config.h
config.status:1091: executing depfiles commands

## ---------------- ##
## Cache variables. ##
## ---------------- ##

ac_cv_c_compiler_gnu=yes
ac_cv_env_CC_set=
ac_cv_env_CC_value=
ac_cv_env_CFLAGS_set=set
ac_cv_env_CFLAGS_value='-march=armv5te -mcpu=arm926ej-s'
ac_cv_env_CPPFLAGS_set=
ac_cv_env_CPPFLAGS_value=
ac_cv_env_CPP_set=
ac_cv_env_CPP_value=
ac_cv_env_LDFLAGS_set=
ac_cv_env_LDFLAGS_value=
ac_cv_env_build_alias_set=
ac_cv_env_build_alias_value=
ac_cv_env_host_alias_set=set
ac_cv_env_host_alias_value=arm-hisiv300-linux
ac_cv_env_target_alias_set=
ac_cv_env_target_alias_value=
ac_cv_exeext=
ac_cv_func_socket=yes
ac_cv_func_strtol=yes
ac_cv_header_inttypes_h=yes
ac_cv_header_memory_h=yes
ac_cv_header_stdc=yes
ac_cv_header_stdint_h=yes
ac_cv_header_stdlib_h=yes
ac_cv_header_string_h=yes
ac_cv_header_strings_h=yes
ac_cv_header_sys_ioctl_h=yes
ac_cv_header_sys_stat_h=yes
ac_cv_header_sys_types_h=yes
ac_cv_header_unistd_h=yes
ac_cv_objext=o
ac_cv_path_install='/usr/bin/install -c'
ac_cv_prog_AWK=gawk
ac_cv_prog_CC=arm-hisiv300-linux-gcc
ac_cv_prog_CPP='arm-hisiv300-linux-gcc -E'
ac_cv_prog_STRIP=arm-hisiv300-linux-strip
ac_cv_prog_cc_g=yes
ac_cv_prog_cc_stdc=
ac_cv_prog_egrep='grep -E'
ac_cv_prog_gcc_traditional=no
ac_cv_prog_make_make_set=yes
am_cv_CC_dependencies_compiler_type=gcc3

## ----------------- ##
## Output variables. ##
## ----------------- ##

ACLOCAL='${SHELL} /new/Hi3518E/Hi3518E_SDK_V1.0.3.0/Hi3518E_SDK_V1.0.3.0/osdrv/tools/board/ethtools/ethtool-6/missing --run aclocal-1.9'
AMDEPBACKSLASH='\'
AMDEP_FALSE='#'
AMDEP_TRUE=''
AMTAR='${SHELL} /new/Hi3518E/Hi3518E_SDK_V1.0.3.0/Hi3518E_SDK_V1.0.3.0/osdrv/tools/board/ethtools/ethtool-6/missing --run tar'
AUTOCONF='${SHELL} /new/Hi3518E/Hi3518E_SDK_V1.0.3.0/Hi3518E_SDK_V1.0.3.0/osdrv/tools/board/ethtools/ethtool-6/missing --run autoconf'
AUTOHEADER='${SHELL} /new/Hi3518E/Hi3518E_SDK_V1.0.3.0/Hi3518E_SDK_V1.0.3.0/osdrv/tools/board/ethtools/ethtool-6/missing --run autoheader'
AUTOMAKE='${SHELL} /new/Hi3518E/Hi3518E_SDK_V1.0.3.0/Hi3518E_SDK_V1.0.3.0/osdrv/tools/board/ethtools/ethtool-6/missing --run automake-1.9'
AWK='gawk'
CC='arm-hisiv300-linux-gcc'
CCDEPMODE='depmode=gcc3'
CFLAGS='-march=armv5te -mcpu=arm926ej-s'
CPP='arm-hisiv300-linux-gcc -E'
CPPFLAGS=''
CYGPATH_W='echo'
DEFS='-DHAVE_CONFIG_H'
DEPDIR='.deps'
ECHO_C=''
ECHO_N='-n'
ECHO_T=''
EGREP='grep -E'
EXEEXT=''
INSTALL_DATA='${INSTALL} -m 644'
INSTALL_PROGRAM='${INSTALL}'
INSTALL_SCRIPT='${INSTALL}'
INSTALL_STRIP_PROGRAM='${SHELL} $(install_sh) -c -s'
LDFLAGS=''
LIBOBJS=''
LIBS=''
LTLIBOBJS=''
MAINT='#'
MAINTAINER_MODE_FALSE=''
MAINTAINER_MODE_TRUE='#'
MAKEINFO='${SHELL} /new/Hi3518E/Hi3518E_SDK_V1.0.3.0/Hi3518E_SDK_V1.0.3.0/osdrv/tools/board/ethtools/ethtool-6/missing --run makeinfo'
OBJEXT='o'
PACKAGE='ethtool'
PACKAGE_BUGREPORT='Jeff Garzik <jgarzik@pobox.com>'
PACKAGE_NAME='ethtool'
PACKAGE_STRING='ethtool 6'
PACKAGE_TARNAME='ethtool'
PACKAGE_VERSION='6'
PATH_SEPARATOR=':'
SET_MAKE=''
SHELL='/bin/sh'
STRIP='arm-hisiv300-linux-strip'
VERSION='6'
ac_ct_CC=''
ac_ct_STRIP=''
am__fastdepCC_FALSE='#'
am__fastdepCC_TRUE=''
am__include='include'
am__leading_dot='.'
am__quote=''
am__tar='${AMTAR} chof - "$$tardir"'
am__untar='${AMTAR} xf -'
bindir='${exec_prefix}/bin'
build_alias=''
datadir='${prefix}/share'
exec_prefix='${prefix}'
host_alias='arm-hisiv300-linux'
includedir='${prefix}/include'
infodir='${prefix}/info'
install_sh='/new/Hi3518E/Hi3518E_SDK_V1.0.3.0/Hi3518E_SDK_V1.0.3.0/osdrv/tools/board/ethtools/ethtool-6/install-sh'
libdir='${exec_prefix}/lib'
libexecdir='${exec_prefix}/libexec'
localstatedir='${prefix}/var'
mandir='${prefix}/man'
mkdir_p='mkdir -p --'
oldincludedir='/usr/include'
prefix='/new/Hi3518E/Hi3518E_SDK_V1.0.3.0/Hi3518E_SDK_V1.0.3.0/osdrv/tools/board/ethtools/ethtool-6/bin'
program_transform_name='s,x,x,'
sbindir='${exec_prefix}/sbin'
sharedstatedir='${prefix}/com'
sysconfdir='${prefix}/etc'
target_alias=''

## ----------- ##
## confdefs.h. ##
## ----------- ##

#define HAVE_INTTYPES_H 1
#define HAVE_MEMORY_H 1
#define HAVE_SOCKET 1
#define HAVE_STDINT_H 1
#define HAVE_STDLIB_H 1
#define HAVE_STRINGS_H 1
#define HAVE_STRING_H 1
#define HAVE_STRTOL 1
#define HAVE_SYS_IOCTL_H 1
#define HAVE_SYS_STAT_H 1
#define HAVE_SYS_TYPES_H 1
#define HAVE_UNISTD_H 1
#define PACKAGE "ethtool"
#define PACKAGE_BUGREPORT "Jeff Garzik <jgarzik@pobox.com>"
#define PACKAGE_NAME "ethtool"
#define PACKAGE_STRING "ethtool 6"
#define PACKAGE_TARNAME "ethtool"
#define PACKAGE_VERSION "6"
#define STDC_HEADERS 1
#define STDC_HEADERS 1
#define VERSION "6"

configure: exit 0
