This file contains any messages produced by compilers while
running configure, to aid debugging if configure makes a mistake.

It was created by configure, which was
generated by GNU Autoconf 2.64.  Invocation command line was

  $ ./configure --disable-option-checking --prefix=/new/Hi3518E/Hi3518E_SDK_V1.0.3.0/Hi3518E_SDK_V1.0.3.0/osdrv/tools/board/gdb/bin --with-system-zlib --disable-tui --program-transform-name=s,y,y, --build=i686-pc-linux-gnu --host=arm-hisiv300-linux --target=arm-hisiv300-linux build_alias=i686-pc-linux-gnu host_alias=arm-hisiv300-linux target_alias=arm-hisiv300-linux CC=arm-hisiv300-linux-gcc CFLAGS=-march=armv5te -mcpu=arm926ej-s LDFLAGS=-static-libstdc++ -static-libgcc -L/new/Hi3518E/Hi3518E_SDK_V1.0.3.0/Hi3518E_SDK_V1.0.3.0/osdrv/tools/board/gdb/inst/lib --cache-file=.././config.cache --srcdir=.

## --------- ##
## Platform. ##
## --------- ##

hostname = ubuntu
uname -m = i686
uname -r = 4.15.0-74-generic
uname -s = Linux
uname -v = #83~16.04.1-Ubuntu SMP Wed Dec 18 04:55:53 UTC 2019

/usr/bin/uname -p = unknown
/bin/uname -X     = unknown

/bin/arch              = unknown
/usr/bin/arch -k       = unknown
/usr/convex/getsysinfo = unknown
/usr/bin/hostinfo      = unknown
/bin/machine           = unknown
/usr/bin/oslevel       = unknown
/bin/universe          = unknown

PATH: /home/lzh/bin
PATH: /home/lzh/.local/bin
PATH: /bin
PATH: /sbin
PATH: /usr/bin
PATH: /usr/sbin
PATH: /usr/local/bin
PATH: /work/openwrt/cc_20170208/openwrt/staging_dir/toolchain-mipsel_24kec+dsp_gcc-4.8-linaro_uClibc-0.9.33.2/bin
PATH: /opt/hisi-linux/x86-arm/arm-hisiv300-linux/target/bin
PATH: /opt/buildroot-gcc342/bin
PATH: /home/lzh/esp/xtensa-esp32-elf/bin
PATH: /old/esp/esp-idf/tools
PATH: /opt/hisi-linux/x86-arm/arm-hisiv300-linux/target/bin
PATH: /usr/local/sbin
PATH: /usr/local/bin
PATH: /usr/sbin
PATH: /usr/bin
PATH: /sbin
PATH: /bin
PATH: /usr/games
PATH: /usr/local/games
PATH: /snap/bin


## ----------- ##
## Core tests. ##
## ----------- ##

configure:2120: loading cache .././config.cache
configure:4054: checking for arm-hisiv300-linux-gcc
configure:4081: result: arm-hisiv300-linux-gcc
configure:4350: checking for C compiler version
configure:4359: arm-hisiv300-linux-gcc --version >&5
arm-hisiv300-linux-gcc (Hisilicon_v300) 4.8.3 20131202 (prerelease)
Copyright (C) 2013 Free Software Foundation, Inc.
This is free software; see the source for copying conditions.  There is NO
warranty; not even for MERCHANTABILITY or FITNESS FOR A PARTICULAR PURPOSE.

configure:4370: $? = 0
configure:4359: arm-hisiv300-linux-gcc -v >&5
Using built-in specs.
COLLECT_GCC=arm-hisiv300-linux-gcc
COLLECT_LTO_WRAPPER=/opt/hisi-linux/x86-arm/arm-hisiv300-linux/bin/../libexec/gcc/arm-hisiv300-linux-uclibcgnueabi/4.8.3/lto-wrapper
Target: arm-hisiv300-linux-uclibcgnueabi
Configured with: '../gcc~linaro-4.8-2013.12/configure' --host=i386-redhat-linux --build=i386-redhat-linux --target=arm-hisiv300-linux-uclibcgnueabi --prefix=/home/sying/wucaiyuan_toolchain/v300/uclibc_gcc4.8_linaro_toolchain_optimized/install/arm-hisiv300-linux --enable-threads --disable-libmudflap --disable-libssp --disable-libstdcxx-pch --with-arch=armv5te --with-gnu-as --with-gnu-ld --enable-languages=c,c++ --enable-shared --enable-lto --enable-symvers=gnu --enable-__cxa_atexit --enable-nls --enable-clocale=gnu --enable-extra-hisi-multilibs --with-sysroot=/home/sying/wucaiyuan_toolchain/v300/uclibc_gcc4.8_linaro_toolchain_optimized/install/arm-hisiv300-linux/target --with-build-sysroot=/home/sying/wucaiyuan_toolchain/v300/uclibc_gcc4.8_linaro_toolchain_optimized/install/arm-hisiv300-linux/target --with-gmp=/home/sying/wucaiyuan_toolchain/v300/uclibc_gcc4.8_linaro_toolchain_optimized/install/host_lib --with-mpfr=/home/sying/wucaiyuan_toolchain/v300/uclibc_gcc4.8_linaro_toolchain_optimized/install/host_lib --with-mpc=/home/sying/wucaiyuan_toolchain/v300/uclibc_gcc4.8_linaro_toolchain_optimized/install/host_lib --with-ppl=/home/sying/wucaiyuan_toolchain/v300/uclibc_gcc4.8_linaro_toolchain_optimized/install/host_lib --with-cloog=/home/sying/wucaiyuan_toolchain/v300/uclibc_gcc4.8_linaro_toolchain_optimized/install/host_lib --with-libelf=/home/sying/wucaiyuan_toolchain/v300/uclibc_gcc4.8_linaro_toolchain_optimized/install/host_lib --enable-libgomp --disable-libitm --enable-poison-system-directories --with-libelf=/home/sying/wucaiyuan_toolchain/v300/uclibc_gcc4.8_linaro_toolchain_optimized/install/host_lib --with-pkgversion=Hisilicon_v300 --with-bugurl=http://www.hisilicon.com/cn/service/claim.html
Thread model: posix
gcc version 4.8.3 20131202 (prerelease) (Hisilicon_v300) 
configure:4370: $? = 0
configure:4359: arm-hisiv300-linux-gcc -V >&5
arm-hisiv300-linux-gcc: error: unrecognized command line option '-V'
arm-hisiv300-linux-gcc: fatal error: no input files
compilation terminated.
configure:4370: $? = 1
configure:4359: arm-hisiv300-linux-gcc -qversion >&5
arm-hisiv300-linux-gcc: error: unrecognized command line option '-qversion'
arm-hisiv300-linux-gcc: fatal error: no input files
compilation terminated.
configure:4370: $? = 1
configure:4390: checking for C compiler default output file name
configure:4412: arm-hisiv300-linux-gcc -march=armv5te -mcpu=arm926ej-s  -static-libstdc++ -static-libgcc -L/new/Hi3518E/Hi3518E_SDK_V1.0.3.0/Hi3518E_SDK_V1.0.3.0/osdrv/tools/board/gdb/inst/lib conftest.c  >&5
configure:4416: $? = 0
configure:4453: result: a.out
configure:4469: checking whether the C compiler works
configure:4497: result: yes
configure:4504: checking whether we are cross compiling
configure:4506: result: yes
configure:4509: checking for suffix of executables
configure:4516: arm-hisiv300-linux-gcc -o conftest -march=armv5te -mcpu=arm926ej-s  -static-libstdc++ -static-libgcc -L/new/Hi3518E/Hi3518E_SDK_V1.0.3.0/Hi3518E_SDK_V1.0.3.0/osdrv/tools/board/gdb/inst/lib conftest.c  >&5
configure:4520: $? = 0
configure:4542: result: 
configure:4548: checking for suffix of object files
configure:4595: result: o
configure:4599: checking whether we are using the GNU C compiler
configure:4627: result: yes
configure:4636: checking whether arm-hisiv300-linux-gcc accepts -g
configure:4697: result: yes
configure:4714: checking for arm-hisiv300-linux-gcc option to accept ISO C89
configure:4791: result: none needed
configure:4838: checking build system type
configure:4852: result: i686-pc-linux-gnu
configure:4872: checking host system type
configure:4885: result: arm-hisiv300-linux-gnu
configure:4905: checking target system type
configure:4918: result: arm-hisiv300-linux-gnu
configure:4950: checking how to run the C preprocessor
configure:4981: arm-hisiv300-linux-gcc -E  conftest.c
configure:4981: $? = 0
configure:4995: arm-hisiv300-linux-gcc -E  conftest.c
conftest.c:9:28: fatal error: ac_nonexistent.h: No such file or directory
 #include <ac_nonexistent.h>
                            ^
compilation terminated.
configure:4995: $? = 1
configure: failed program was:
| /* confdefs.h */
| #define PACKAGE_NAME ""
| #define PACKAGE_TARNAME ""
| #define PACKAGE_VERSION ""
| #define PACKAGE_STRING ""
| #define PACKAGE_BUGREPORT ""
| #define PACKAGE_URL ""
| /* end confdefs.h.  */
| #include <ac_nonexistent.h>
configure:5020: result: arm-hisiv300-linux-gcc -E
configure:5040: arm-hisiv300-linux-gcc -E  conftest.c
configure:5040: $? = 0
configure:5054: arm-hisiv300-linux-gcc -E  conftest.c
conftest.c:9:28: fatal error: ac_nonexistent.h: No such file or directory
 #include <ac_nonexistent.h>
                            ^
compilation terminated.
configure:5054: $? = 1
configure: failed program was:
| /* confdefs.h */
| #define PACKAGE_NAME ""
| #define PACKAGE_TARNAME ""
| #define PACKAGE_VERSION ""
| #define PACKAGE_STRING ""
| #define PACKAGE_BUGREPORT ""
| #define PACKAGE_URL ""
| /* end confdefs.h.  */
| #include <ac_nonexistent.h>
configure:5083: checking for grep that handles long lines and -e
configure:5141: result: /bin/grep
configure:5146: checking for egrep
configure:5208: result: /bin/grep -E
configure:5213: checking for ANSI C header files
configure:5233: arm-hisiv300-linux-gcc -c -march=armv5te -mcpu=arm926ej-s  conftest.c >&5
configure:5233: $? = 0
configure:5317: result: yes
configure:5330: checking for sys/types.h
configure:5330: arm-hisiv300-linux-gcc -c -march=armv5te -mcpu=arm926ej-s  conftest.c >&5
configure:5330: $? = 0
configure:5330: result: yes
configure:5330: checking for sys/stat.h
configure:5330: arm-hisiv300-linux-gcc -c -march=armv5te -mcpu=arm926ej-s  conftest.c >&5
configure:5330: $? = 0
configure:5330: result: yes
configure:5330: checking for stdlib.h
configure:5330: arm-hisiv300-linux-gcc -c -march=armv5te -mcpu=arm926ej-s  conftest.c >&5
configure:5330: $? = 0
configure:5330: result: yes
configure:5330: checking for string.h
configure:5330: arm-hisiv300-linux-gcc -c -march=armv5te -mcpu=arm926ej-s  conftest.c >&5
configure:5330: $? = 0
configure:5330: result: yes
configure:5330: checking for memory.h
configure:5330: arm-hisiv300-linux-gcc -c -march=armv5te -mcpu=arm926ej-s  conftest.c >&5
configure:5330: $? = 0
configure:5330: result: yes
configure:5330: checking for strings.h
configure:5330: arm-hisiv300-linux-gcc -c -march=armv5te -mcpu=arm926ej-s  conftest.c >&5
configure:5330: $? = 0
configure:5330: result: yes
configure:5330: checking for inttypes.h
configure:5330: arm-hisiv300-linux-gcc -c -march=armv5te -mcpu=arm926ej-s  conftest.c >&5
configure:5330: $? = 0
configure:5330: result: yes
configure:5330: checking for stdint.h
configure:5330: arm-hisiv300-linux-gcc -c -march=armv5te -mcpu=arm926ej-s  conftest.c >&5
configure:5330: $? = 0
configure:5330: result: yes
configure:5330: checking for unistd.h
configure:5330: arm-hisiv300-linux-gcc -c -march=armv5te -mcpu=arm926ej-s  conftest.c >&5
configure:5330: $? = 0
configure:5330: result: yes
configure:5344: checking minix/config.h usability
configure:5344: arm-hisiv300-linux-gcc -c -march=armv5te -mcpu=arm926ej-s  conftest.c >&5
conftest.c:52:26: fatal error: minix/config.h: No such file or directory
 #include <minix/config.h>
                          ^
compilation terminated.
configure:5344: $? = 1
configure: failed program was:
| /* confdefs.h */
| #define PACKAGE_NAME ""
| #define PACKAGE_TARNAME ""
| #define PACKAGE_VERSION ""
| #define PACKAGE_STRING ""
| #define PACKAGE_BUGREPORT ""
| #define PACKAGE_URL ""
| #define STDC_HEADERS 1
| #define HAVE_SYS_TYPES_H 1
| #define HAVE_SYS_STAT_H 1
| #define HAVE_STDLIB_H 1
| #define HAVE_STRING_H 1
| #define HAVE_MEMORY_H 1
| #define HAVE_STRINGS_H 1
| #define HAVE_INTTYPES_H 1
| #define HAVE_STDINT_H 1
| #define HAVE_UNISTD_H 1
| /* end confdefs.h.  */
| #include <stdio.h>
| #ifdef HAVE_SYS_TYPES_H
| # include <sys/types.h>
| #endif
| #ifdef HAVE_SYS_STAT_H
| # include <sys/stat.h>
| #endif
| #ifdef STDC_HEADERS
| # include <stdlib.h>
| # include <stddef.h>
| #else
| # ifdef HAVE_STDLIB_H
| #  include <stdlib.h>
| # endif
| #endif
| #ifdef HAVE_STRING_H
| # if !defined STDC_HEADERS && defined HAVE_MEMORY_H
| #  include <memory.h>
| # endif
| # include <string.h>
| #endif
| #ifdef HAVE_STRINGS_H
| # include <strings.h>
| #endif
| #ifdef HAVE_INTTYPES_H
| # include <inttypes.h>
| #endif
| #ifdef HAVE_STDINT_H
| # include <stdint.h>
| #endif
| #ifdef HAVE_UNISTD_H
| # include <unistd.h>
| #endif
| #include <minix/config.h>
configure:5344: result: no
configure:5344: checking minix/config.h presence
configure:5344: arm-hisiv300-linux-gcc -E  conftest.c
conftest.c:19:26: fatal error: minix/config.h: No such file or directory
 #include <minix/config.h>
                          ^
compilation terminated.
configure:5344: $? = 1
configure: failed program was:
| /* confdefs.h */
| #define PACKAGE_NAME ""
| #define PACKAGE_TARNAME ""
| #define PACKAGE_VERSION ""
| #define PACKAGE_STRING ""
| #define PACKAGE_BUGREPORT ""
| #define PACKAGE_URL ""
| #define STDC_HEADERS 1
| #define HAVE_SYS_TYPES_H 1
| #define HAVE_SYS_STAT_H 1
| #define HAVE_STDLIB_H 1
| #define HAVE_STRING_H 1
| #define HAVE_MEMORY_H 1
| #define HAVE_STRINGS_H 1
| #define HAVE_INTTYPES_H 1
| #define HAVE_STDINT_H 1
| #define HAVE_UNISTD_H 1
| /* end confdefs.h.  */
| #include <minix/config.h>
configure:5344: result: no
configure:5344: checking for minix/config.h
configure:5344: result: no
configure:5365: checking whether it is safe to define __EXTENSIONS__
configure:5383: arm-hisiv300-linux-gcc -c -march=armv5te -mcpu=arm926ej-s  conftest.c >&5
configure:5383: $? = 0
configure:5390: result: yes
configure:5428: checking for a BSD-compatible install
configure:5496: result: /usr/bin/install -c
configure:5564: checking how to print strings
configure:5591: result: printf
configure:5612: checking for a sed that does not truncate output
configure:5676: result: /bin/sed
configure:5694: checking for fgrep
configure:5756: result: /bin/grep -F
configure:5791: checking for ld used by arm-hisiv300-linux-gcc
configure:5858: result: /opt/hisi-linux/x86-arm/arm-hisiv300-linux/bin/../lib/gcc/arm-hisiv300-linux-uclibcgnueabi/4.8.3/../../../../arm-hisiv300-linux-uclibcgnueabi/bin/ld
configure:5865: checking if the linker (/opt/hisi-linux/x86-arm/arm-hisiv300-linux/bin/../lib/gcc/arm-hisiv300-linux-uclibcgnueabi/4.8.3/../../../../arm-hisiv300-linux-uclibcgnueabi/bin/ld) is GNU ld
configure:5880: result: yes
configure:5892: checking for BSD- or MS-compatible name lister (nm)
configure:5941: result: arm-hisiv300-linux-nm
configure:6071: checking the name lister (arm-hisiv300-linux-nm) interface
configure:6078: arm-hisiv300-linux-gcc -c -march=armv5te -mcpu=arm926ej-s  conftest.c >&5
configure:6081: arm-hisiv300-linux-nm "conftest.o"
configure:6084: output
00000000 B some_variable
configure:6091: result: BSD nm
configure:6094: checking whether ln -s works
configure:6098: result: yes
configure:6106: checking the maximum length of command line arguments
configure:6231: result: 1572864
configure:6248: checking whether the shell understands some XSI constructs
configure:6258: result: yes
configure:6262: checking whether the shell understands "+="
configure:6268: result: yes
configure:6303: checking for /opt/hisi-linux/x86-arm/arm-hisiv300-linux/bin/../lib/gcc/arm-hisiv300-linux-uclibcgnueabi/4.8.3/../../../../arm-hisiv300-linux-uclibcgnueabi/bin/ld option to reload object files
configure:6310: result: -r
configure:6339: checking for arm-hisiv300-linux-objdump
configure:6366: result: arm-hisiv300-linux-objdump
configure:6438: checking how to recognize dependent libraries
configure:6639: result: pass_all
configure:6659: checking for arm-hisiv300-linux-ar
configure:6686: result: arm-hisiv300-linux-ar
configure:6764: checking for arm-hisiv300-linux-strip
configure:6780: found /opt/hisi-linux/x86-arm/arm-hisiv300-linux/target/bin/arm-hisiv300-linux-strip
configure:6791: result: arm-hisiv300-linux-strip
configure:6863: checking for arm-hisiv300-linux-ranlib
configure:6890: result: arm-hisiv300-linux-ranlib
configure:7007: checking for gawk
configure:7034: result: gawk
configure:7074: checking command to parse arm-hisiv300-linux-nm output from arm-hisiv300-linux-gcc object
configure:7192: arm-hisiv300-linux-gcc -c -march=armv5te -mcpu=arm926ej-s  conftest.c >&5
configure:7195: $? = 0
configure:7199: arm-hisiv300-linux-nm conftest.o \| sed -n -e 's/^.*[ ]\([ABCDGIRSTW][ABCDGIRSTW]*\)[ ][ ]*\([_A-Za-z][_A-Za-z0-9]*\)$/\1 \2 \2/p' \> conftest.nm
configure:7202: $? = 0
configure:7256: arm-hisiv300-linux-gcc -o conftest -march=armv5te -mcpu=arm926ej-s  -static-libstdc++ -static-libgcc -L/new/Hi3518E/Hi3518E_SDK_V1.0.3.0/Hi3518E_SDK_V1.0.3.0/osdrv/tools/board/gdb/inst/lib conftest.c conftstm.o >&5
configure:7259: $? = 0
configure:7297: result: ok
configure:8139: checking for dlfcn.h
configure:8139: arm-hisiv300-linux-gcc -c -march=armv5te -mcpu=arm926ej-s  conftest.c >&5
configure:8139: $? = 0
configure:8139: result: yes
configure:8175: checking for arm-hisiv300-linux-ranlib
configure:8202: result: arm-hisiv300-linux-ranlib
configure:8283: checking dependency style of arm-hisiv300-linux-gcc
configure:8314: trying gcc3
| depmode=gcc3 source=sub/conftest.c object=sub/conftest.o depfile=sub/conftest.Po tmpdepfile=sub/conftest.TPo /bin/sh ./depcomp arm-hisiv300-linux-gcc -c -o sub/conftest.o sub/conftest.c
configure:8353: success
configure:8368: result: gcc3
configure:8382: checking for make
configure:8409: result: make
configure:8449: checking whether NLS is requested
configure:8455: result: yes
configure:8461: checking for catalogs to be installed
configure:8493: result: 
configure:8513: checking for stdlib.h
configure:8513: result: yes
configure:8513: checking for string.h
configure:8513: result: yes
configure:8513: checking for strings.h
configure:8513: result: yes
configure:8513: checking for unistd.h
configure:8513: result: yes
configure:8513: checking time.h usability
configure:8513: arm-hisiv300-linux-gcc -c -march=armv5te -mcpu=arm926ej-s  conftest.c >&5
configure:8513: $? = 0
configure:8513: result: yes
configure:8513: checking time.h presence
configure:8513: arm-hisiv300-linux-gcc -E  conftest.c
configure:8513: $? = 0
configure:8513: result: yes
configure:8513: checking for time.h
configure:8513: result: yes
configure:8527: checking sys/time.h usability
configure:8527: arm-hisiv300-linux-gcc -c -march=armv5te -mcpu=arm926ej-s  conftest.c >&5
configure:8527: $? = 0
configure:8527: result: yes
configure:8527: checking sys/time.h presence
configure:8527: arm-hisiv300-linux-gcc -E  conftest.c
configure:8527: $? = 0
configure:8527: result: yes
configure:8527: checking for sys/time.h
configure:8527: result: yes
configure:8527: checking sys/resource.h usability
configure:8527: arm-hisiv300-linux-gcc -c -march=armv5te -mcpu=arm926ej-s  conftest.c >&5
configure:8527: $? = 0
configure:8527: result: yes
configure:8527: checking sys/resource.h presence
configure:8527: arm-hisiv300-linux-gcc -E  conftest.c
configure:8527: $? = 0
configure:8527: result: yes
configure:8527: checking for sys/resource.h
configure:8527: result: yes
configure:8541: checking fcntl.h usability
configure:8541: arm-hisiv300-linux-gcc -c -march=armv5te -mcpu=arm926ej-s  conftest.c >&5
configure:8541: $? = 0
configure:8541: result: yes
configure:8541: checking fcntl.h presence
configure:8541: arm-hisiv300-linux-gcc -E  conftest.c
configure:8541: $? = 0
configure:8541: result: yes
configure:8541: checking for fcntl.h
configure:8541: result: yes
configure:8541: checking fpu_control.h usability
configure:8541: arm-hisiv300-linux-gcc -c -march=armv5te -mcpu=arm926ej-s  conftest.c >&5
configure:8541: $? = 0
configure:8541: result: yes
configure:8541: checking fpu_control.h presence
configure:8541: arm-hisiv300-linux-gcc -E  conftest.c
configure:8541: $? = 0
configure:8541: result: yes
configure:8541: checking for fpu_control.h
configure:8541: result: yes
configure:8555: checking for dlfcn.h
configure:8555: result: yes
configure:8555: checking errno.h usability
configure:8555: arm-hisiv300-linux-gcc -c -march=armv5te -mcpu=arm926ej-s  conftest.c >&5
configure:8555: $? = 0
configure:8555: result: yes
configure:8555: checking errno.h presence
configure:8555: arm-hisiv300-linux-gcc -E  conftest.c
configure:8555: $? = 0
configure:8555: result: yes
configure:8555: checking for errno.h
configure:8555: result: yes
configure:8555: checking for sys/stat.h
configure:8555: result: yes
configure:8569: checking for getrusage
configure:8569: arm-hisiv300-linux-gcc -o conftest -march=armv5te -mcpu=arm926ej-s  -static-libstdc++ -static-libgcc -L/new/Hi3518E/Hi3518E_SDK_V1.0.3.0/Hi3518E_SDK_V1.0.3.0/osdrv/tools/board/gdb/inst/lib conftest.c  >&5
configure:8569: $? = 0
configure:8569: result: yes
configure:8569: checking for time
configure:8569: arm-hisiv300-linux-gcc -o conftest -march=armv5te -mcpu=arm926ej-s  -static-libstdc++ -static-libgcc -L/new/Hi3518E/Hi3518E_SDK_V1.0.3.0/Hi3518E_SDK_V1.0.3.0/osdrv/tools/board/gdb/inst/lib conftest.c  >&5
configure:8569: $? = 0
configure:8569: result: yes
configure:8569: checking for sigaction
configure:8569: arm-hisiv300-linux-gcc -o conftest -march=armv5te -mcpu=arm926ej-s  -static-libstdc++ -static-libgcc -L/new/Hi3518E/Hi3518E_SDK_V1.0.3.0/Hi3518E_SDK_V1.0.3.0/osdrv/tools/board/gdb/inst/lib conftest.c  >&5
configure:8569: $? = 0
configure:8569: result: yes
configure:8569: checking for __setfpucw
configure:8569: arm-hisiv300-linux-gcc -o conftest -march=armv5te -mcpu=arm926ej-s  -static-libstdc++ -static-libgcc -L/new/Hi3518E/Hi3518E_SDK_V1.0.3.0/Hi3518E_SDK_V1.0.3.0/osdrv/tools/board/gdb/inst/lib conftest.c  >&5
/tmp/ccszEAS6.o: In function `main':
conftest.c:(.text+0x8): undefined reference to `__setfpucw'
collect2: error: ld returned 1 exit status
configure:8569: $? = 1
configure: failed program was:
| /* confdefs.h */
| #define PACKAGE_NAME ""
| #define PACKAGE_TARNAME ""
| #define PACKAGE_VERSION ""
| #define PACKAGE_STRING ""
| #define PACKAGE_BUGREPORT ""
| #define PACKAGE_URL ""
| #define STDC_HEADERS 1
| #define HAVE_SYS_TYPES_H 1
| #define HAVE_SYS_STAT_H 1
| #define HAVE_STDLIB_H 1
| #define HAVE_STRING_H 1
| #define HAVE_MEMORY_H 1
| #define HAVE_STRINGS_H 1
| #define HAVE_INTTYPES_H 1
| #define HAVE_STDINT_H 1
| #define HAVE_UNISTD_H 1
| #define __EXTENSIONS__ 1
| #define _ALL_SOURCE 1
| #define _GNU_SOURCE 1
| #define _POSIX_PTHREAD_SEMANTICS 1
| #define _TANDEM_SOURCE 1
| #define HAVE_DLFCN_H 1
| #define PACKAGE "sim"
| #define ENABLE_NLS 1
| #define HAVE_STDLIB_H 1
| #define HAVE_STRING_H 1
| #define HAVE_STRINGS_H 1
| #define HAVE_UNISTD_H 1
| #define HAVE_TIME_H 1
| #define HAVE_SYS_TIME_H 1
| #define HAVE_SYS_RESOURCE_H 1
| #define HAVE_FCNTL_H 1
| #define HAVE_FPU_CONTROL_H 1
| #define HAVE_DLFCN_H 1
| #define HAVE_ERRNO_H 1
| #define HAVE_SYS_STAT_H 1
| #define HAVE_GETRUSAGE 1
| #define HAVE_TIME 1
| #define HAVE_SIGACTION 1
| /* end confdefs.h.  */
| /* Define __setfpucw to an innocuous variant, in case <limits.h> declares __setfpucw.
|    For example, HP-UX 11i <limits.h> declares gettimeofday.  */
| #define __setfpucw innocuous___setfpucw
| 
| /* System header to define __stub macros and hopefully few prototypes,
|     which can conflict with char __setfpucw (); below.
|     Prefer <limits.h> to <assert.h> if __STDC__ is defined, since
|     <limits.h> exists even on freestanding compilers.  */
| 
| #ifdef __STDC__
| # include <limits.h>
| #else
| # include <assert.h>
| #endif
| 
| #undef __setfpucw
| 
| /* Override any GCC internal prototype to avoid an error.
|    Use char because int might match the return type of a GCC
|    builtin and then its argument prototype would still apply.  */
| #ifdef __cplusplus
| extern "C"
| #endif
| char __setfpucw ();
| /* The GNU C library defines this for functions which it implements
|     to always fail with ENOSYS.  Some functions are actually named
|     something starting with __ and the normal name is an alias.  */
| #if defined __stub___setfpucw || defined __stub_____setfpucw
| choke me
| #endif
| 
| int
| main ()
| {
| return __setfpucw ();
|   ;
|   return 0;
| }
configure:8569: result: no
configure:8581: checking for bind in -lsocket
configure:8606: arm-hisiv300-linux-gcc -o conftest -march=armv5te -mcpu=arm926ej-s  -static-libstdc++ -static-libgcc -L/new/Hi3518E/Hi3518E_SDK_V1.0.3.0/Hi3518E_SDK_V1.0.3.0/osdrv/tools/board/gdb/inst/lib conftest.c -lsocket   >&5
/opt/hisi-linux/x86-arm/arm-hisiv300-linux/bin/../lib/gcc/arm-hisiv300-linux-uclibcgnueabi/4.8.3/../../../../arm-hisiv300-linux-uclibcgnueabi/bin/ld: cannot find -lsocket
collect2: error: ld returned 1 exit status
configure:8606: $? = 1
configure: failed program was:
| /* confdefs.h */
| #define PACKAGE_NAME ""
| #define PACKAGE_TARNAME ""
| #define PACKAGE_VERSION ""
| #define PACKAGE_STRING ""
| #define PACKAGE_BUGREPORT ""
| #define PACKAGE_URL ""
| #define STDC_HEADERS 1
| #define HAVE_SYS_TYPES_H 1
| #define HAVE_SYS_STAT_H 1
| #define HAVE_STDLIB_H 1
| #define HAVE_STRING_H 1
| #define HAVE_MEMORY_H 1
| #define HAVE_STRINGS_H 1
| #define HAVE_INTTYPES_H 1
| #define HAVE_STDINT_H 1
| #define HAVE_UNISTD_H 1
| #define __EXTENSIONS__ 1
| #define _ALL_SOURCE 1
| #define _GNU_SOURCE 1
| #define _POSIX_PTHREAD_SEMANTICS 1
| #define _TANDEM_SOURCE 1
| #define HAVE_DLFCN_H 1
| #define PACKAGE "sim"
| #define ENABLE_NLS 1
| #define HAVE_STDLIB_H 1
| #define HAVE_STRING_H 1
| #define HAVE_STRINGS_H 1
| #define HAVE_UNISTD_H 1
| #define HAVE_TIME_H 1
| #define HAVE_SYS_TIME_H 1
| #define HAVE_SYS_RESOURCE_H 1
| #define HAVE_FCNTL_H 1
| #define HAVE_FPU_CONTROL_H 1
| #define HAVE_DLFCN_H 1
| #define HAVE_ERRNO_H 1
| #define HAVE_SYS_STAT_H 1
| #define HAVE_GETRUSAGE 1
| #define HAVE_TIME 1
| #define HAVE_SIGACTION 1
| /* end confdefs.h.  */
| 
| /* Override any GCC internal prototype to avoid an error.
|    Use char because int might match the return type of a GCC
|    builtin and then its argument prototype would still apply.  */
| #ifdef __cplusplus
| extern "C"
| #endif
| char bind ();
| int
| main ()
| {
| return bind ();
|   ;
|   return 0;
| }
configure:8615: result: no
configure:8626: checking for gethostbyname in -lnsl
configure:8651: arm-hisiv300-linux-gcc -o conftest -march=armv5te -mcpu=arm926ej-s  -static-libstdc++ -static-libgcc -L/new/Hi3518E/Hi3518E_SDK_V1.0.3.0/Hi3518E_SDK_V1.0.3.0/osdrv/tools/board/gdb/inst/lib conftest.c -lnsl   >&5
/tmp/cca9kBDd.o: In function `main':
conftest.c:(.text+0x8): warning: gethostbyname is obsolescent, use getnameinfo() instead.
configure:8651: $? = 0
configure:8660: result: yes
configure:8686: checking for library containing zlibVersion
configure:8717: arm-hisiv300-linux-gcc -o conftest -march=armv5te -mcpu=arm926ej-s  -static-libstdc++ -static-libgcc -L/new/Hi3518E/Hi3518E_SDK_V1.0.3.0/Hi3518E_SDK_V1.0.3.0/osdrv/tools/board/gdb/inst/lib conftest.c -lnsl  >&5
/tmp/ccO0PweE.o: In function `main':
conftest.c:(.text+0x8): undefined reference to `zlibVersion'
collect2: error: ld returned 1 exit status
configure:8717: $? = 1
configure: failed program was:
| /* confdefs.h */
| #define PACKAGE_NAME ""
| #define PACKAGE_TARNAME ""
| #define PACKAGE_VERSION ""
| #define PACKAGE_STRING ""
| #define PACKAGE_BUGREPORT ""
| #define PACKAGE_URL ""
| #define STDC_HEADERS 1
| #define HAVE_SYS_TYPES_H 1
| #define HAVE_SYS_STAT_H 1
| #define HAVE_STDLIB_H 1
| #define HAVE_STRING_H 1
| #define HAVE_MEMORY_H 1
| #define HAVE_STRINGS_H 1
| #define HAVE_INTTYPES_H 1
| #define HAVE_STDINT_H 1
| #define HAVE_UNISTD_H 1
| #define __EXTENSIONS__ 1
| #define _ALL_SOURCE 1
| #define _GNU_SOURCE 1
| #define _POSIX_PTHREAD_SEMANTICS 1
| #define _TANDEM_SOURCE 1
| #define HAVE_DLFCN_H 1
| #define PACKAGE "sim"
| #define ENABLE_NLS 1
| #define HAVE_STDLIB_H 1
| #define HAVE_STRING_H 1
| #define HAVE_STRINGS_H 1
| #define HAVE_UNISTD_H 1
| #define HAVE_TIME_H 1
| #define HAVE_SYS_TIME_H 1
| #define HAVE_SYS_RESOURCE_H 1
| #define HAVE_FCNTL_H 1
| #define HAVE_FPU_CONTROL_H 1
| #define HAVE_DLFCN_H 1
| #define HAVE_ERRNO_H 1
| #define HAVE_SYS_STAT_H 1
| #define HAVE_GETRUSAGE 1
| #define HAVE_TIME 1
| #define HAVE_SIGACTION 1
| #define HAVE_LIBNSL 1
| /* end confdefs.h.  */
| 
| /* Override any GCC internal prototype to avoid an error.
|    Use char because int might match the return type of a GCC
|    builtin and then its argument prototype would still apply.  */
| #ifdef __cplusplus
| extern "C"
| #endif
| char zlibVersion ();
| int
| main ()
| {
| return zlibVersion ();
|   ;
|   return 0;
| }
configure:8717: arm-hisiv300-linux-gcc -o conftest -march=armv5te -mcpu=arm926ej-s  -static-libstdc++ -static-libgcc -L/new/Hi3518E/Hi3518E_SDK_V1.0.3.0/Hi3518E_SDK_V1.0.3.0/osdrv/tools/board/gdb/inst/lib conftest.c -lz  -lnsl  >&5
/opt/hisi-linux/x86-arm/arm-hisiv300-linux/bin/../lib/gcc/arm-hisiv300-linux-uclibcgnueabi/4.8.3/../../../../arm-hisiv300-linux-uclibcgnueabi/bin/ld: cannot find -lz
collect2: error: ld returned 1 exit status
configure:8717: $? = 1
configure: failed program was:
| /* confdefs.h */
| #define PACKAGE_NAME ""
| #define PACKAGE_TARNAME ""
| #define PACKAGE_VERSION ""
| #define PACKAGE_STRING ""
| #define PACKAGE_BUGREPORT ""
| #define PACKAGE_URL ""
| #define STDC_HEADERS 1
| #define HAVE_SYS_TYPES_H 1
| #define HAVE_SYS_STAT_H 1
| #define HAVE_STDLIB_H 1
| #define HAVE_STRING_H 1
| #define HAVE_MEMORY_H 1
| #define HAVE_STRINGS_H 1
| #define HAVE_INTTYPES_H 1
| #define HAVE_STDINT_H 1
| #define HAVE_UNISTD_H 1
| #define __EXTENSIONS__ 1
| #define _ALL_SOURCE 1
| #define _GNU_SOURCE 1
| #define _POSIX_PTHREAD_SEMANTICS 1
| #define _TANDEM_SOURCE 1
| #define HAVE_DLFCN_H 1
| #define PACKAGE "sim"
| #define ENABLE_NLS 1
| #define HAVE_STDLIB_H 1
| #define HAVE_STRING_H 1
| #define HAVE_STRINGS_H 1
| #define HAVE_UNISTD_H 1
| #define HAVE_TIME_H 1
| #define HAVE_SYS_TIME_H 1
| #define HAVE_SYS_RESOURCE_H 1
| #define HAVE_FCNTL_H 1
| #define HAVE_FPU_CONTROL_H 1
| #define HAVE_DLFCN_H 1
| #define HAVE_ERRNO_H 1
| #define HAVE_SYS_STAT_H 1
| #define HAVE_GETRUSAGE 1
| #define HAVE_TIME 1
| #define HAVE_SIGACTION 1
| #define HAVE_LIBNSL 1
| /* end confdefs.h.  */
| 
| /* Override any GCC internal prototype to avoid an error.
|    Use char because int might match the return type of a GCC
|    builtin and then its argument prototype would still apply.  */
| #ifdef __cplusplus
| extern "C"
| #endif
| char zlibVersion ();
| int
| main ()
| {
| return zlibVersion ();
|   ;
|   return 0;
| }
configure:8734: result: no
configure:8956: checking for objdir
configure:8971: result: .libs
configure:9242: checking if arm-hisiv300-linux-gcc supports -fno-rtti -fno-exceptions
configure:9260: arm-hisiv300-linux-gcc -c -march=armv5te -mcpu=arm926ej-s  -fno-rtti -fno-exceptions conftest.c >&5
cc1: warning: command line option '-fno-rtti' is valid for C++/ObjC++ but not for C [enabled by default]
configure:9264: $? = 0
configure:9277: result: no
configure:9297: checking for arm-hisiv300-linux-gcc option to produce PIC
configure:9583: result: -fPIC -DPIC
configure:9595: checking if arm-hisiv300-linux-gcc PIC flag -fPIC -DPIC works
configure:9613: arm-hisiv300-linux-gcc -c -march=armv5te -mcpu=arm926ej-s  -fPIC -DPIC -DPIC conftest.c >&5
configure:9617: $? = 0
configure:9630: result: yes
configure:9654: checking if arm-hisiv300-linux-gcc static flag -static works
configure:9682: result: yes
configure:9697: checking if arm-hisiv300-linux-gcc supports -c -o file.o
configure:9718: arm-hisiv300-linux-gcc -c -march=armv5te -mcpu=arm926ej-s  -o out/conftest2.o conftest.c >&5
configure:9722: $? = 0
configure:9744: result: yes
configure:9752: checking if arm-hisiv300-linux-gcc supports -c -o file.o
configure:9799: result: yes
configure:9832: checking whether the arm-hisiv300-linux-gcc linker (/opt/hisi-linux/x86-arm/arm-hisiv300-linux/bin/../lib/gcc/arm-hisiv300-linux-uclibcgnueabi/4.8.3/../../../../arm-hisiv300-linux-uclibcgnueabi/bin/ld) supports shared libraries
configure:10903: result: yes
configure:10940: checking whether -lc should be explicitly linked in
configure:10948: arm-hisiv300-linux-gcc -c -march=armv5te -mcpu=arm926ej-s  conftest.c >&5
configure:10951: $? = 0
configure:10966: arm-hisiv300-linux-gcc -shared conftest.o  -v -Wl,-soname -Wl,conftest -o conftest 2\>\&1 \| /bin/grep  -lc  \>/dev/null 2\>\&1
configure:10969: $? = 0
configure:10983: result: no
configure:11148: checking dynamic linker characteristics
configure:11599: arm-hisiv300-linux-gcc -o conftest -march=armv5te -mcpu=arm926ej-s  -static-libstdc++ -static-libgcc -L/new/Hi3518E/Hi3518E_SDK_V1.0.3.0/Hi3518E_SDK_V1.0.3.0/osdrv/tools/board/gdb/inst/lib -Wl,-rpath -Wl,/foo conftest.c -lnsl  >&5
configure:11599: $? = 0
configure:11821: result: GNU/Linux ld.so
configure:11928: checking how to hardcode library paths into programs
configure:11953: result: immediate
configure:12047: checking for shl_load
configure:12047: arm-hisiv300-linux-gcc -o conftest -march=armv5te -mcpu=arm926ej-s  -static-libstdc++ -static-libgcc -L/new/Hi3518E/Hi3518E_SDK_V1.0.3.0/Hi3518E_SDK_V1.0.3.0/osdrv/tools/board/gdb/inst/lib conftest.c -lnsl  >&5
/tmp/ccIA3Str.o: In function `main':
conftest.c:(.text+0x8): undefined reference to `shl_load'
collect2: error: ld returned 1 exit status
configure:12047: $? = 1
configure: failed program was:
| /* confdefs.h */
| #define PACKAGE_NAME ""
| #define PACKAGE_TARNAME ""
| #define PACKAGE_VERSION ""
| #define PACKAGE_STRING ""
| #define PACKAGE_BUGREPORT ""
| #define PACKAGE_URL ""
| #define STDC_HEADERS 1
| #define HAVE_SYS_TYPES_H 1
| #define HAVE_SYS_STAT_H 1
| #define HAVE_STDLIB_H 1
| #define HAVE_STRING_H 1
| #define HAVE_MEMORY_H 1
| #define HAVE_STRINGS_H 1
| #define HAVE_INTTYPES_H 1
| #define HAVE_STDINT_H 1
| #define HAVE_UNISTD_H 1
| #define __EXTENSIONS__ 1
| #define _ALL_SOURCE 1
| #define _GNU_SOURCE 1
| #define _POSIX_PTHREAD_SEMANTICS 1
| #define _TANDEM_SOURCE 1
| #define HAVE_DLFCN_H 1
| #define PACKAGE "sim"
| #define ENABLE_NLS 1
| #define HAVE_STDLIB_H 1
| #define HAVE_STRING_H 1
| #define HAVE_STRINGS_H 1
| #define HAVE_UNISTD_H 1
| #define HAVE_TIME_H 1
| #define HAVE_SYS_TIME_H 1
| #define HAVE_SYS_RESOURCE_H 1
| #define HAVE_FCNTL_H 1
| #define HAVE_FPU_CONTROL_H 1
| #define HAVE_DLFCN_H 1
| #define HAVE_ERRNO_H 1
| #define HAVE_SYS_STAT_H 1
| #define HAVE_GETRUSAGE 1
| #define HAVE_TIME 1
| #define HAVE_SIGACTION 1
| #define HAVE_LIBNSL 1
| #define LT_OBJDIR ".libs/"
| /* end confdefs.h.  */
| /* Define shl_load to an innocuous variant, in case <limits.h> declares shl_load.
|    For example, HP-UX 11i <limits.h> declares gettimeofday.  */
| #define shl_load innocuous_shl_load
| 
| /* System header to define __stub macros and hopefully few prototypes,
|     which can conflict with char shl_load (); below.
|     Prefer <limits.h> to <assert.h> if __STDC__ is defined, since
|     <limits.h> exists even on freestanding compilers.  */
| 
| #ifdef __STDC__
| # include <limits.h>
| #else
| # include <assert.h>
| #endif
| 
| #undef shl_load
| 
| /* Override any GCC internal prototype to avoid an error.
|    Use char because int might match the return type of a GCC
|    builtin and then its argument prototype would still apply.  */
| #ifdef __cplusplus
| extern "C"
| #endif
| char shl_load ();
| /* The GNU C library defines this for functions which it implements
|     to always fail with ENOSYS.  Some functions are actually named
|     something starting with __ and the normal name is an alias.  */
| #if defined __stub_shl_load || defined __stub___shl_load
| choke me
| #endif
| 
| int
| main ()
| {
| return shl_load ();
|   ;
|   return 0;
| }
configure:12047: result: no
configure:12051: checking for shl_load in -ldld
configure:12076: arm-hisiv300-linux-gcc -o conftest -march=armv5te -mcpu=arm926ej-s  -static-libstdc++ -static-libgcc -L/new/Hi3518E/Hi3518E_SDK_V1.0.3.0/Hi3518E_SDK_V1.0.3.0/osdrv/tools/board/gdb/inst/lib conftest.c -ldld  -lnsl  >&5
/opt/hisi-linux/x86-arm/arm-hisiv300-linux/bin/../lib/gcc/arm-hisiv300-linux-uclibcgnueabi/4.8.3/../../../../arm-hisiv300-linux-uclibcgnueabi/bin/ld: cannot find -ldld
collect2: error: ld returned 1 exit status
configure:12076: $? = 1
configure: failed program was:
| /* confdefs.h */
| #define PACKAGE_NAME ""
| #define PACKAGE_TARNAME ""
| #define PACKAGE_VERSION ""
| #define PACKAGE_STRING ""
| #define PACKAGE_BUGREPORT ""
| #define PACKAGE_URL ""
| #define STDC_HEADERS 1
| #define HAVE_SYS_TYPES_H 1
| #define HAVE_SYS_STAT_H 1
| #define HAVE_STDLIB_H 1
| #define HAVE_STRING_H 1
| #define HAVE_MEMORY_H 1
| #define HAVE_STRINGS_H 1
| #define HAVE_INTTYPES_H 1
| #define HAVE_STDINT_H 1
| #define HAVE_UNISTD_H 1
| #define __EXTENSIONS__ 1
| #define _ALL_SOURCE 1
| #define _GNU_SOURCE 1
| #define _POSIX_PTHREAD_SEMANTICS 1
| #define _TANDEM_SOURCE 1
| #define HAVE_DLFCN_H 1
| #define PACKAGE "sim"
| #define ENABLE_NLS 1
| #define HAVE_STDLIB_H 1
| #define HAVE_STRING_H 1
| #define HAVE_STRINGS_H 1
| #define HAVE_UNISTD_H 1
| #define HAVE_TIME_H 1
| #define HAVE_SYS_TIME_H 1
| #define HAVE_SYS_RESOURCE_H 1
| #define HAVE_FCNTL_H 1
| #define HAVE_FPU_CONTROL_H 1
| #define HAVE_DLFCN_H 1
| #define HAVE_ERRNO_H 1
| #define HAVE_SYS_STAT_H 1
| #define HAVE_GETRUSAGE 1
| #define HAVE_TIME 1
| #define HAVE_SIGACTION 1
| #define HAVE_LIBNSL 1
| #define LT_OBJDIR ".libs/"
| /* end confdefs.h.  */
| 
| /* Override any GCC internal prototype to avoid an error.
|    Use char because int might match the return type of a GCC
|    builtin and then its argument prototype would still apply.  */
| #ifdef __cplusplus
| extern "C"
| #endif
| char shl_load ();
| int
| main ()
| {
| return shl_load ();
|   ;
|   return 0;
| }
configure:12085: result: no
configure:12090: checking for dlopen
configure:12090: arm-hisiv300-linux-gcc -o conftest -march=armv5te -mcpu=arm926ej-s  -static-libstdc++ -static-libgcc -L/new/Hi3518E/Hi3518E_SDK_V1.0.3.0/Hi3518E_SDK_V1.0.3.0/osdrv/tools/board/gdb/inst/lib conftest.c -lnsl  >&5
/tmp/ccO2fHBt.o: In function `main':
conftest.c:(.text+0x8): undefined reference to `dlopen'
collect2: error: ld returned 1 exit status
configure:12090: $? = 1
configure: failed program was:
| /* confdefs.h */
| #define PACKAGE_NAME ""
| #define PACKAGE_TARNAME ""
| #define PACKAGE_VERSION ""
| #define PACKAGE_STRING ""
| #define PACKAGE_BUGREPORT ""
| #define PACKAGE_URL ""
| #define STDC_HEADERS 1
| #define HAVE_SYS_TYPES_H 1
| #define HAVE_SYS_STAT_H 1
| #define HAVE_STDLIB_H 1
| #define HAVE_STRING_H 1
| #define HAVE_MEMORY_H 1
| #define HAVE_STRINGS_H 1
| #define HAVE_INTTYPES_H 1
| #define HAVE_STDINT_H 1
| #define HAVE_UNISTD_H 1
| #define __EXTENSIONS__ 1
| #define _ALL_SOURCE 1
| #define _GNU_SOURCE 1
| #define _POSIX_PTHREAD_SEMANTICS 1
| #define _TANDEM_SOURCE 1
| #define HAVE_DLFCN_H 1
| #define PACKAGE "sim"
| #define ENABLE_NLS 1
| #define HAVE_STDLIB_H 1
| #define HAVE_STRING_H 1
| #define HAVE_STRINGS_H 1
| #define HAVE_UNISTD_H 1
| #define HAVE_TIME_H 1
| #define HAVE_SYS_TIME_H 1
| #define HAVE_SYS_RESOURCE_H 1
| #define HAVE_FCNTL_H 1
| #define HAVE_FPU_CONTROL_H 1
| #define HAVE_DLFCN_H 1
| #define HAVE_ERRNO_H 1
| #define HAVE_SYS_STAT_H 1
| #define HAVE_GETRUSAGE 1
| #define HAVE_TIME 1
| #define HAVE_SIGACTION 1
| #define HAVE_LIBNSL 1
| #define LT_OBJDIR ".libs/"
| /* end confdefs.h.  */
| /* Define dlopen to an innocuous variant, in case <limits.h> declares dlopen.
|    For example, HP-UX 11i <limits.h> declares gettimeofday.  */
| #define dlopen innocuous_dlopen
| 
| /* System header to define __stub macros and hopefully few prototypes,
|     which can conflict with char dlopen (); below.
|     Prefer <limits.h> to <assert.h> if __STDC__ is defined, since
|     <limits.h> exists even on freestanding compilers.  */
| 
| #ifdef __STDC__
| # include <limits.h>
| #else
| # include <assert.h>
| #endif
| 
| #undef dlopen
| 
| /* Override any GCC internal prototype to avoid an error.
|    Use char because int might match the return type of a GCC
|    builtin and then its argument prototype would still apply.  */
| #ifdef __cplusplus
| extern "C"
| #endif
| char dlopen ();
| /* The GNU C library defines this for functions which it implements
|     to always fail with ENOSYS.  Some functions are actually named
|     something starting with __ and the normal name is an alias.  */
| #if defined __stub_dlopen || defined __stub___dlopen
| choke me
| #endif
| 
| int
| main ()
| {
| return dlopen ();
|   ;
|   return 0;
| }
configure:12090: result: no
configure:12094: checking for dlopen in -ldl
configure:12119: arm-hisiv300-linux-gcc -o conftest -march=armv5te -mcpu=arm926ej-s  -static-libstdc++ -static-libgcc -L/new/Hi3518E/Hi3518E_SDK_V1.0.3.0/Hi3518E_SDK_V1.0.3.0/osdrv/tools/board/gdb/inst/lib conftest.c -ldl  -lnsl  >&5
configure:12119: $? = 0
configure:12128: result: yes
configure:12247: checking whether a program can dlopen itself
configure:12348: result: cross
configure:12493: checking whether stripping libraries is possible
configure:12498: result: yes
configure:12533: checking if libtool supports shared libraries
configure:12535: result: yes
configure:12538: checking whether to build shared libraries
configure:12559: result: yes
configure:12562: checking whether to build static libraries
configure:12566: result: yes
configure:12798: checking return type of signal handlers
configure:12816: arm-hisiv300-linux-gcc -c -march=armv5te -mcpu=arm926ej-s  conftest.c >&5
conftest.c: In function 'main':
conftest.c:52:1: error: void value not ignored as it ought to be
 return *(signal (0, 0)) (0) == 1;
 ^
configure:12816: $? = 1
configure: failed program was:
| /* confdefs.h */
| #define PACKAGE_NAME ""
| #define PACKAGE_TARNAME ""
| #define PACKAGE_VERSION ""
| #define PACKAGE_STRING ""
| #define PACKAGE_BUGREPORT ""
| #define PACKAGE_URL ""
| #define STDC_HEADERS 1
| #define HAVE_SYS_TYPES_H 1
| #define HAVE_SYS_STAT_H 1
| #define HAVE_STDLIB_H 1
| #define HAVE_STRING_H 1
| #define HAVE_MEMORY_H 1
| #define HAVE_STRINGS_H 1
| #define HAVE_INTTYPES_H 1
| #define HAVE_STDINT_H 1
| #define HAVE_UNISTD_H 1
| #define __EXTENSIONS__ 1
| #define _ALL_SOURCE 1
| #define _GNU_SOURCE 1
| #define _POSIX_PTHREAD_SEMANTICS 1
| #define _TANDEM_SOURCE 1
| #define HAVE_DLFCN_H 1
| #define PACKAGE "sim"
| #define ENABLE_NLS 1
| #define HAVE_STDLIB_H 1
| #define HAVE_STRING_H 1
| #define HAVE_STRINGS_H 1
| #define HAVE_UNISTD_H 1
| #define HAVE_TIME_H 1
| #define HAVE_SYS_TIME_H 1
| #define HAVE_SYS_RESOURCE_H 1
| #define HAVE_FCNTL_H 1
| #define HAVE_FPU_CONTROL_H 1
| #define HAVE_DLFCN_H 1
| #define HAVE_ERRNO_H 1
| #define HAVE_SYS_STAT_H 1
| #define HAVE_GETRUSAGE 1
| #define HAVE_TIME 1
| #define HAVE_SIGACTION 1
| #define HAVE_LIBNSL 1
| #define LT_OBJDIR ".libs/"
| #define PKGVERSION "(GDB) "
| #define REPORT_BUGS_TO "<http://www.gnu.org/software/gdb/bugs/>"
| /* end confdefs.h.  */
| #include <sys/types.h>
| #include <signal.h>
| 
| int
| main ()
| {
| return *(signal (0, 0)) (0) == 1;
|   ;
|   return 0;
| }
configure:12823: result: void
configure:12857: checking for unistd.h
configure:12857: result: yes
configure:12857: checking for stdint.h
configure:12857: result: yes
configure:12963: updating cache .././config.cache
configure:13008: creating ./config.status

## ---------------------- ##
## Running config.status. ##
## ---------------------- ##

This file was extended by config.status, which was
generated by GNU Autoconf 2.64.  Invocation command line was

  CONFIG_FILES    = 
  CONFIG_HEADERS  = 
  CONFIG_LINKS    = 
  CONFIG_COMMANDS = 
  $ ./config.status 

on ubuntu

config.status:1129: creating Makefile.sim
config.status:1129: creating Make-common.sim
config.status:1129: creating .gdbinit
config.status:1129: creating config.h
config.status:1321: linking tconfig.in to tconfig.h
config.status:1321: linking ../common/nltvals.def to targ-vals.def
config.status:1340: executing depdir commands
config.status:1340: executing libtool commands
config.status:1340: executing Makefile commands
config.status:1340: executing stamp-h commands

## ---------------- ##
## Cache variables. ##
## ---------------- ##

ac_cv_build=i686-pc-linux-gnu
ac_cv_c_compiler_gnu=yes
ac_cv_env_CC_set=set
ac_cv_env_CC_value=arm-hisiv300-linux-gcc
ac_cv_env_CFLAGS_set=set
ac_cv_env_CFLAGS_value='-march=armv5te -mcpu=arm926ej-s'
ac_cv_env_CPPFLAGS_set=
ac_cv_env_CPPFLAGS_value=
ac_cv_env_CPP_set=
ac_cv_env_CPP_value=
ac_cv_env_LDFLAGS_set=set
ac_cv_env_LDFLAGS_value='-static-libstdc++ -static-libgcc -L/new/Hi3518E/Hi3518E_SDK_V1.0.3.0/Hi3518E_SDK_V1.0.3.0/osdrv/tools/board/gdb/inst/lib'
ac_cv_env_LIBS_set=
ac_cv_env_LIBS_value=
ac_cv_env_build_alias_set=set
ac_cv_env_build_alias_value=i686-pc-linux-gnu
ac_cv_env_host_alias_set=set
ac_cv_env_host_alias_value=arm-hisiv300-linux
ac_cv_env_target_alias_set=set
ac_cv_env_target_alias_value=arm-hisiv300-linux
ac_cv_func___setfpucw=no
ac_cv_func_dlopen=no
ac_cv_func_getrusage=yes
ac_cv_func_shl_load=no
ac_cv_func_sigaction=yes
ac_cv_func_time=yes
ac_cv_header_dlfcn_h=yes
ac_cv_header_errno_h=yes
ac_cv_header_fcntl_h=yes
ac_cv_header_fpu_control_h=yes
ac_cv_header_inttypes_h=yes
ac_cv_header_memory_h=yes
ac_cv_header_minix_config_h=no
ac_cv_header_stdc=yes
ac_cv_header_stdint_h=yes
ac_cv_header_stdlib_h=yes
ac_cv_header_string_h=yes
ac_cv_header_strings_h=yes
ac_cv_header_sys_resource_h=yes
ac_cv_header_sys_stat_h=yes
ac_cv_header_sys_time_h=yes
ac_cv_header_sys_types_h=yes
ac_cv_header_time_h=yes
ac_cv_header_unistd_h=yes
ac_cv_host=arm-hisiv300-linux-gnu
ac_cv_lib_dl_dlopen=yes
ac_cv_lib_dld_shl_load=no
ac_cv_lib_nsl_gethostbyname=yes
ac_cv_lib_socket_bind=no
ac_cv_objext=o
ac_cv_path_EGREP='/bin/grep -E'
ac_cv_path_FGREP='/bin/grep -F'
ac_cv_path_GREP=/bin/grep
ac_cv_path_SED=/bin/sed
ac_cv_prog_AR=arm-hisiv300-linux-ar
ac_cv_prog_AWK=gawk
ac_cv_prog_CC=arm-hisiv300-linux-gcc
ac_cv_prog_CPP='arm-hisiv300-linux-gcc -E'
ac_cv_prog_MAKE=make
ac_cv_prog_OBJDUMP=arm-hisiv300-linux-objdump
ac_cv_prog_RANLIB=arm-hisiv300-linux-ranlib
ac_cv_prog_STRIP=arm-hisiv300-linux-strip
ac_cv_prog_cc_c89=
ac_cv_prog_cc_g=yes
ac_cv_safe_to_define___extensions__=yes
ac_cv_search_zlibVersion=no
ac_cv_target=arm-hisiv300-linux-gnu
ac_cv_type_signal=void
am_cv_CC_dependencies_compiler_type=gcc3
lt_cv_archive_cmds_need_lc=no
lt_cv_deplibs_check_method=pass_all
lt_cv_dlopen=dlopen
lt_cv_dlopen_libs=-ldl
lt_cv_dlopen_self=cross
lt_cv_file_magic_cmd='$MAGIC_CMD'
lt_cv_file_magic_test_file=
lt_cv_ld_reload_flag=-r
lt_cv_nm_interface='BSD nm'
lt_cv_objdir=.libs
lt_cv_path_LD=/opt/hisi-linux/x86-arm/arm-hisiv300-linux/bin/../lib/gcc/arm-hisiv300-linux-uclibcgnueabi/4.8.3/../../../../arm-hisiv300-linux-uclibcgnueabi/bin/ld
lt_cv_path_NM=arm-hisiv300-linux-nm
lt_cv_prog_compiler_c_o=yes
lt_cv_prog_compiler_pic_works=yes
lt_cv_prog_compiler_rtti_exceptions=no
lt_cv_prog_compiler_static_works=yes
lt_cv_prog_gnu_ld=yes
lt_cv_shlibpath_overrides_runpath=no
lt_cv_sys_global_symbol_pipe='sed -n -e '\''s/^.*[	 ]\([ABCDGIRSTW][ABCDGIRSTW]*\)[	 ][	 ]*\([_A-Za-z][_A-Za-z0-9]*\)$/\1 \2 \2/p'\'''
lt_cv_sys_global_symbol_to_c_name_address='sed -n -e '\''s/^: \([^ ]*\) $/  {\"\1\", (void *) 0},/p'\'' -e '\''s/^[ABCDGIRSTW]* \([^ ]*\) \([^ ]*\)$/  {"\2", (void *) \&\2},/p'\'''
lt_cv_sys_global_symbol_to_c_name_address_lib_prefix='sed -n -e '\''s/^: \([^ ]*\) $/  {\"\1\", (void *) 0},/p'\'' -e '\''s/^[ABCDGIRSTW]* \([^ ]*\) \(lib[^ ]*\)$/  {"\2", (void *) \&\2},/p'\'' -e '\''s/^[ABCDGIRSTW]* \([^ ]*\) \([^ ]*\)$/  {"lib\2", (void *) \&\2},/p'\'''
lt_cv_sys_global_symbol_to_cdecl='sed -n -e '\''s/^T .* \(.*\)$/extern int \1();/p'\'' -e '\''s/^[ABCDGIRSTW]* .* \(.*\)$/extern char \1;/p'\'''
lt_cv_sys_max_cmd_len=1572864

## ----------------- ##
## Output variables. ##
## ----------------- ##

AR='arm-hisiv300-linux-ar'
AWK='gawk'
CATALOGS=''
CATOBJEXT='.gmo'
CC='arm-hisiv300-linux-gcc'
CCDEPMODE='depmode=gcc3'
CC_FOR_BUILD='gcc'
CFLAGS='-march=armv5te -mcpu=arm926ej-s'
COPRO='armcopro.o maverick.o iwmmxt.o'
CPP='arm-hisiv300-linux-gcc -E'
CPPFLAGS=''
DATADIRNAME='share'
DEFS='-DHAVE_CONFIG_H'
DEPDIR='.deps'
DSYMUTIL=''
DUMPBIN=''
ECHO_C=''
ECHO_N='-n'
ECHO_T=''
EGREP='/bin/grep -E'
EXEEXT=''
FGREP='/bin/grep -F'
GENCAT='gencat'
GMAKE_FALSE='#'
GMAKE_TRUE=''
GMSGFMT='/usr/bin/msgfmt'
GREP='/bin/grep'
HDEFINES=''
INCINTL='-I${top_builddir}/../intl'
INSTALL_DATA='/usr/bin/install -c -m 644'
INSTALL_PROGRAM='/usr/bin/install -c'
INSTALL_SCRIPT='/usr/bin/install -c'
INSTOBJEXT='.mo'
LD='/opt/hisi-linux/x86-arm/arm-hisiv300-linux/bin/../lib/gcc/arm-hisiv300-linux-uclibcgnueabi/4.8.3/../../../../arm-hisiv300-linux-uclibcgnueabi/bin/ld'
LDFLAGS='-static-libstdc++ -static-libgcc -L/new/Hi3518E/Hi3518E_SDK_V1.0.3.0/Hi3518E_SDK_V1.0.3.0/osdrv/tools/board/gdb/inst/lib'
LIBINTL='${top_builddir}/../intl/libintl.a'
LIBINTL_DEP='${top_builddir}/../intl/libintl.a'
LIBOBJS=''
LIBS='-lnsl '
LIBTOOL='$(SHELL) $(top_builddir)/libtool'
LIPO=''
LN_S='ln -s'
LTLIBOBJS=''
MAINT='#'
MAKE='make'
NM='arm-hisiv300-linux-nm'
NMEDIT=''
OBJDUMP='arm-hisiv300-linux-objdump'
OBJEXT='o'
OTOOL64=''
OTOOL=''
PACKAGE='sim'
PACKAGE_BUGREPORT=''
PACKAGE_NAME=''
PACKAGE_STRING=''
PACKAGE_TARNAME=''
PACKAGE_URL=''
PACKAGE_VERSION=''
PATH_SEPARATOR=':'
PKGVERSION='(GDB) '
PLUGINS_FALSE=''
PLUGINS_TRUE='#'
POSUB='po'
RANLIB='arm-hisiv300-linux-ranlib'
REPORT_BUGS_TEXI='@uref{http://www.gnu.org/software/gdb/bugs/}'
REPORT_BUGS_TO='<http://www.gnu.org/software/gdb/bugs/>'
SED='/bin/sed'
SHELL='/bin/sh'
STRIP='arm-hisiv300-linux-strip'
USE_NLS='yes'
WARN_CFLAGS=''
WERROR_CFLAGS=''
XGETTEXT='/usr/bin/xgettext'
ac_ct_CC=''
ac_ct_DUMPBIN=''
am__leading_dot='.'
bindir='${exec_prefix}/bin'
build='i686-pc-linux-gnu'
build_alias='i686-pc-linux-gnu'
build_cpu='i686'
build_os='linux-gnu'
build_vendor='pc'
cgen_breaks=''
datadir='${datarootdir}'
datarootdir='${prefix}/share'
docdir='${datarootdir}/doc/${PACKAGE}'
dvidir='${docdir}'
exec_prefix='${prefix}'
host='arm-hisiv300-linux-gnu'
host_alias='arm-hisiv300-linux'
host_cpu='arm'
host_os='linux-gnu'
host_vendor='hisiv300'
htmldir='${docdir}'
includedir='${prefix}/include'
infodir='${datarootdir}/info'
libdir='${exec_prefix}/lib'
libexecdir='${exec_prefix}/libexec'
localedir='${datarootdir}/locale'
localstatedir='${prefix}/var'
lt_cv_dlopen_libs='-ldl'
mandir='${datarootdir}/man'
oldincludedir='/usr/include'
pdfdir='${docdir}'
prefix='/new/Hi3518E/Hi3518E_SDK_V1.0.3.0/Hi3518E_SDK_V1.0.3.0/osdrv/tools/board/gdb/bin'
program_transform_name='s,y,y,'
psdir='${docdir}'
sbindir='${exec_prefix}/sbin'
sharedstatedir='${prefix}/com'
sim_alignment=''
sim_assert=''
sim_bitsize=''
sim_bswap=''
sim_cflags=''
sim_debug=''
sim_default_model=''
sim_endian=''
sim_environment=''
sim_float=''
sim_hostendian=''
sim_hw=''
sim_hw_cflags=''
sim_hw_objs=''
sim_inline='-DDEFAULT_INLINE=0'
sim_packages=''
sim_profile='-DPROFILE=1 -DWITH_PROFILE=-1'
sim_regparm=''
sim_reserved_bits=''
sim_scache=''
sim_smp=''
sim_stdcall=''
sim_stdio=''
sim_trace=''
sim_xor_endian=''
sysconfdir='${prefix}/etc'
target='arm-hisiv300-linux-gnu'
target_alias='arm-hisiv300-linux'
target_cpu='arm'
target_os='linux-gnu'
target_vendor='hisiv300'

## ----------- ##
## confdefs.h. ##
## ----------- ##

/* confdefs.h */
#define PACKAGE_NAME ""
#define PACKAGE_TARNAME ""
#define PACKAGE_VERSION ""
#define PACKAGE_STRING ""
#define PACKAGE_BUGREPORT ""
#define PACKAGE_URL ""
#define STDC_HEADERS 1
#define HAVE_SYS_TYPES_H 1
#define HAVE_SYS_STAT_H 1
#define HAVE_STDLIB_H 1
#define HAVE_STRING_H 1
#define HAVE_MEMORY_H 1
#define HAVE_STRINGS_H 1
#define HAVE_INTTYPES_H 1
#define HAVE_STDINT_H 1
#define HAVE_UNISTD_H 1
#define __EXTENSIONS__ 1
#define _ALL_SOURCE 1
#define _GNU_SOURCE 1
#define _POSIX_PTHREAD_SEMANTICS 1
#define _TANDEM_SOURCE 1
#define HAVE_DLFCN_H 1
#define PACKAGE "sim"
#define ENABLE_NLS 1
#define HAVE_STDLIB_H 1
#define HAVE_STRING_H 1
#define HAVE_STRINGS_H 1
#define HAVE_UNISTD_H 1
#define HAVE_TIME_H 1
#define HAVE_SYS_TIME_H 1
#define HAVE_SYS_RESOURCE_H 1
#define HAVE_FCNTL_H 1
#define HAVE_FPU_CONTROL_H 1
#define HAVE_DLFCN_H 1
#define HAVE_ERRNO_H 1
#define HAVE_SYS_STAT_H 1
#define HAVE_GETRUSAGE 1
#define HAVE_TIME 1
#define HAVE_SIGACTION 1
#define HAVE_LIBNSL 1
#define LT_OBJDIR ".libs/"
#define PKGVERSION "(GDB) "
#define REPORT_BUGS_TO "<http://www.gnu.org/software/gdb/bugs/>"
#define RETSIGTYPE void
#define HAVE_UNISTD_H 1
#define HAVE_STDINT_H 1

configure: exit 0
